javax.net.ssl|DEBUG|10|main|2023-08-30 14:56:39.269 WIB|SSLCipher.java:466|jdk.tls.keyLimits:  entry = AES/GCM/NoPadding KeyUpdate 2^37. AES/GCM/NOPADDING:KEYUPDATE = 137438953472
javax.net.ssl|ALL|F1|epollEventLoopGroup-4-1|2023-08-30 14:56:40.054 WIB|X509Authentication.java:304|No X.509 cert selected for EC
javax.net.ssl|ALL|F1|epollEventLoopGroup-4-1|2023-08-30 14:56:40.054 WIB|X509Authentication.java:304|No X.509 cert selected for EdDSA
javax.net.ssl|ALL|10|main|2023-08-30 14:56:40.349 WIB|X509Authentication.java:249|No X.509 cert selected for EC
javax.net.ssl|ALL|10|main|2023-08-30 14:56:40.350 WIB|X509Authentication.java:249|No X.509 cert selected for EC
javax.net.ssl|ALL|10|main|2023-08-30 14:56:40.351 WIB|X509Authentication.java:249|No X.509 cert selected for EC
javax.net.ssl|ALL|10|main|2023-08-30 14:56:40.352 WIB|X509Authentication.java:249|No X.509 cert selected for EdDSA
javax.net.ssl|ALL|10|main|2023-08-30 14:56:40.353 WIB|X509Authentication.java:249|No X.509 cert selected for EdDSA
javax.net.ssl|ALL|F1|epollEventLoopGroup-4-1|2023-08-30 14:56:40.517 WIB|SSLEngineImpl.java:825|Closing outbound of SSLEngine
javax.net.ssl|WARNING|F1|epollEventLoopGroup-4-1|2023-08-30 14:56:40.518 WIB|SSLEngineOutputRecord.java:182|outbound has closed, ignore outbound application data
javax.net.ssl|DEBUG|10|main|2023-08-30 14:56:40.520 WIB|Alert.java:238|Received alert message (
"Alert": {
  "level"      : "warning",
  "description": "close_notify"
}
)
javax.net.ssl|DEBUG|10|main|2023-08-30 14:56:40.522 WIB|SSLSocketImpl.java:577|duplex close of SSLSocket
javax.net.ssl|DEBUG|10|main|2023-08-30 14:56:40.522 WIB|SSLSocketImpl.java:1755|close the underlying socket
javax.net.ssl|DEBUG|10|main|2023-08-30 14:56:40.523 WIB|SSLSocketImpl.java:1781|close the SSL connection (passive)
javax.net.ssl|DEBUG|10|main|2023-08-30 14:56:40.523 WIB|SSLSocketImpl.java:833|close inbound of SSLSocket
javax.net.ssl|WARNING|10|main|2023-08-30 14:56:40.532 WIB|SSLSocketImpl.java:595|SSLSocket duplex close failed. Debug info only. Exception details: (
"throwable" : {
  java.net.SocketException: Socket is closed
  	at java.base/java.net.Socket.shutdownInput(Socket.java:1601)
  	at java.base/sun.security.ssl.BaseSSLSocketImpl.shutdownInput(BaseSSLSocketImpl.java:217)
  	at java.base/sun.security.ssl.SSLSocketImpl.shutdownInput(SSLSocketImpl.java:849)
  	at java.base/sun.security.ssl.SSLSocketImpl.bruteForceCloseInput(SSLSocketImpl.java:798)
  	at java.base/sun.security.ssl.SSLSocketImpl.duplexCloseInput(SSLSocketImpl.java:775)
  	at java.base/sun.security.ssl.SSLSocketImpl.close(SSLSocketImpl.java:589)
  	at org.apache.zookeeper.client.FourLetterWordMain.send4LetterWord(FourLetterWordMain.java:138)
  	at org.apache.zookeeper.client.FourLetterWordMain.send4LetterWord(FourLetterWordMain.java:74)
  	at org.apache.zookeeper.test.ClientBase.waitForServerUp(ClientBase.java:266)
  	at org.apache.zookeeper.test.ClientBase.startServerInstance(ClientBase.java:408)
  	at org.apache.zookeeper.test.ClientBase.startServer(ClientBase.java:524)
  	at org.apache.zookeeper.test.ClientBase.setUpWithServerId(ClientBase.java:507)
  	at org.apache.zookeeper.test.ClientBase.setUp(ClientBase.java:482)
  	at org.apache.zookeeper.test.SSLAuthTest.setUp(SSLAuthTest.java:78)
  	at java.base/jdk.internal.reflect.NativeMethodAccessorImpl.invoke0(Native Method)
  	at java.base/jdk.internal.reflect.NativeMethodAccessorImpl.invoke(NativeMethodAccessorImpl.java:77)
  	at java.base/jdk.internal.reflect.DelegatingMethodAccessorImpl.invoke(DelegatingMethodAccessorImpl.java:43)
  	at java.base/java.lang.reflect.Method.invoke(Method.java:568)
  	at org.junit.platform.commons.util.ReflectionUtils.invokeMethod(ReflectionUtils.java:688)
  	at org.junit.jupiter.engine.execution.MethodInvocation.proceed(MethodInvocation.java:60)
  	at org.junit.jupiter.engine.execution.InvocationInterceptorChain$ValidatingInvocation.proceed(InvocationInterceptorChain.java:131)
  	at org.junit.jupiter.engine.extension.TimeoutExtension.intercept(TimeoutExtension.java:149)
  	at org.junit.jupiter.engine.extension.TimeoutExtension.interceptLifecycleMethod(TimeoutExtension.java:126)
  	at org.junit.jupiter.engine.extension.TimeoutExtension.interceptBeforeEachMethod(TimeoutExtension.java:76)
  	at org.junit.jupiter.engine.execution.ExecutableInvoker$ReflectiveInterceptorCall.lambda$ofVoidMethod$0(ExecutableInvoker.java:115)
  	at org.junit.jupiter.engine.execution.ExecutableInvoker.lambda$invoke$0(ExecutableInvoker.java:105)
  	at org.junit.jupiter.engine.execution.InvocationInterceptorChain$InterceptedInvocation.proceed(InvocationInterceptorChain.java:106)
  	at org.junit.jupiter.engine.execution.InvocationInterceptorChain.proceed(InvocationInterceptorChain.java:64)
  	at org.junit.jupiter.engine.execution.InvocationInterceptorChain.chainAndInvoke(InvocationInterceptorChain.java:45)
  	at org.junit.jupiter.engine.execution.InvocationInterceptorChain.invoke(InvocationInterceptorChain.java:37)
  	at org.junit.jupiter.engine.execution.ExecutableInvoker.invoke(ExecutableInvoker.java:104)
  	at org.junit.jupiter.engine.execution.ExecutableInvoker.invoke(ExecutableInvoker.java:98)
  	at org.junit.jupiter.engine.descriptor.ClassBasedTestDescriptor.invokeMethodInExtensionContext(ClassBasedTestDescriptor.java:481)
  	at org.junit.jupiter.engine.descriptor.ClassBasedTestDescriptor.lambda$synthesizeBeforeEachMethodAdapter$18(ClassBasedTestDescriptor.java:466)
  	at org.junit.jupiter.engine.descriptor.TestMethodTestDescriptor.lambda$invokeBeforeEachMethods$2(TestMethodTestDescriptor.java:169)
  	at org.junit.jupiter.engine.descriptor.TestMethodTestDescriptor.lambda$invokeBeforeMethodsOrCallbacksUntilExceptionOccurs$5(TestMethodTestDescriptor.java:197)
  	at org.junit.platform.engine.support.hierarchical.ThrowableCollector.execute(ThrowableCollector.java:73)
  	at org.junit.jupiter.engine.descriptor.TestMethodTestDescriptor.invokeBeforeMethodsOrCallbacksUntilExceptionOccurs(TestMethodTestDescriptor.java:197)
  	at org.junit.jupiter.engine.descriptor.TestMethodTestDescriptor.invokeBeforeEachMethods(TestMethodTestDescriptor.java:166)
  	at org.junit.jupiter.engine.descriptor.TestMethodTestDescriptor.execute(TestMethodTestDescriptor.java:133)
  	at org.junit.jupiter.engine.descriptor.TestMethodTestDescriptor.execute(TestMethodTestDescriptor.java:71)
  	at org.junit.platform.engine.support.hierarchical.NodeTestTask.lambda$executeRecursively$5(NodeTestTask.java:135)
  	at org.junit.platform.engine.support.hierarchical.ThrowableCollector.execute(ThrowableCollector.java:73)
  	at org.junit.platform.engine.support.hierarchical.NodeTestTask.lambda$executeRecursively$7(NodeTestTask.java:125)
  	at org.junit.platform.engine.support.hierarchical.Node.around(Node.java:135)
  	at org.junit.platform.engine.support.hierarchical.NodeTestTask.lambda$executeRecursively$8(NodeTestTask.java:123)
  	at org.junit.platform.engine.support.hierarchical.ThrowableCollector.execute(ThrowableCollector.java:73)
  	at org.junit.platform.engine.support.hierarchical.NodeTestTask.executeRecursively(NodeTestTask.java:122)
  	at org.junit.platform.engine.support.hierarchical.NodeTestTask.execute(NodeTestTask.java:80)
  	at java.base/java.util.ArrayList.forEach(ArrayList.java:1511)
  	at org.junit.platform.engine.support.hierarchical.SameThreadHierarchicalTestExecutorService.invokeAll(SameThreadHierarchicalTestExecutorService.java:38)
  	at org.junit.platform.engine.support.hierarchical.NodeTestTask.lambda$executeRecursively$5(NodeTestTask.java:139)
  	at org.junit.platform.engine.support.hierarchical.ThrowableCollector.execute(ThrowableCollector.java:73)
  	at org.junit.platform.engine.support.hierarchical.NodeTestTask.lambda$executeRecursively$7(NodeTestTask.java:125)
  	at org.junit.platform.engine.support.hierarchical.Node.around(Node.java:135)
  	at org.junit.platform.engine.support.hierarchical.NodeTestTask.lambda$executeRecursively$8(NodeTestTask.java:123)
  	at org.junit.platform.engine.support.hierarchical.ThrowableCollector.execute(ThrowableCollector.java:73)
  	at org.junit.platform.engine.support.hierarchical.NodeTestTask.executeRecursively(NodeTestTask.java:122)
  	at org.junit.platform.engine.support.hierarchical.NodeTestTask.execute(NodeTestTask.java:80)
  	at java.base/java.util.ArrayList.forEach(ArrayList.java:1511)
  	at org.junit.platform.engine.support.hierarchical.SameThreadHierarchicalTestExecutorService.invokeAll(SameThreadHierarchicalTestExecutorService.java:38)
  	at org.junit.platform.engine.support.hierarchical.NodeTestTask.lambda$executeRecursively$5(NodeTestTask.java:139)
  	at org.junit.platform.engine.support.hierarchical.ThrowableCollector.execute(ThrowableCollector.java:73)
  	at org.junit.platform.engine.support.hierarchical.NodeTestTask.lambda$executeRecursively$7(NodeTestTask.java:125)
  	at org.junit.platform.engine.support.hierarchical.Node.around(Node.java:135)
  	at org.junit.platform.engine.support.hierarchical.NodeTestTask.lambda$executeRecursively$8(NodeTestTask.java:123)
  	at org.junit.platform.engine.support.hierarchical.ThrowableCollector.execute(ThrowableCollector.java:73)
  	at org.junit.platform.engine.support.hierarchical.NodeTestTask.executeRecursively(NodeTestTask.java:122)
  	at org.junit.platform.engine.support.hierarchical.NodeTestTask.execute(NodeTestTask.java:80)
  	at org.junit.platform.engine.support.hierarchical.SameThreadHierarchicalTestExecutorService.submit(SameThreadHierarchicalTestExecutorService.java:32)
  	at org.junit.platform.engine.support.hierarchical.HierarchicalTestExecutor.execute(HierarchicalTestExecutor.java:57)
  	at org.junit.platform.engine.support.hierarchical.HierarchicalTestEngine.execute(HierarchicalTestEngine.java:51)
  	at org.junit.platform.launcher.core.DefaultLauncher.execute(DefaultLauncher.java:248)
  	at org.junit.platform.launcher.core.DefaultLauncher.lambda$execute$5(DefaultLauncher.java:211)
  	at org.junit.platform.launcher.core.DefaultLauncher.withInterceptedStreams(DefaultLauncher.java:226)
  	at org.junit.platform.launcher.core.DefaultLauncher.execute(DefaultLauncher.java:199)
  	at org.junit.platform.launcher.core.DefaultLauncher.execute(DefaultLauncher.java:132)
  	at org.apache.maven.surefire.junitplatform.JUnitPlatformProvider.invokeAllTests(JUnitPlatformProvider.java:142)
  	at org.apache.maven.surefire.junitplatform.JUnitPlatformProvider.invoke(JUnitPlatformProvider.java:113)
  	at org.apache.maven.surefire.booter.ForkedBooter.invokeProviderInSameClassLoader(ForkedBooter.java:384)
  	at org.apache.maven.surefire.booter.ForkedBooter.runSuitesInProcess(ForkedBooter.java:345)
  	at org.apache.maven.surefire.booter.ForkedBooter.execute(ForkedBooter.java:126)
  	at org.apache.maven.surefire.booter.ForkedBooter.main(ForkedBooter.java:418)}

)
javax.net.ssl|ALL|10|main|2023-08-30 14:56:40.541 WIB|SSLSocketImpl.java:1135|Closing input stream
2023-08-30 14:56:40,591 [myid:] - ERROR [main-SendThread():o.a.z.ClientCnxn$SendThread@1179] - [wasabi] Retry Loop 03 is called. MaxDuration : 10000
javax.net.ssl|ALL|22|epollEventLoopGroup-5-1|2023-08-30 14:56:40.684 WIB|SSLEngineImpl.java:825|Closing outbound of SSLEngine
javax.net.ssl|ALL|22|epollEventLoopGroup-5-1|2023-08-30 14:56:40.688 WIB|SSLEngineImpl.java:786|Closing inbound of SSLEngine
javax.net.ssl|ALL|24|epollEventLoopGroup-8-1|2023-08-30 14:56:42.040 WIB|X509Authentication.java:304|No X.509 cert selected for EC
javax.net.ssl|ALL|24|epollEventLoopGroup-8-1|2023-08-30 14:56:42.046 WIB|X509Authentication.java:304|No X.509 cert selected for EdDSA
javax.net.ssl|DEBUG|30|Finalizer|2023-08-30 14:56:42.220 WIB|SSLSocketImpl.java:577|duplex close of SSLSocket
javax.net.ssl|DEBUG|30|Finalizer|2023-08-30 14:56:42.220 WIB|SSLSocketImpl.java:1781|close the SSL connection (passive)
javax.net.ssl|DEBUG|30|Finalizer|2023-08-30 14:56:42.221 WIB|SSLSocketImpl.java:577|duplex close of SSLSocket
javax.net.ssl|ALL|10|main|2023-08-30 14:56:42.221 WIB|X509Authentication.java:249|No X.509 cert selected for EC
javax.net.ssl|DEBUG|30|Finalizer|2023-08-30 14:56:42.222 WIB|SSLSocketImpl.java:1781|close the SSL connection (passive)
javax.net.ssl|ALL|10|main|2023-08-30 14:56:42.222 WIB|X509Authentication.java:249|No X.509 cert selected for EC
javax.net.ssl|DEBUG|30|Finalizer|2023-08-30 14:56:42.222 WIB|SSLSocketImpl.java:577|duplex close of SSLSocket
javax.net.ssl|DEBUG|30|Finalizer|2023-08-30 14:56:42.222 WIB|SSLSocketImpl.java:1781|close the SSL connection (passive)
javax.net.ssl|ALL|10|main|2023-08-30 14:56:42.222 WIB|X509Authentication.java:249|No X.509 cert selected for EC
javax.net.ssl|DEBUG|30|Finalizer|2023-08-30 14:56:42.223 WIB|SSLSocketImpl.java:577|duplex close of SSLSocket
javax.net.ssl|ALL|10|main|2023-08-30 14:56:42.223 WIB|X509Authentication.java:249|No X.509 cert selected for EdDSA
javax.net.ssl|DEBUG|30|Finalizer|2023-08-30 14:56:42.223 WIB|SSLSocketImpl.java:1781|close the SSL connection (passive)
javax.net.ssl|ALL|10|main|2023-08-30 14:56:42.223 WIB|X509Authentication.java:249|No X.509 cert selected for EdDSA
javax.net.ssl|ALL|24|epollEventLoopGroup-8-1|2023-08-30 14:56:42.315 WIB|SSLEngineImpl.java:825|Closing outbound of SSLEngine
javax.net.ssl|WARNING|24|epollEventLoopGroup-8-1|2023-08-30 14:56:42.316 WIB|SSLEngineOutputRecord.java:182|outbound has closed, ignore outbound application data
javax.net.ssl|DEBUG|10|main|2023-08-30 14:56:42.322 WIB|Alert.java:238|Received alert message (
"Alert": {
  "level"      : "warning",
  "description": "close_notify"
}
)
javax.net.ssl|DEBUG|10|main|2023-08-30 14:56:42.334 WIB|SSLSocketImpl.java:577|duplex close of SSLSocket
javax.net.ssl|DEBUG|10|main|2023-08-30 14:56:42.335 WIB|SSLSocketImpl.java:1755|close the underlying socket
javax.net.ssl|DEBUG|10|main|2023-08-30 14:56:42.339 WIB|SSLSocketImpl.java:1781|close the SSL connection (passive)
javax.net.ssl|DEBUG|10|main|2023-08-30 14:56:42.340 WIB|SSLSocketImpl.java:833|close inbound of SSLSocket
javax.net.ssl|WARNING|10|main|2023-08-30 14:56:42.366 WIB|SSLSocketImpl.java:595|SSLSocket duplex close failed. Debug info only. Exception details: (
"throwable" : {
  java.net.SocketException: Socket is closed
  	at java.base/java.net.Socket.shutdownInput(Socket.java:1601)
  	at java.base/sun.security.ssl.BaseSSLSocketImpl.shutdownInput(BaseSSLSocketImpl.java:217)
  	at java.base/sun.security.ssl.SSLSocketImpl.shutdownInput(SSLSocketImpl.java:849)
  	at java.base/sun.security.ssl.SSLSocketImpl.bruteForceCloseInput(SSLSocketImpl.java:798)
  	at java.base/sun.security.ssl.SSLSocketImpl.duplexCloseInput(SSLSocketImpl.java:775)
  	at java.base/sun.security.ssl.SSLSocketImpl.close(SSLSocketImpl.java:589)
  	at org.apache.zookeeper.client.FourLetterWordMain.send4LetterWord(FourLetterWordMain.java:138)
  	at org.apache.zookeeper.client.FourLetterWordMain.send4LetterWord(FourLetterWordMain.java:74)
  	at org.apache.zookeeper.test.ClientBase.waitForServerUp(ClientBase.java:266)
  	at org.apache.zookeeper.test.ClientBase.startServerInstance(ClientBase.java:408)
  	at org.apache.zookeeper.test.ClientBase.startServer(ClientBase.java:524)
  	at org.apache.zookeeper.test.ClientBase.setUpWithServerId(ClientBase.java:507)
  	at org.apache.zookeeper.test.ClientBase.setUp(ClientBase.java:482)
  	at org.apache.zookeeper.test.SSLAuthTest.setUp(SSLAuthTest.java:78)
  	at java.base/jdk.internal.reflect.NativeMethodAccessorImpl.invoke0(Native Method)
  	at java.base/jdk.internal.reflect.NativeMethodAccessorImpl.invoke(NativeMethodAccessorImpl.java:77)
  	at java.base/jdk.internal.reflect.DelegatingMethodAccessorImpl.invoke(DelegatingMethodAccessorImpl.java:43)
  	at java.base/java.lang.reflect.Method.invoke(Method.java:568)
  	at org.junit.platform.commons.util.ReflectionUtils.invokeMethod(ReflectionUtils.java:688)
  	at org.junit.jupiter.engine.execution.MethodInvocation.proceed(MethodInvocation.java:60)
  	at org.junit.jupiter.engine.execution.InvocationInterceptorChain$ValidatingInvocation.proceed(InvocationInterceptorChain.java:131)
  	at org.junit.jupiter.engine.extension.TimeoutExtension.intercept(TimeoutExtension.java:149)
  	at org.junit.jupiter.engine.extension.TimeoutExtension.interceptLifecycleMethod(TimeoutExtension.java:126)
  	at org.junit.jupiter.engine.extension.TimeoutExtension.interceptBeforeEachMethod(TimeoutExtension.java:76)
  	at org.junit.jupiter.engine.execution.ExecutableInvoker$ReflectiveInterceptorCall.lambda$ofVoidMethod$0(ExecutableInvoker.java:115)
  	at org.junit.jupiter.engine.execution.ExecutableInvoker.lambda$invoke$0(ExecutableInvoker.java:105)
  	at org.junit.jupiter.engine.execution.InvocationInterceptorChain$InterceptedInvocation.proceed(InvocationInterceptorChain.java:106)
  	at org.junit.jupiter.engine.execution.InvocationInterceptorChain.proceed(InvocationInterceptorChain.java:64)
  	at org.junit.jupiter.engine.execution.InvocationInterceptorChain.chainAndInvoke(InvocationInterceptorChain.java:45)
  	at org.junit.jupiter.engine.execution.InvocationInterceptorChain.invoke(InvocationInterceptorChain.java:37)
  	at org.junit.jupiter.engine.execution.ExecutableInvoker.invoke(ExecutableInvoker.java:104)
  	at org.junit.jupiter.engine.execution.ExecutableInvoker.invoke(ExecutableInvoker.java:98)
  	at org.junit.jupiter.engine.descriptor.ClassBasedTestDescriptor.invokeMethodInExtensionContext(ClassBasedTestDescriptor.java:481)
  	at org.junit.jupiter.engine.descriptor.ClassBasedTestDescriptor.lambda$synthesizeBeforeEachMethodAdapter$18(ClassBasedTestDescriptor.java:466)
  	at org.junit.jupiter.engine.descriptor.TestMethodTestDescriptor.lambda$invokeBeforeEachMethods$2(TestMethodTestDescriptor.java:169)
  	at org.junit.jupiter.engine.descriptor.TestMethodTestDescriptor.lambda$invokeBeforeMethodsOrCallbacksUntilExceptionOccurs$5(TestMethodTestDescriptor.java:197)
  	at org.junit.platform.engine.support.hierarchical.ThrowableCollector.execute(ThrowableCollector.java:73)
  	at org.junit.jupiter.engine.descriptor.TestMethodTestDescriptor.invokeBeforeMethodsOrCallbacksUntilExceptionOccurs(TestMethodTestDescriptor.java:197)
  	at org.junit.jupiter.engine.descriptor.TestMethodTestDescriptor.invokeBeforeEachMethods(TestMethodTestDescriptor.java:166)
  	at org.junit.jupiter.engine.descriptor.TestMethodTestDescriptor.execute(TestMethodTestDescriptor.java:133)
  	at org.junit.jupiter.engine.descriptor.TestMethodTestDescriptor.execute(TestMethodTestDescriptor.java:71)
  	at org.junit.platform.engine.support.hierarchical.NodeTestTask.lambda$executeRecursively$5(NodeTestTask.java:135)
  	at org.junit.platform.engine.support.hierarchical.ThrowableCollector.execute(ThrowableCollector.java:73)
  	at org.junit.platform.engine.support.hierarchical.NodeTestTask.lambda$executeRecursively$7(NodeTestTask.java:125)
  	at org.junit.platform.engine.support.hierarchical.Node.around(Node.java:135)
  	at org.junit.platform.engine.support.hierarchical.NodeTestTask.lambda$executeRecursively$8(NodeTestTask.java:123)
  	at org.junit.platform.engine.support.hierarchical.ThrowableCollector.execute(ThrowableCollector.java:73)
  	at org.junit.platform.engine.support.hierarchical.NodeTestTask.executeRecursively(NodeTestTask.java:122)
  	at org.junit.platform.engine.support.hierarchical.NodeTestTask.execute(NodeTestTask.java:80)
  	at java.base/java.util.ArrayList.forEach(ArrayList.java:1511)
  	at org.junit.platform.engine.support.hierarchical.SameThreadHierarchicalTestExecutorService.invokeAll(SameThreadHierarchicalTestExecutorService.java:38)
  	at org.junit.platform.engine.support.hierarchical.NodeTestTask.lambda$executeRecursively$5(NodeTestTask.java:139)
  	at org.junit.platform.engine.support.hierarchical.ThrowableCollector.execute(ThrowableCollector.java:73)
  	at org.junit.platform.engine.support.hierarchical.NodeTestTask.lambda$executeRecursively$7(NodeTestTask.java:125)
  	at org.junit.platform.engine.support.hierarchical.Node.around(Node.java:135)
  	at org.junit.platform.engine.support.hierarchical.NodeTestTask.lambda$executeRecursively$8(NodeTestTask.java:123)
  	at org.junit.platform.engine.support.hierarchical.ThrowableCollector.execute(ThrowableCollector.java:73)
  	at org.junit.platform.engine.support.hierarchical.NodeTestTask.executeRecursively(NodeTestTask.java:122)
  	at org.junit.platform.engine.support.hierarchical.NodeTestTask.execute(NodeTestTask.java:80)
  	at java.base/java.util.ArrayList.forEach(ArrayList.java:1511)
  	at org.junit.platform.engine.support.hierarchical.SameThreadHierarchicalTestExecutorService.invokeAll(SameThreadHierarchicalTestExecutorService.java:38)
  	at org.junit.platform.engine.support.hierarchical.NodeTestTask.lambda$executeRecursively$5(NodeTestTask.java:139)
  	at org.junit.platform.engine.support.hierarchical.ThrowableCollector.execute(ThrowableCollector.java:73)
  	at org.junit.platform.engine.support.hierarchical.NodeTestTask.lambda$executeRecursively$7(NodeTestTask.java:125)
  	at org.junit.platform.engine.support.hierarchical.Node.around(Node.java:135)
  	at org.junit.platform.engine.support.hierarchical.NodeTestTask.lambda$executeRecursively$8(NodeTestTask.java:123)
  	at org.junit.platform.engine.support.hierarchical.ThrowableCollector.execute(ThrowableCollector.java:73)
  	at org.junit.platform.engine.support.hierarchical.NodeTestTask.executeRecursively(NodeTestTask.java:122)
  	at org.junit.platform.engine.support.hierarchical.NodeTestTask.execute(NodeTestTask.java:80)
  	at org.junit.platform.engine.support.hierarchical.SameThreadHierarchicalTestExecutorService.submit(SameThreadHierarchicalTestExecutorService.java:32)
  	at org.junit.platform.engine.support.hierarchical.HierarchicalTestExecutor.execute(HierarchicalTestExecutor.java:57)
  	at org.junit.platform.engine.support.hierarchical.HierarchicalTestEngine.execute(HierarchicalTestEngine.java:51)
  	at org.junit.platform.launcher.core.DefaultLauncher.execute(DefaultLauncher.java:248)
  	at org.junit.platform.launcher.core.DefaultLauncher.lambda$execute$5(DefaultLauncher.java:211)
  	at org.junit.platform.launcher.core.DefaultLauncher.withInterceptedStreams(DefaultLauncher.java:226)
  	at org.junit.platform.launcher.core.DefaultLauncher.execute(DefaultLauncher.java:199)
  	at org.junit.platform.launcher.core.DefaultLauncher.execute(DefaultLauncher.java:132)
  	at org.apache.maven.surefire.junitplatform.JUnitPlatformProvider.invokeAllTests(JUnitPlatformProvider.java:142)
  	at org.apache.maven.surefire.junitplatform.JUnitPlatformProvider.invoke(JUnitPlatformProvider.java:113)
  	at org.apache.maven.surefire.booter.ForkedBooter.invokeProviderInSameClassLoader(ForkedBooter.java:384)
  	at org.apache.maven.surefire.booter.ForkedBooter.runSuitesInProcess(ForkedBooter.java:345)
  	at org.apache.maven.surefire.booter.ForkedBooter.execute(ForkedBooter.java:126)
  	at org.apache.maven.surefire.booter.ForkedBooter.main(ForkedBooter.java:418)}

)
javax.net.ssl|ALL|10|main|2023-08-30 14:56:42.379 WIB|SSLSocketImpl.java:1135|Closing input stream
2023-08-30 14:56:42,416 [myid:] - ERROR [main-SendThread():o.a.z.ClientCnxn$SendThread@1179] - [wasabi] Retry Loop 03 is called. MaxDuration : 10000
javax.net.ssl|ALL|22|epollEventLoopGroup-5-1|2023-08-30 14:56:42.626 WIB|SSLEngineImpl.java:825|Closing outbound of SSLEngine
