<?xml version="1.0" encoding="UTF-8"?>
<testsuite xmlns:xsi="http://www.w3.org/2001/XMLSchema-instance" xsi:noNamespaceSchemaLocation="https://maven.apache.org/surefire/maven-surefire-plugin/xsd/surefire-test-report-3.0.xsd" version="3.0" name="org.apache.zookeeper.test.NettyNettySuiteTest" time="335.514" tests="111" errors="0" skipped="0" failures="0">
  <properties>
[...]
</properties>
  <testcase name="testNettyIpAuthDefault()" classname="ACLTest" time="0.61">
    <system-out><![CDATA[2023-09-03 22:28:09,015 [myid:] - ERROR [main:o.w.l.WasabiListener5@16] - Creation of WasabiListener5
2023-09-03 22:28:09,987 [myid:] - ERROR [main:o.w.l.WasabiListener5@22] - [WASABISTART]
2023-09-03 22:28:09,988 [myid:] - ERROR [main:o.w.l.WasabiListener5@23] - [wasabi] testNettyIpAuthDefault() is started
2023-09-03 22:28:10,543 [myid:] - ERROR [main-SendThread():o.a.z.ClientCnxn$SendThread@1179] - [wasabi] Retry Loop 03 is called. MaxDuration : 10000
2023-09-03 22:28:10,599 [myid:] - ERROR [main:o.w.l.WasabiListener5@30] - [wasabi] testNettyIpAuthDefault() is finished
2023-09-03 22:28:10,599 [myid:] - ERROR [main:o.w.l.WasabiListener5@31] - [WASABIEND]
]]></system-out>
    <system-err><![CDATA[SLF4J: Class path contains multiple SLF4J bindings.
SLF4J: Found binding in [jar:file:/home/asus/.m2/repository/ch/qos/logback/logback-classic/1.2.10/logback-classic-1.2.10.jar!/org/slf4j/impl/StaticLoggerBinder.class]
SLF4J: Found binding in [jar:file:/home/asus/.m2/repository/org/apache/logging/log4j/log4j-slf4j-impl/2.18.0/log4j-slf4j-impl-2.18.0.jar!/org/slf4j/impl/StaticLoggerBinder.class]
SLF4J: See http://www.slf4j.org/codes.html#multiple_bindings for an explanation.
SLF4J: Actual binding is of type [ch.qos.logback.classic.util.ContextSelectorStaticBinder]
]]></system-err>
  </testcase>
  <testcase name="testAcls()" classname="ACLTest" time="0.971">
    <system-out><![CDATA[2023-09-03 22:28:10,601 [myid:] - ERROR [main:o.w.l.WasabiListener5@22] - [WASABISTART]
2023-09-03 22:28:10,601 [myid:] - ERROR [main:o.w.l.WasabiListener5@23] - [wasabi] testAcls() is started
2023-09-03 22:28:10,618 [myid:] - ERROR [main-SendThread():o.a.z.ClientCnxn$SendThread@1179] - [wasabi] Retry Loop 03 is called. MaxDuration : 10000
2023-09-03 22:28:11,438 [myid:] - ERROR [main-SendThread():o.a.z.ClientCnxn$SendThread@1179] - [wasabi] Retry Loop 03 is called. MaxDuration : 10000
2023-09-03 22:28:11,571 [myid:] - ERROR [main:o.w.l.WasabiListener5@30] - [wasabi] testAcls() is finished
2023-09-03 22:28:11,572 [myid:] - ERROR [main:o.w.l.WasabiListener5@31] - [WASABIEND]
]]></system-out>
  </testcase>
  <testcase name="testIPAuthenticationIsValidCIDR()" classname="ACLTest" time="0.003">
    <system-out><![CDATA[2023-09-03 22:28:11,574 [myid:] - ERROR [main:o.w.l.WasabiListener5@22] - [WASABISTART]
2023-09-03 22:28:11,575 [myid:] - ERROR [main:o.w.l.WasabiListener5@23] - [wasabi] testIPAuthenticationIsValidCIDR() is started
2023-09-03 22:28:11,577 [myid:] - ERROR [main:o.w.l.WasabiListener5@30] - [wasabi] testIPAuthenticationIsValidCIDR() is finished
2023-09-03 22:28:11,577 [myid:] - ERROR [main:o.w.l.WasabiListener5@31] - [WASABIEND]
]]></system-out>
  </testcase>
  <testcase name="testNullValueACL()" classname="ACLTest" time="0.119">
    <system-out><![CDATA[2023-09-03 22:28:11,579 [myid:] - ERROR [main:o.w.l.WasabiListener5@22] - [WASABISTART]
2023-09-03 22:28:11,579 [myid:] - ERROR [main:o.w.l.WasabiListener5@23] - [wasabi] testNullValueACL() is started
2023-09-03 22:28:11,585 [myid:] - ERROR [main-SendThread():o.a.z.ClientCnxn$SendThread@1179] - [wasabi] Retry Loop 03 is called. MaxDuration : 10000
2023-09-03 22:28:11,698 [myid:] - ERROR [main:o.w.l.WasabiListener5@30] - [wasabi] testNullValueACL() is finished
2023-09-03 22:28:11,699 [myid:] - ERROR [main:o.w.l.WasabiListener5@31] - [WASABIEND]
]]></system-out>
  </testcase>
  <testcase name="testDisconnectedAddAuth()" classname="ACLTest" time="0.136">
    <system-out><![CDATA[2023-09-03 22:28:11,700 [myid:] - ERROR [main:o.w.l.WasabiListener5@22] - [WASABISTART]
2023-09-03 22:28:11,700 [myid:] - ERROR [main:o.w.l.WasabiListener5@23] - [wasabi] testDisconnectedAddAuth() is started
2023-09-03 22:28:11,710 [myid:] - ERROR [main-SendThread():o.a.z.ClientCnxn$SendThread@1179] - [wasabi] Retry Loop 03 is called. MaxDuration : 10000
2023-09-03 22:28:11,834 [myid:] - ERROR [main:o.w.l.WasabiListener5@30] - [wasabi] testDisconnectedAddAuth() is finished
2023-09-03 22:28:11,835 [myid:] - ERROR [main:o.w.l.WasabiListener5@31] - [WASABIEND]
]]></system-out>
  </testcase>
  <testcase name="testNullACL()" classname="ACLTest" time="0.141">
    <system-out><![CDATA[2023-09-03 22:28:11,839 [myid:] - ERROR [main:o.w.l.WasabiListener5@22] - [WASABISTART]
2023-09-03 22:28:11,840 [myid:] - ERROR [main:o.w.l.WasabiListener5@23] - [wasabi] testNullACL() is started
2023-09-03 22:28:11,856 [myid:] - ERROR [main-SendThread():o.a.z.ClientCnxn$SendThread@1179] - [wasabi] Retry Loop 03 is called. MaxDuration : 10000
2023-09-03 22:28:11,980 [myid:] - ERROR [main:o.w.l.WasabiListener5@30] - [wasabi] testNullACL() is finished
2023-09-03 22:28:11,981 [myid:] - ERROR [main:o.w.l.WasabiListener5@31] - [WASABIEND]
]]></system-out>
  </testcase>
  <testcase name="testAsyncMulti()" classname="AsyncOpsTest" time="0.282">
    <system-out><![CDATA[2023-09-03 22:28:12,029 [myid:] - ERROR [main:o.w.l.WasabiListener5@22] - [WASABISTART]
2023-09-03 22:28:12,030 [myid:] - ERROR [main:o.w.l.WasabiListener5@23] - [wasabi] testAsyncMulti() is started
2023-09-03 22:28:12,171 [myid:] - ERROR [main-SendThread():o.a.z.ClientCnxn$SendThread@1179] - [wasabi] Retry Loop 03 is called. MaxDuration : 10000
2023-09-03 22:28:12,312 [myid:] - ERROR [main:o.w.l.WasabiListener5@30] - [wasabi] testAsyncMulti() is finished
2023-09-03 22:28:12,312 [myid:] - ERROR [main:o.w.l.WasabiListener5@31] - [WASABIEND]
]]></system-out>
  </testcase>
  <testcase name="testAsyncMultiSequential_NoSideEffect()" classname="AsyncOpsTest" time="0.168">
    <system-out><![CDATA[2023-09-03 22:28:12,314 [myid:] - ERROR [main:o.w.l.WasabiListener5@22] - [WASABISTART]
2023-09-03 22:28:12,315 [myid:] - ERROR [main:o.w.l.WasabiListener5@23] - [wasabi] testAsyncMultiSequential_NoSideEffect() is started
2023-09-03 22:28:12,334 [myid:] - ERROR [main-SendThread():o.a.z.ClientCnxn$SendThread@1179] - [wasabi] Retry Loop 03 is called. MaxDuration : 10000
2023-09-03 22:28:12,482 [myid:] - ERROR [main:o.w.l.WasabiListener5@30] - [wasabi] testAsyncMultiSequential_NoSideEffect() is finished
2023-09-03 22:28:12,483 [myid:] - ERROR [main:o.w.l.WasabiListener5@31] - [WASABIEND]
]]></system-out>
  </testcase>
  <testcase name="testAsyncGetChildrenEmpty()" classname="AsyncOpsTest" time="0.149">
    <system-out><![CDATA[2023-09-03 22:28:12,486 [myid:] - ERROR [main:o.w.l.WasabiListener5@22] - [WASABISTART]
2023-09-03 22:28:12,486 [myid:] - ERROR [main:o.w.l.WasabiListener5@23] - [wasabi] testAsyncGetChildrenEmpty() is started
2023-09-03 22:28:12,506 [myid:] - ERROR [main-SendThread():o.a.z.ClientCnxn$SendThread@1179] - [wasabi] Retry Loop 03 is called. MaxDuration : 10000
2023-09-03 22:28:12,635 [myid:] - ERROR [main:o.w.l.WasabiListener5@30] - [wasabi] testAsyncGetChildrenEmpty() is finished
2023-09-03 22:28:12,636 [myid:] - ERROR [main:o.w.l.WasabiListener5@31] - [WASABIEND]
]]></system-out>
  </testcase>
  <testcase name="testAsyncSetACLFailure_BadVersion()" classname="AsyncOpsTest" time="0.153">
    <system-out><![CDATA[2023-09-03 22:28:12,638 [myid:] - ERROR [main:o.w.l.WasabiListener5@22] - [WASABISTART]
2023-09-03 22:28:12,638 [myid:] - ERROR [main:o.w.l.WasabiListener5@23] - [wasabi] testAsyncSetACLFailure_BadVersion() is started
2023-09-03 22:28:12,661 [myid:] - ERROR [main-SendThread():o.a.z.ClientCnxn$SendThread@1179] - [wasabi] Retry Loop 03 is called. MaxDuration : 10000
2023-09-03 22:28:12,791 [myid:] - ERROR [main:o.w.l.WasabiListener5@30] - [wasabi] testAsyncSetACLFailure_BadVersion() is finished
2023-09-03 22:28:12,792 [myid:] - ERROR [main:o.w.l.WasabiListener5@31] - [WASABIEND]
]]></system-out>
  </testcase>
  <testcase name="testAsyncCreate()" classname="AsyncOpsTest" time="0.142">
    <system-out><![CDATA[2023-09-03 22:28:12,793 [myid:] - ERROR [main:o.w.l.WasabiListener5@22] - [WASABISTART]
2023-09-03 22:28:12,794 [myid:] - ERROR [main:o.w.l.WasabiListener5@23] - [wasabi] testAsyncCreate() is started
2023-09-03 22:28:12,808 [myid:] - ERROR [main-SendThread():o.a.z.ClientCnxn$SendThread@1179] - [wasabi] Retry Loop 03 is called. MaxDuration : 10000
2023-09-03 22:28:12,934 [myid:] - ERROR [main:o.w.l.WasabiListener5@30] - [wasabi] testAsyncCreate() is finished
2023-09-03 22:28:12,935 [myid:] - ERROR [main:o.w.l.WasabiListener5@31] - [WASABIEND]
]]></system-out>
  </testcase>
  <testcase name="testAsyncDelete()" classname="AsyncOpsTest" time="0.193">
    <system-out><![CDATA[2023-09-03 22:28:12,939 [myid:] - ERROR [main:o.w.l.WasabiListener5@22] - [WASABISTART]
2023-09-03 22:28:12,940 [myid:] - ERROR [main:o.w.l.WasabiListener5@23] - [wasabi] testAsyncDelete() is started
2023-09-03 22:28:12,983 [myid:] - ERROR [main-SendThread():o.a.z.ClientCnxn$SendThread@1179] - [wasabi] Retry Loop 03 is called. MaxDuration : 10000
2023-09-03 22:28:13,131 [myid:] - ERROR [main:o.w.l.WasabiListener5@30] - [wasabi] testAsyncDelete() is finished
2023-09-03 22:28:13,133 [myid:] - ERROR [main:o.w.l.WasabiListener5@31] - [WASABIEND]
]]></system-out>
  </testcase>
  <testcase name="testAsyncGetChildren2Failure_NoNode()" classname="AsyncOpsTest" time="0.159">
    <system-out><![CDATA[2023-09-03 22:28:13,139 [myid:] - ERROR [main:o.w.l.WasabiListener5@22] - [WASABISTART]
2023-09-03 22:28:13,140 [myid:] - ERROR [main:o.w.l.WasabiListener5@23] - [wasabi] testAsyncGetChildren2Failure_NoNode() is started
2023-09-03 22:28:13,175 [myid:] - ERROR [main-SendThread():o.a.z.ClientCnxn$SendThread@1179] - [wasabi] Retry Loop 03 is called. MaxDuration : 10000
2023-09-03 22:28:13,301 [myid:] - ERROR [main:o.w.l.WasabiListener5@30] - [wasabi] testAsyncGetChildren2Failure_NoNode() is finished
2023-09-03 22:28:13,301 [myid:] - ERROR [main:o.w.l.WasabiListener5@31] - [WASABIEND]
]]></system-out>
  </testcase>
  <testcase name="testAsyncExists()" classname="AsyncOpsTest" time="0.164">
    <system-out><![CDATA[2023-09-03 22:28:13,303 [myid:] - ERROR [main:o.w.l.WasabiListener5@22] - [WASABISTART]
2023-09-03 22:28:13,304 [myid:] - ERROR [main:o.w.l.WasabiListener5@23] - [wasabi] testAsyncExists() is started
2023-09-03 22:28:13,339 [myid:] - ERROR [main-SendThread():o.a.z.ClientCnxn$SendThread@1179] - [wasabi] Retry Loop 03 is called. MaxDuration : 10000
2023-09-03 22:28:13,468 [myid:] - ERROR [main:o.w.l.WasabiListener5@30] - [wasabi] testAsyncExists() is finished
2023-09-03 22:28:13,469 [myid:] - ERROR [main:o.w.l.WasabiListener5@31] - [WASABIEND]
]]></system-out>
  </testcase>
  <testcase name="testAsyncGetDataFailure_NoNode()" classname="AsyncOpsTest" time="0.156">
    <system-out><![CDATA[2023-09-03 22:28:13,470 [myid:] - ERROR [main:o.w.l.WasabiListener5@22] - [WASABISTART]
2023-09-03 22:28:13,470 [myid:] - ERROR [main:o.w.l.WasabiListener5@23] - [wasabi] testAsyncGetDataFailure_NoNode() is started
2023-09-03 22:28:13,492 [myid:] - ERROR [main-SendThread():o.a.z.ClientCnxn$SendThread@1179] - [wasabi] Retry Loop 03 is called. MaxDuration : 10000
2023-09-03 22:28:13,625 [myid:] - ERROR [main:o.w.l.WasabiListener5@30] - [wasabi] testAsyncGetDataFailure_NoNode() is finished
2023-09-03 22:28:13,626 [myid:] - ERROR [main:o.w.l.WasabiListener5@31] - [WASABIEND]
]]></system-out>
  </testcase>
  <testcase name="testAsyncGetACL()" classname="AsyncOpsTest" time="0.191">
    <system-out><![CDATA[2023-09-03 22:28:13,632 [myid:] - ERROR [main:o.w.l.WasabiListener5@22] - [WASABISTART]
2023-09-03 22:28:13,633 [myid:] - ERROR [main:o.w.l.WasabiListener5@23] - [wasabi] testAsyncGetACL() is started
2023-09-03 22:28:13,674 [myid:] - ERROR [main-SendThread():o.a.z.ClientCnxn$SendThread@1179] - [wasabi] Retry Loop 03 is called. MaxDuration : 10000
2023-09-03 22:28:13,825 [myid:] - ERROR [main:o.w.l.WasabiListener5@30] - [wasabi] testAsyncGetACL() is finished
2023-09-03 22:28:13,826 [myid:] - ERROR [main:o.w.l.WasabiListener5@31] - [WASABIEND]
]]></system-out>
  </testcase>
  <testcase name="testAsyncCreate2Failure_NoNode()" classname="AsyncOpsTest" time="0.143">
    <system-out><![CDATA[2023-09-03 22:28:13,829 [myid:] - ERROR [main:o.w.l.WasabiListener5@22] - [WASABISTART]
2023-09-03 22:28:13,830 [myid:] - ERROR [main:o.w.l.WasabiListener5@23] - [wasabi] testAsyncCreate2Failure_NoNode() is started
2023-09-03 22:28:13,851 [myid:] - ERROR [main-SendThread():o.a.z.ClientCnxn$SendThread@1179] - [wasabi] Retry Loop 03 is called. MaxDuration : 10000
2023-09-03 22:28:13,973 [myid:] - ERROR [main:o.w.l.WasabiListener5@30] - [wasabi] testAsyncCreate2Failure_NoNode() is finished
2023-09-03 22:28:13,973 [myid:] - ERROR [main:o.w.l.WasabiListener5@31] - [WASABIEND]
]]></system-out>
  </testcase>
  <testcase name="testAsyncCreateFailure_NoNode()" classname="AsyncOpsTest" time="0.137">
    <system-out><![CDATA[2023-09-03 22:28:13,975 [myid:] - ERROR [main:o.w.l.WasabiListener5@22] - [WASABISTART]
2023-09-03 22:28:13,975 [myid:] - ERROR [main:o.w.l.WasabiListener5@23] - [wasabi] testAsyncCreateFailure_NoNode() is started
2023-09-03 22:28:13,992 [myid:] - ERROR [main-SendThread():o.a.z.ClientCnxn$SendThread@1179] - [wasabi] Retry Loop 03 is called. MaxDuration : 10000
2023-09-03 22:28:14,113 [myid:] - ERROR [main:o.w.l.WasabiListener5@30] - [wasabi] testAsyncCreateFailure_NoNode() is finished
2023-09-03 22:28:14,113 [myid:] - ERROR [main:o.w.l.WasabiListener5@31] - [WASABIEND]
]]></system-out>
  </testcase>
  <testcase name="testAsyncSetACL()" classname="AsyncOpsTest" time="0.136">
    <system-out><![CDATA[2023-09-03 22:28:14,115 [myid:] - ERROR [main:o.w.l.WasabiListener5@22] - [WASABISTART]
2023-09-03 22:28:14,115 [myid:] - ERROR [main:o.w.l.WasabiListener5@23] - [wasabi] testAsyncSetACL() is started
2023-09-03 22:28:14,129 [myid:] - ERROR [main-SendThread():o.a.z.ClientCnxn$SendThread@1179] - [wasabi] Retry Loop 03 is called. MaxDuration : 10000
2023-09-03 22:28:14,251 [myid:] - ERROR [main:o.w.l.WasabiListener5@30] - [wasabi] testAsyncSetACL() is finished
2023-09-03 22:28:14,251 [myid:] - ERROR [main:o.w.l.WasabiListener5@31] - [WASABIEND]
]]></system-out>
  </testcase>
  <testcase name="testAsyncMultiFailure_NoSideEffect()" classname="AsyncOpsTest" time="0.144">
    <system-out><![CDATA[2023-09-03 22:28:14,252 [myid:] - ERROR [main:o.w.l.WasabiListener5@22] - [WASABISTART]
2023-09-03 22:28:14,253 [myid:] - ERROR [main:o.w.l.WasabiListener5@23] - [wasabi] testAsyncMultiFailure_NoSideEffect() is started
2023-09-03 22:28:14,267 [myid:] - ERROR [main-SendThread():o.a.z.ClientCnxn$SendThread@1179] - [wasabi] Retry Loop 03 is called. MaxDuration : 10000
2023-09-03 22:28:14,398 [myid:] - ERROR [main:o.w.l.WasabiListener5@30] - [wasabi] testAsyncMultiFailure_NoSideEffect() is finished
2023-09-03 22:28:14,398 [myid:] - ERROR [main:o.w.l.WasabiListener5@31] - [WASABIEND]
]]></system-out>
  </testcase>
  <testcase name="testAsyncGetData()" classname="AsyncOpsTest" time="0.153">
    <system-out><![CDATA[2023-09-03 22:28:14,399 [myid:] - ERROR [main:o.w.l.WasabiListener5@22] - [WASABISTART]
2023-09-03 22:28:14,399 [myid:] - ERROR [main:o.w.l.WasabiListener5@23] - [wasabi] testAsyncGetData() is started
2023-09-03 22:28:14,414 [myid:] - ERROR [main-SendThread():o.a.z.ClientCnxn$SendThread@1179] - [wasabi] Retry Loop 03 is called. MaxDuration : 10000
2023-09-03 22:28:14,551 [myid:] - ERROR [main:o.w.l.WasabiListener5@30] - [wasabi] testAsyncGetData() is finished
2023-09-03 22:28:14,552 [myid:] - ERROR [main:o.w.l.WasabiListener5@31] - [WASABIEND]
]]></system-out>
  </testcase>
  <testcase name="testAsyncSync()" classname="AsyncOpsTest" time="0.161">
    <system-out><![CDATA[2023-09-03 22:28:14,554 [myid:] - ERROR [main:o.w.l.WasabiListener5@22] - [WASABISTART]
2023-09-03 22:28:14,555 [myid:] - ERROR [main:o.w.l.WasabiListener5@23] - [wasabi] testAsyncSync() is started
2023-09-03 22:28:14,587 [myid:] - ERROR [main-SendThread():o.a.z.ClientCnxn$SendThread@1179] - [wasabi] Retry Loop 03 is called. MaxDuration : 10000
2023-09-03 22:28:14,715 [myid:] - ERROR [main:o.w.l.WasabiListener5@30] - [wasabi] testAsyncSync() is finished
2023-09-03 22:28:14,715 [myid:] - ERROR [main:o.w.l.WasabiListener5@31] - [WASABIEND]
]]></system-out>
  </testcase>
  <testcase name="testAsyncGetChildren2Two()" classname="AsyncOpsTest" time="0.142">
    <system-out><![CDATA[2023-09-03 22:28:14,717 [myid:] - ERROR [main:o.w.l.WasabiListener5@22] - [WASABISTART]
2023-09-03 22:28:14,717 [myid:] - ERROR [main:o.w.l.WasabiListener5@23] - [wasabi] testAsyncGetChildren2Two() is started
2023-09-03 22:28:14,730 [myid:] - ERROR [main-SendThread():o.a.z.ClientCnxn$SendThread@1179] - [wasabi] Retry Loop 03 is called. MaxDuration : 10000
2023-09-03 22:28:14,858 [myid:] - ERROR [main:o.w.l.WasabiListener5@30] - [wasabi] testAsyncGetChildren2Two() is finished
2023-09-03 22:28:14,859 [myid:] - ERROR [main:o.w.l.WasabiListener5@31] - [WASABIEND]
]]></system-out>
  </testcase>
  <testcase name="testAsyncCreateFailure_NoChildForEphemeral()" classname="AsyncOpsTest" time="0.132">
    <system-out><![CDATA[2023-09-03 22:28:14,860 [myid:] - ERROR [main:o.w.l.WasabiListener5@22] - [WASABISTART]
2023-09-03 22:28:14,860 [myid:] - ERROR [main:o.w.l.WasabiListener5@23] - [wasabi] testAsyncCreateFailure_NoChildForEphemeral() is started
2023-09-03 22:28:14,871 [myid:] - ERROR [main-SendThread():o.a.z.ClientCnxn$SendThread@1179] - [wasabi] Retry Loop 03 is called. MaxDuration : 10000
2023-09-03 22:28:14,992 [myid:] - ERROR [main:o.w.l.WasabiListener5@30] - [wasabi] testAsyncCreateFailure_NoChildForEphemeral() is finished
2023-09-03 22:28:14,992 [myid:] - ERROR [main:o.w.l.WasabiListener5@31] - [WASABIEND]
]]></system-out>
  </testcase>
  <testcase name="testAsyncDeleteFailure_BadVersion()" classname="AsyncOpsTest" time="0.132">
    <system-out><![CDATA[2023-09-03 22:28:14,994 [myid:] - ERROR [main:o.w.l.WasabiListener5@22] - [WASABISTART]
2023-09-03 22:28:14,994 [myid:] - ERROR [main:o.w.l.WasabiListener5@23] - [wasabi] testAsyncDeleteFailure_BadVersion() is started
2023-09-03 22:28:15,006 [myid:] - ERROR [main-SendThread():o.a.z.ClientCnxn$SendThread@1179] - [wasabi] Retry Loop 03 is called. MaxDuration : 10000
2023-09-03 22:28:15,127 [myid:] - ERROR [main:o.w.l.WasabiListener5@30] - [wasabi] testAsyncDeleteFailure_BadVersion() is finished
2023-09-03 22:28:15,127 [myid:] - ERROR [main:o.w.l.WasabiListener5@31] - [WASABIEND]
]]></system-out>
  </testcase>
  <testcase name="testAsyncDeleteFailure_NoNode()" classname="AsyncOpsTest" time="0.132">
    <system-out><![CDATA[2023-09-03 22:28:15,128 [myid:] - ERROR [main:o.w.l.WasabiListener5@22] - [WASABISTART]
2023-09-03 22:28:15,129 [myid:] - ERROR [main:o.w.l.WasabiListener5@23] - [wasabi] testAsyncDeleteFailure_NoNode() is started
2023-09-03 22:28:15,141 [myid:] - ERROR [main-SendThread():o.a.z.ClientCnxn$SendThread@1179] - [wasabi] Retry Loop 03 is called. MaxDuration : 10000
2023-09-03 22:28:15,260 [myid:] - ERROR [main:o.w.l.WasabiListener5@30] - [wasabi] testAsyncDeleteFailure_NoNode() is finished
2023-09-03 22:28:15,260 [myid:] - ERROR [main:o.w.l.WasabiListener5@31] - [WASABIEND]
]]></system-out>
  </testcase>
  <testcase name="testAsyncSetDataFailure_BadVersion()" classname="AsyncOpsTest" time="0.138">
    <system-out><![CDATA[2023-09-03 22:28:15,262 [myid:] - ERROR [main:o.w.l.WasabiListener5@22] - [WASABISTART]
2023-09-03 22:28:15,262 [myid:] - ERROR [main:o.w.l.WasabiListener5@23] - [wasabi] testAsyncSetDataFailure_BadVersion() is started
2023-09-03 22:28:15,275 [myid:] - ERROR [main-SendThread():o.a.z.ClientCnxn$SendThread@1179] - [wasabi] Retry Loop 03 is called. MaxDuration : 10000
2023-09-03 22:28:15,400 [myid:] - ERROR [main:o.w.l.WasabiListener5@30] - [wasabi] testAsyncSetDataFailure_BadVersion() is finished
2023-09-03 22:28:15,400 [myid:] - ERROR [main:o.w.l.WasabiListener5@31] - [WASABIEND]
]]></system-out>
  </testcase>
  <testcase name="testAsyncGetChildrenFailure_NoNode()" classname="AsyncOpsTest" time="0.132">
    <system-out><![CDATA[2023-09-03 22:28:15,402 [myid:] - ERROR [main:o.w.l.WasabiListener5@22] - [WASABISTART]
2023-09-03 22:28:15,402 [myid:] - ERROR [main:o.w.l.WasabiListener5@23] - [wasabi] testAsyncGetChildrenFailure_NoNode() is started
2023-09-03 22:28:15,415 [myid:] - ERROR [main-SendThread():o.a.z.ClientCnxn$SendThread@1179] - [wasabi] Retry Loop 03 is called. MaxDuration : 10000
2023-09-03 22:28:15,534 [myid:] - ERROR [main:o.w.l.WasabiListener5@30] - [wasabi] testAsyncGetChildrenFailure_NoNode() is finished
2023-09-03 22:28:15,534 [myid:] - ERROR [main:o.w.l.WasabiListener5@31] - [WASABIEND]
]]></system-out>
  </testcase>
  <testcase name="testAsyncCreate2()" classname="AsyncOpsTest" time="0.14">
    <system-out><![CDATA[2023-09-03 22:28:15,536 [myid:] - ERROR [main:o.w.l.WasabiListener5@22] - [WASABISTART]
2023-09-03 22:28:15,536 [myid:] - ERROR [main:o.w.l.WasabiListener5@23] - [wasabi] testAsyncCreate2() is started
2023-09-03 22:28:15,556 [myid:] - ERROR [main-SendThread():o.a.z.ClientCnxn$SendThread@1179] - [wasabi] Retry Loop 03 is called. MaxDuration : 10000
2023-09-03 22:28:15,676 [myid:] - ERROR [main:o.w.l.WasabiListener5@30] - [wasabi] testAsyncCreate2() is finished
2023-09-03 22:28:15,677 [myid:] - ERROR [main:o.w.l.WasabiListener5@31] - [WASABIEND]
]]></system-out>
  </testcase>
  <testcase name="testAsyncExistsFailure_NoNode()" classname="AsyncOpsTest" time="0.137">
    <system-out><![CDATA[2023-09-03 22:28:15,679 [myid:] - ERROR [main:o.w.l.WasabiListener5@22] - [WASABISTART]
2023-09-03 22:28:15,679 [myid:] - ERROR [main:o.w.l.WasabiListener5@23] - [wasabi] testAsyncExistsFailure_NoNode() is started
2023-09-03 22:28:15,696 [myid:] - ERROR [main-SendThread():o.a.z.ClientCnxn$SendThread@1179] - [wasabi] Retry Loop 03 is called. MaxDuration : 10000
2023-09-03 22:28:15,816 [myid:] - ERROR [main:o.w.l.WasabiListener5@30] - [wasabi] testAsyncExistsFailure_NoNode() is finished
2023-09-03 22:28:15,817 [myid:] - ERROR [main:o.w.l.WasabiListener5@31] - [WASABIEND]
]]></system-out>
  </testcase>
  <testcase name="testAsyncGetChildren2Empty()" classname="AsyncOpsTest" time="0.132">
    <system-out><![CDATA[2023-09-03 22:28:15,819 [myid:] - ERROR [main:o.w.l.WasabiListener5@22] - [WASABISTART]
2023-09-03 22:28:15,820 [myid:] - ERROR [main:o.w.l.WasabiListener5@23] - [wasabi] testAsyncGetChildren2Empty() is started
2023-09-03 22:28:15,832 [myid:] - ERROR [main-SendThread():o.a.z.ClientCnxn$SendThread@1179] - [wasabi] Retry Loop 03 is called. MaxDuration : 10000
2023-09-03 22:28:15,952 [myid:] - ERROR [main:o.w.l.WasabiListener5@30] - [wasabi] testAsyncGetChildren2Empty() is finished
2023-09-03 22:28:15,952 [myid:] - ERROR [main:o.w.l.WasabiListener5@31] - [WASABIEND]
]]></system-out>
  </testcase>
  <testcase name="testAsyncCreateThree()" classname="AsyncOpsTest" time="0.137">
    <system-out><![CDATA[2023-09-03 22:28:15,953 [myid:] - ERROR [main:o.w.l.WasabiListener5@22] - [WASABISTART]
2023-09-03 22:28:15,954 [myid:] - ERROR [main:o.w.l.WasabiListener5@23] - [wasabi] testAsyncCreateThree() is started
2023-09-03 22:28:15,965 [myid:] - ERROR [main-SendThread():o.a.z.ClientCnxn$SendThread@1179] - [wasabi] Retry Loop 03 is called. MaxDuration : 10000
2023-09-03 22:28:16,090 [myid:] - ERROR [main:o.w.l.WasabiListener5@30] - [wasabi] testAsyncCreateThree() is finished
2023-09-03 22:28:16,091 [myid:] - ERROR [main:o.w.l.WasabiListener5@31] - [WASABIEND]
]]></system-out>
  </testcase>
  <testcase name="testAsyncMultiFailure_AllErrorResult()" classname="AsyncOpsTest" time="0.153">
    <system-out><![CDATA[2023-09-03 22:28:16,093 [myid:] - ERROR [main:o.w.l.WasabiListener5@22] - [WASABISTART]
2023-09-03 22:28:16,094 [myid:] - ERROR [main:o.w.l.WasabiListener5@23] - [wasabi] testAsyncMultiFailure_AllErrorResult() is started
2023-09-03 22:28:16,120 [myid:] - ERROR [main-SendThread():o.a.z.ClientCnxn$SendThread@1179] - [wasabi] Retry Loop 03 is called. MaxDuration : 10000
2023-09-03 22:28:16,247 [myid:] - ERROR [main:o.w.l.WasabiListener5@30] - [wasabi] testAsyncMultiFailure_AllErrorResult() is finished
2023-09-03 22:28:16,248 [myid:] - ERROR [main:o.w.l.WasabiListener5@31] - [WASABIEND]
]]></system-out>
  </testcase>
  <testcase name="testAsyncGetChildrenTwo()" classname="AsyncOpsTest" time="0.142">
    <system-out><![CDATA[2023-09-03 22:28:16,249 [myid:] - ERROR [main:o.w.l.WasabiListener5@22] - [WASABISTART]
2023-09-03 22:28:16,250 [myid:] - ERROR [main:o.w.l.WasabiListener5@23] - [wasabi] testAsyncGetChildrenTwo() is started
2023-09-03 22:28:16,265 [myid:] - ERROR [main-SendThread():o.a.z.ClientCnxn$SendThread@1179] - [wasabi] Retry Loop 03 is called. MaxDuration : 10000
2023-09-03 22:28:16,392 [myid:] - ERROR [main:o.w.l.WasabiListener5@30] - [wasabi] testAsyncGetChildrenTwo() is finished
2023-09-03 22:28:16,392 [myid:] - ERROR [main:o.w.l.WasabiListener5@31] - [WASABIEND]
]]></system-out>
  </testcase>
  <testcase name="testAsyncCreateFailure_NodeExists()" classname="AsyncOpsTest" time="0.135">
    <system-out><![CDATA[2023-09-03 22:28:16,394 [myid:] - ERROR [main:o.w.l.WasabiListener5@22] - [WASABISTART]
2023-09-03 22:28:16,394 [myid:] - ERROR [main:o.w.l.WasabiListener5@23] - [wasabi] testAsyncCreateFailure_NodeExists() is started
2023-09-03 22:28:16,409 [myid:] - ERROR [main-SendThread():o.a.z.ClientCnxn$SendThread@1179] - [wasabi] Retry Loop 03 is called. MaxDuration : 10000
2023-09-03 22:28:16,529 [myid:] - ERROR [main:o.w.l.WasabiListener5@30] - [wasabi] testAsyncCreateFailure_NodeExists() is finished
2023-09-03 22:28:16,530 [myid:] - ERROR [main:o.w.l.WasabiListener5@31] - [WASABIEND]
]]></system-out>
  </testcase>
  <testcase name="testAsyncCreate2Failure_NoChildForEphemeral()" classname="AsyncOpsTest" time="0.133">
    <system-out><![CDATA[2023-09-03 22:28:16,531 [myid:] - ERROR [main:o.w.l.WasabiListener5@22] - [WASABISTART]
2023-09-03 22:28:16,531 [myid:] - ERROR [main:o.w.l.WasabiListener5@23] - [wasabi] testAsyncCreate2Failure_NoChildForEphemeral() is started
2023-09-03 22:28:16,542 [myid:] - ERROR [main-SendThread():o.a.z.ClientCnxn$SendThread@1179] - [wasabi] Retry Loop 03 is called. MaxDuration : 10000
2023-09-03 22:28:16,664 [myid:] - ERROR [main:o.w.l.WasabiListener5@30] - [wasabi] testAsyncCreate2Failure_NoChildForEphemeral() is finished
2023-09-03 22:28:16,665 [myid:] - ERROR [main:o.w.l.WasabiListener5@31] - [WASABIEND]
]]></system-out>
  </testcase>
  <testcase name="testAsyncSetData()" classname="AsyncOpsTest" time="0.145">
    <system-out><![CDATA[2023-09-03 22:28:16,667 [myid:] - ERROR [main:o.w.l.WasabiListener5@22] - [WASABISTART]
2023-09-03 22:28:16,667 [myid:] - ERROR [main:o.w.l.WasabiListener5@23] - [wasabi] testAsyncSetData() is started
2023-09-03 22:28:16,684 [myid:] - ERROR [main-SendThread():o.a.z.ClientCnxn$SendThread@1179] - [wasabi] Retry Loop 03 is called. MaxDuration : 10000
2023-09-03 22:28:16,811 [myid:] - ERROR [main:o.w.l.WasabiListener5@30] - [wasabi] testAsyncSetData() is finished
2023-09-03 22:28:16,812 [myid:] - ERROR [main:o.w.l.WasabiListener5@31] - [WASABIEND]
]]></system-out>
  </testcase>
  <testcase name="testAsyncSetDataFailure_NoNode()" classname="AsyncOpsTest" time="0.137">
    <system-out><![CDATA[2023-09-03 22:28:16,814 [myid:] - ERROR [main:o.w.l.WasabiListener5@22] - [WASABISTART]
2023-09-03 22:28:16,815 [myid:] - ERROR [main:o.w.l.WasabiListener5@23] - [wasabi] testAsyncSetDataFailure_NoNode() is started
2023-09-03 22:28:16,830 [myid:] - ERROR [main-SendThread():o.a.z.ClientCnxn$SendThread@1179] - [wasabi] Retry Loop 03 is called. MaxDuration : 10000
2023-09-03 22:28:16,951 [myid:] - ERROR [main:o.w.l.WasabiListener5@30] - [wasabi] testAsyncSetDataFailure_NoNode() is finished
2023-09-03 22:28:16,951 [myid:] - ERROR [main:o.w.l.WasabiListener5@31] - [WASABIEND]
]]></system-out>
  </testcase>
  <testcase name="testAsyncSetACLFailure_NoNode()" classname="AsyncOpsTest" time="0.133">
    <system-out><![CDATA[2023-09-03 22:28:16,953 [myid:] - ERROR [main:o.w.l.WasabiListener5@22] - [WASABISTART]
2023-09-03 22:28:16,953 [myid:] - ERROR [main:o.w.l.WasabiListener5@23] - [wasabi] testAsyncSetACLFailure_NoNode() is started
2023-09-03 22:28:16,970 [myid:] - ERROR [main-SendThread():o.a.z.ClientCnxn$SendThread@1179] - [wasabi] Retry Loop 03 is called. MaxDuration : 10000
2023-09-03 22:28:17,087 [myid:] - ERROR [main:o.w.l.WasabiListener5@30] - [wasabi] testAsyncSetACLFailure_NoNode() is finished
2023-09-03 22:28:17,087 [myid:] - ERROR [main:o.w.l.WasabiListener5@31] - [WASABIEND]
]]></system-out>
  </testcase>
  <testcase name="testAsyncDeleteFailure_NotEmpty()" classname="AsyncOpsTest" time="0.133">
    <system-out><![CDATA[2023-09-03 22:28:17,088 [myid:] - ERROR [main:o.w.l.WasabiListener5@22] - [WASABISTART]
2023-09-03 22:28:17,089 [myid:] - ERROR [main:o.w.l.WasabiListener5@23] - [wasabi] testAsyncDeleteFailure_NotEmpty() is started
2023-09-03 22:28:17,100 [myid:] - ERROR [main-SendThread():o.a.z.ClientCnxn$SendThread@1179] - [wasabi] Retry Loop 03 is called. MaxDuration : 10000
2023-09-03 22:28:17,221 [myid:] - ERROR [main:o.w.l.WasabiListener5@30] - [wasabi] testAsyncDeleteFailure_NotEmpty() is finished
2023-09-03 22:28:17,221 [myid:] - ERROR [main:o.w.l.WasabiListener5@31] - [WASABIEND]
]]></system-out>
  </testcase>
  <testcase name="testAsyncGetChildrenSingle()" classname="AsyncOpsTest" time="0.144">
    <system-out><![CDATA[2023-09-03 22:28:17,223 [myid:] - ERROR [main:o.w.l.WasabiListener5@22] - [WASABISTART]
2023-09-03 22:28:17,223 [myid:] - ERROR [main:o.w.l.WasabiListener5@23] - [wasabi] testAsyncGetChildrenSingle() is started
2023-09-03 22:28:17,238 [myid:] - ERROR [main-SendThread():o.a.z.ClientCnxn$SendThread@1179] - [wasabi] Retry Loop 03 is called. MaxDuration : 10000
2023-09-03 22:28:17,367 [myid:] - ERROR [main:o.w.l.WasabiListener5@30] - [wasabi] testAsyncGetChildrenSingle() is finished
2023-09-03 22:28:17,367 [myid:] - ERROR [main:o.w.l.WasabiListener5@31] - [WASABIEND]
]]></system-out>
  </testcase>
  <testcase name="testAsyncCreate2Failure_NodeExists()" classname="AsyncOpsTest" time="0.157">
    <system-out><![CDATA[2023-09-03 22:28:17,369 [myid:] - ERROR [main:o.w.l.WasabiListener5@22] - [WASABISTART]
2023-09-03 22:28:17,369 [myid:] - ERROR [main:o.w.l.WasabiListener5@23] - [wasabi] testAsyncCreate2Failure_NodeExists() is started
2023-09-03 22:28:17,385 [myid:] - ERROR [main-SendThread():o.a.z.ClientCnxn$SendThread@1179] - [wasabi] Retry Loop 03 is called. MaxDuration : 10000
2023-09-03 22:28:17,525 [myid:] - ERROR [main:o.w.l.WasabiListener5@30] - [wasabi] testAsyncCreate2Failure_NodeExists() is finished
2023-09-03 22:28:17,525 [myid:] - ERROR [main:o.w.l.WasabiListener5@31] - [WASABIEND]
]]></system-out>
  </testcase>
  <testcase name="testAsyncGetACLFailure_NoNode()" classname="AsyncOpsTest" time="0.136">
    <system-out><![CDATA[2023-09-03 22:28:17,527 [myid:] - ERROR [main:o.w.l.WasabiListener5@22] - [WASABISTART]
2023-09-03 22:28:17,527 [myid:] - ERROR [main:o.w.l.WasabiListener5@23] - [wasabi] testAsyncGetACLFailure_NoNode() is started
2023-09-03 22:28:17,544 [myid:] - ERROR [main-SendThread():o.a.z.ClientCnxn$SendThread@1179] - [wasabi] Retry Loop 03 is called. MaxDuration : 10000
2023-09-03 22:28:17,664 [myid:] - ERROR [main:o.w.l.WasabiListener5@30] - [wasabi] testAsyncGetACLFailure_NoNode() is finished
2023-09-03 22:28:17,664 [myid:] - ERROR [main:o.w.l.WasabiListener5@31] - [WASABIEND]
]]></system-out>
  </testcase>
  <testcase name="testAsyncGetChildren2Single()" classname="AsyncOpsTest" time="0.137">
    <system-out><![CDATA[2023-09-03 22:28:17,666 [myid:] - ERROR [main:o.w.l.WasabiListener5@22] - [WASABISTART]
2023-09-03 22:28:17,666 [myid:] - ERROR [main:o.w.l.WasabiListener5@23] - [wasabi] testAsyncGetChildren2Single() is started
2023-09-03 22:28:17,678 [myid:] - ERROR [main-SendThread():o.a.z.ClientCnxn$SendThread@1179] - [wasabi] Retry Loop 03 is called. MaxDuration : 10000
2023-09-03 22:28:17,802 [myid:] - ERROR [main:o.w.l.WasabiListener5@30] - [wasabi] testAsyncGetChildren2Single() is finished
2023-09-03 22:28:17,803 [myid:] - ERROR [main:o.w.l.WasabiListener5@31] - [WASABIEND]
]]></system-out>
  </testcase>
  <testcase name="testTryWithResources()" classname="ChrootClientTest" time="0.252">
    <system-out><![CDATA[2023-09-03 22:28:17,809 [myid:] - ERROR [main:o.w.l.WasabiListener5@22] - [WASABISTART]
2023-09-03 22:28:17,809 [myid:] - ERROR [main:o.w.l.WasabiListener5@23] - [wasabi] testTryWithResources() is started
127.0.0.1:30113/chrootclienttest
2023-09-03 22:28:17,819 [myid:] - ERROR [main-SendThread():o.a.z.ClientCnxn$SendThread@1179] - [wasabi] Retry Loop 03 is called. MaxDuration : 10000
2023-09-03 22:28:17,933 [myid:] - ERROR [main-SendThread():o.a.z.ClientCnxn$SendThread@1179] - [wasabi] Retry Loop 03 is called. MaxDuration : 10000
2023-09-03 22:28:18,058 [myid:] - ERROR [main:o.w.l.WasabiListener5@30] - [wasabi] testTryWithResources() is finished
2023-09-03 22:28:18,058 [myid:] - ERROR [main:o.w.l.WasabiListener5@31] - [WASABIEND]
]]></system-out>
  </testcase>
  <testcase name="testACLs()" classname="ChrootClientTest" time="0.509">
    <system-out><![CDATA[2023-09-03 22:28:18,063 [myid:] - ERROR [main:o.w.l.WasabiListener5@22] - [WASABISTART]
2023-09-03 22:28:18,064 [myid:] - ERROR [main:o.w.l.WasabiListener5@23] - [wasabi] testACLs() is started
127.0.0.1:30114/chrootclienttest
2023-09-03 22:28:18,096 [myid:] - ERROR [main-SendThread():o.a.z.ClientCnxn$SendThread@1179] - [wasabi] Retry Loop 03 is called. MaxDuration : 10000
2023-09-03 22:28:18,215 [myid:] - ERROR [main-SendThread():o.a.z.ClientCnxn$SendThread@1179] - [wasabi] Retry Loop 03 is called. MaxDuration : 10000
2023-09-03 22:28:18,337 [myid:] - ERROR [main-SendThread():o.a.z.ClientCnxn$SendThread@1179] - [wasabi] Retry Loop 03 is called. MaxDuration : 10000
2023-09-03 22:28:18,450 [myid:] - ERROR [main-SendThread():o.a.z.ClientCnxn$SendThread@1179] - [wasabi] Retry Loop 03 is called. MaxDuration : 10000
2023-09-03 22:28:18,574 [myid:] - ERROR [main:o.w.l.WasabiListener5@30] - [wasabi] testACLs() is finished
2023-09-03 22:28:18,575 [myid:] - ERROR [main:o.w.l.WasabiListener5@31] - [WASABIEND]
]]></system-out>
  </testcase>
  <testcase name="testClientCleanup()" classname="ChrootClientTest" time="1.262">
    <system-out><![CDATA[2023-09-03 22:28:18,577 [myid:] - ERROR [main:o.w.l.WasabiListener5@22] - [WASABISTART]
2023-09-03 22:28:18,578 [myid:] - ERROR [main:o.w.l.WasabiListener5@23] - [wasabi] testClientCleanup() is started
127.0.0.1:30115/chrootclienttest
2023-09-03 22:28:18,599 [myid:] - ERROR [main-SendThread():o.a.z.ClientCnxn$SendThread@1179] - [wasabi] Retry Loop 03 is called. MaxDuration : 10000
2023-09-03 22:28:18,718 [myid:] - ERROR [VCC1-SendThread():o.a.z.ClientCnxn$SendThread@1179] - [wasabi] Retry Loop 03 is called. MaxDuration : 10000
2023-09-03 22:28:18,719 [myid:] - ERROR [VCC0-SendThread():o.a.z.ClientCnxn$SendThread@1179] - [wasabi] Retry Loop 03 is called. MaxDuration : 10000
2023-09-03 22:28:18,719 [myid:] - ERROR [VCC2-SendThread():o.a.z.ClientCnxn$SendThread@1179] - [wasabi] Retry Loop 03 is called. MaxDuration : 10000
2023-09-03 22:28:18,832 [myid:] - ERROR [VCC1-SendThread():o.a.z.ClientCnxn$SendThread@1179] - [wasabi] Retry Loop 03 is called. MaxDuration : 10000
2023-09-03 22:28:18,833 [myid:] - ERROR [VCC2-SendThread():o.a.z.ClientCnxn$SendThread@1179] - [wasabi] Retry Loop 03 is called. MaxDuration : 10000
2023-09-03 22:28:18,834 [myid:] - ERROR [VCC0-SendThread():o.a.z.ClientCnxn$SendThread@1179] - [wasabi] Retry Loop 03 is called. MaxDuration : 10000
2023-09-03 22:28:18,941 [myid:] - ERROR [VCC1-SendThread():o.a.z.ClientCnxn$SendThread@1179] - [wasabi] Retry Loop 03 is called. MaxDuration : 10000
2023-09-03 22:28:18,944 [myid:] - ERROR [VCC2-SendThread():o.a.z.ClientCnxn$SendThread@1179] - [wasabi] Retry Loop 03 is called. MaxDuration : 10000
2023-09-03 22:28:18,944 [myid:] - ERROR [VCC0-SendThread():o.a.z.ClientCnxn$SendThread@1179] - [wasabi] Retry Loop 03 is called. MaxDuration : 10000
2023-09-03 22:28:19,051 [myid:] - ERROR [VCC1-SendThread():o.a.z.ClientCnxn$SendThread@1179] - [wasabi] Retry Loop 03 is called. MaxDuration : 10000
2023-09-03 22:28:19,052 [myid:] - ERROR [VCC0-SendThread():o.a.z.ClientCnxn$SendThread@1179] - [wasabi] Retry Loop 03 is called. MaxDuration : 10000
2023-09-03 22:28:19,055 [myid:] - ERROR [VCC2-SendThread():o.a.z.ClientCnxn$SendThread@1179] - [wasabi] Retry Loop 03 is called. MaxDuration : 10000
2023-09-03 22:28:19,161 [myid:] - ERROR [VCC1-SendThread():o.a.z.ClientCnxn$SendThread@1179] - [wasabi] Retry Loop 03 is called. MaxDuration : 10000
2023-09-03 22:28:19,162 [myid:] - ERROR [VCC0-SendThread():o.a.z.ClientCnxn$SendThread@1179] - [wasabi] Retry Loop 03 is called. MaxDuration : 10000
2023-09-03 22:28:19,165 [myid:] - ERROR [VCC2-SendThread():o.a.z.ClientCnxn$SendThread@1179] - [wasabi] Retry Loop 03 is called. MaxDuration : 10000
2023-09-03 22:28:19,273 [myid:] - ERROR [VCC1-SendThread():o.a.z.ClientCnxn$SendThread@1179] - [wasabi] Retry Loop 03 is called. MaxDuration : 10000
2023-09-03 22:28:19,274 [myid:] - ERROR [VCC0-SendThread():o.a.z.ClientCnxn$SendThread@1179] - [wasabi] Retry Loop 03 is called. MaxDuration : 10000
2023-09-03 22:28:19,275 [myid:] - ERROR [VCC2-SendThread():o.a.z.ClientCnxn$SendThread@1179] - [wasabi] Retry Loop 03 is called. MaxDuration : 10000
2023-09-03 22:28:19,383 [myid:] - ERROR [VCC1-SendThread():o.a.z.ClientCnxn$SendThread@1179] - [wasabi] Retry Loop 03 is called. MaxDuration : 10000
2023-09-03 22:28:19,384 [myid:] - ERROR [VCC2-SendThread():o.a.z.ClientCnxn$SendThread@1179] - [wasabi] Retry Loop 03 is called. MaxDuration : 10000
2023-09-03 22:28:19,385 [myid:] - ERROR [VCC0-SendThread():o.a.z.ClientCnxn$SendThread@1179] - [wasabi] Retry Loop 03 is called. MaxDuration : 10000
2023-09-03 22:28:19,491 [myid:] - ERROR [VCC1-SendThread():o.a.z.ClientCnxn$SendThread@1179] - [wasabi] Retry Loop 03 is called. MaxDuration : 10000
2023-09-03 22:28:19,493 [myid:] - ERROR [VCC0-SendThread():o.a.z.ClientCnxn$SendThread@1179] - [wasabi] Retry Loop 03 is called. MaxDuration : 10000
2023-09-03 22:28:19,495 [myid:] - ERROR [VCC2-SendThread():o.a.z.ClientCnxn$SendThread@1179] - [wasabi] Retry Loop 03 is called. MaxDuration : 10000
2023-09-03 22:28:19,601 [myid:] - ERROR [VCC1-SendThread():o.a.z.ClientCnxn$SendThread@1179] - [wasabi] Retry Loop 03 is called. MaxDuration : 10000
2023-09-03 22:28:19,602 [myid:] - ERROR [VCC0-SendThread():o.a.z.ClientCnxn$SendThread@1179] - [wasabi] Retry Loop 03 is called. MaxDuration : 10000
2023-09-03 22:28:19,604 [myid:] - ERROR [VCC2-SendThread():o.a.z.ClientCnxn$SendThread@1179] - [wasabi] Retry Loop 03 is called. MaxDuration : 10000
2023-09-03 22:28:19,709 [myid:] - ERROR [VCC1-SendThread():o.a.z.ClientCnxn$SendThread@1179] - [wasabi] Retry Loop 03 is called. MaxDuration : 10000
2023-09-03 22:28:19,711 [myid:] - ERROR [VCC0-SendThread():o.a.z.ClientCnxn$SendThread@1179] - [wasabi] Retry Loop 03 is called. MaxDuration : 10000
2023-09-03 22:28:19,715 [myid:] - ERROR [VCC2-SendThread():o.a.z.ClientCnxn$SendThread@1179] - [wasabi] Retry Loop 03 is called. MaxDuration : 10000
2023-09-03 22:28:19,837 [myid:] - ERROR [main:o.w.l.WasabiListener5@30] - [wasabi] testClientCleanup() is finished
2023-09-03 22:28:19,838 [myid:] - ERROR [main:o.w.l.WasabiListener5@31] - [WASABIEND]
]]></system-out>
  </testcase>
  <testcase name="testClientwithoutWatcherObj()" classname="ChrootClientTest" time="2.501">
    <system-out><![CDATA[2023-09-03 22:28:19,841 [myid:] - ERROR [main:o.w.l.WasabiListener5@22] - [WASABISTART]
2023-09-03 22:28:19,842 [myid:] - ERROR [main:o.w.l.WasabiListener5@23] - [wasabi] testClientwithoutWatcherObj() is started
127.0.0.1:30116/chrootclienttest
2023-09-03 22:28:19,870 [myid:] - ERROR [main-SendThread():o.a.z.ClientCnxn$SendThread@1179] - [wasabi] Retry Loop 03 is called. MaxDuration : 10000
2023-09-03 22:28:19,993 [myid:] - ERROR [main-SendThread():o.a.z.ClientCnxn$SendThread@1179] - [wasabi] Retry Loop 03 is called. MaxDuration : 10000
2023-09-03 22:28:22,115 [myid:] - ERROR [main-SendThread():o.a.z.ClientCnxn$SendThread@1179] - [wasabi] Retry Loop 03 is called. MaxDuration : 10000
2023-09-03 22:28:22,344 [myid:] - ERROR [main:o.w.l.WasabiListener5@30] - [wasabi] testClientwithoutWatcherObj() is finished
2023-09-03 22:28:22,344 [myid:] - ERROR [main:o.w.l.WasabiListener5@31] - [WASABIEND]
]]></system-out>
  </testcase>
  <testcase name="testSequentialNodeData()" classname="ChrootClientTest" time="0.247">
    <system-out><![CDATA[2023-09-03 22:28:22,345 [myid:] - ERROR [main:o.w.l.WasabiListener5@22] - [WASABISTART]
2023-09-03 22:28:22,345 [myid:] - ERROR [main:o.w.l.WasabiListener5@23] - [wasabi] testSequentialNodeData() is started
127.0.0.1:30117/chrootclienttest
2023-09-03 22:28:22,355 [myid:] - ERROR [main-SendThread():o.a.z.ClientCnxn$SendThread@1179] - [wasabi] Retry Loop 03 is called. MaxDuration : 10000
2023-09-03 22:28:22,468 [myid:] - ERROR [main-SendThread():o.a.z.ClientCnxn$SendThread@1179] - [wasabi] Retry Loop 03 is called. MaxDuration : 10000
2023-09-03 22:28:22,592 [myid:] - ERROR [main:o.w.l.WasabiListener5@30] - [wasabi] testSequentialNodeData() is finished
2023-09-03 22:28:22,592 [myid:] - ERROR [main:o.w.l.WasabiListener5@31] - [WASABIEND]
]]></system-out>
  </testcase>
  <testcase name="testSequentialNodeNames()" classname="ChrootClientTest" time="0.516">
    <system-out><![CDATA[2023-09-03 22:28:22,593 [myid:] - ERROR [main:o.w.l.WasabiListener5@22] - [WASABISTART]
2023-09-03 22:28:22,594 [myid:] - ERROR [main:o.w.l.WasabiListener5@23] - [wasabi] testSequentialNodeNames() is started
127.0.0.1:30118/chrootclienttest
2023-09-03 22:28:22,608 [myid:] - ERROR [main-SendThread():o.a.z.ClientCnxn$SendThread@1179] - [wasabi] Retry Loop 03 is called. MaxDuration : 10000
2023-09-03 22:28:22,722 [myid:] - ERROR [main-SendThread():o.a.z.ClientCnxn$SendThread@1179] - [wasabi] Retry Loop 03 is called. MaxDuration : 10000
2023-09-03 22:28:23,110 [myid:] - ERROR [main:o.w.l.WasabiListener5@30] - [wasabi] testSequentialNodeNames() is finished
2023-09-03 22:28:23,110 [myid:] - ERROR [main:o.w.l.WasabiListener5@31] - [WASABIEND]
]]></system-out>
  </testcase>
  <testcase name="testClientWithWatcherObj()" classname="ChrootClientTest" time="2.477">
    <system-out><![CDATA[2023-09-03 22:28:23,111 [myid:] - ERROR [main:o.w.l.WasabiListener5@22] - [WASABISTART]
2023-09-03 22:28:23,111 [myid:] - ERROR [main:o.w.l.WasabiListener5@23] - [wasabi] testClientWithWatcherObj() is started
127.0.0.1:30119/chrootclienttest
2023-09-03 22:28:23,121 [myid:] - ERROR [main-SendThread():o.a.z.ClientCnxn$SendThread@1179] - [wasabi] Retry Loop 03 is called. MaxDuration : 10000
2023-09-03 22:28:23,239 [myid:] - ERROR [main-SendThread():o.a.z.ClientCnxn$SendThread@1179] - [wasabi] Retry Loop 03 is called. MaxDuration : 10000
2023-09-03 22:28:25,357 [myid:] - ERROR [main-SendThread():o.a.z.ClientCnxn$SendThread@1179] - [wasabi] Retry Loop 03 is called. MaxDuration : 10000
2023-09-03 22:28:25,588 [myid:] - ERROR [main:o.w.l.WasabiListener5@30] - [wasabi] testClientWithWatcherObj() is finished
2023-09-03 22:28:25,588 [myid:] - ERROR [main:o.w.l.WasabiListener5@31] - [WASABIEND]
]]></system-out>
  </testcase>
  <testcase name="testTestability()" classname="ChrootClientTest" time="0.266">
    <system-out><![CDATA[2023-09-03 22:28:25,592 [myid:] - ERROR [main:o.w.l.WasabiListener5@22] - [WASABISTART]
2023-09-03 22:28:25,592 [myid:] - ERROR [main:o.w.l.WasabiListener5@23] - [wasabi] testTestability() is started
127.0.0.1:30120/chrootclienttest
2023-09-03 22:28:25,621 [myid:] - ERROR [main-SendThread():o.a.z.ClientCnxn$SendThread@1179] - [wasabi] Retry Loop 03 is called. MaxDuration : 10000
2023-09-03 22:28:25,739 [myid:] - ERROR [main-SendThread():o.a.z.ClientCnxn$SendThread@1179] - [wasabi] Retry Loop 03 is called. MaxDuration : 10000
2023-09-03 22:28:25,858 [myid:] - ERROR [main:o.w.l.WasabiListener5@30] - [wasabi] testTestability() is finished
2023-09-03 22:28:25,858 [myid:] - ERROR [main:o.w.l.WasabiListener5@31] - [WASABIEND]
]]></system-out>
  </testcase>
  <testcase name="testNullAuthId()" classname="ChrootClientTest" time="0.468">
    <system-out><![CDATA[2023-09-03 22:28:25,860 [myid:] - ERROR [main:o.w.l.WasabiListener5@22] - [WASABISTART]
2023-09-03 22:28:25,860 [myid:] - ERROR [main:o.w.l.WasabiListener5@23] - [wasabi] testNullAuthId() is started
127.0.0.1:30121/chrootclienttest
2023-09-03 22:28:25,876 [myid:] - ERROR [main-SendThread():o.a.z.ClientCnxn$SendThread@1179] - [wasabi] Retry Loop 03 is called. MaxDuration : 10000
2023-09-03 22:28:25,991 [myid:] - ERROR [main-SendThread():o.a.z.ClientCnxn$SendThread@1179] - [wasabi] Retry Loop 03 is called. MaxDuration : 10000
2023-09-03 22:28:26,104 [myid:] - ERROR [main-SendThread():o.a.z.ClientCnxn$SendThread@1179] - [wasabi] Retry Loop 03 is called. MaxDuration : 10000
2023-09-03 22:28:26,217 [myid:] - ERROR [main-SendThread():o.a.z.ClientCnxn$SendThread@1179] - [wasabi] Retry Loop 03 is called. MaxDuration : 10000
2023-09-03 22:28:26,328 [myid:] - ERROR [main:o.w.l.WasabiListener5@30] - [wasabi] testNullAuthId() is finished
2023-09-03 22:28:26,329 [myid:] - ERROR [main:o.w.l.WasabiListener5@31] - [WASABIEND]
]]></system-out>
  </testcase>
  <testcase name="testNonExistingOpCode()" classname="ChrootClientTest" time="1.939">
    <system-out><![CDATA[2023-09-03 22:28:26,330 [myid:] - ERROR [main:o.w.l.WasabiListener5@22] - [WASABISTART]
2023-09-03 22:28:26,330 [myid:] - ERROR [main:o.w.l.WasabiListener5@23] - [wasabi] testNonExistingOpCode() is started
127.0.0.1:30122/chrootclienttest
2023-09-03 22:28:26,340 [myid:] - ERROR [main-SendThread():o.a.z.ClientCnxn$SendThread@1179] - [wasabi] Retry Loop 03 is called. MaxDuration : 10000
2023-09-03 22:28:26,455 [myid:] - ERROR [main-SendThread():o.a.z.ClientCnxn$SendThread@1179] - [wasabi] Retry Loop 03 is called. MaxDuration : 10000
2023-09-03 22:28:28,267 [myid:] - ERROR [main:o.w.l.WasabiListener5@30] - [wasabi] testNonExistingOpCode() is finished
2023-09-03 22:28:28,268 [myid:] - ERROR [main:o.w.l.WasabiListener5@31] - [WASABIEND]
]]></system-out>
  </testcase>
  <testcase name="testDeleteWithChildren()" classname="ChrootClientTest" time="0.252">
    <system-out><![CDATA[2023-09-03 22:28:28,270 [myid:] - ERROR [main:o.w.l.WasabiListener5@22] - [WASABISTART]
2023-09-03 22:28:28,271 [myid:] - ERROR [main:o.w.l.WasabiListener5@23] - [wasabi] testDeleteWithChildren() is started
127.0.0.1:30123/chrootclienttest
2023-09-03 22:28:28,284 [myid:] - ERROR [main-SendThread():o.a.z.ClientCnxn$SendThread@1179] - [wasabi] Retry Loop 03 is called. MaxDuration : 10000
2023-09-03 22:28:28,397 [myid:] - ERROR [main-SendThread():o.a.z.ClientCnxn$SendThread@1179] - [wasabi] Retry Loop 03 is called. MaxDuration : 10000
2023-09-03 22:28:28,524 [myid:] - ERROR [main:o.w.l.WasabiListener5@30] - [wasabi] testDeleteWithChildren() is finished
2023-09-03 22:28:28,524 [myid:] - ERROR [main:o.w.l.WasabiListener5@31] - [WASABIEND]
]]></system-out>
  </testcase>
  <testcase name="testPathValidation()" classname="ChrootClientTest" time="0.299">
    <system-out><![CDATA[2023-09-03 22:28:28,525 [myid:] - ERROR [main:o.w.l.WasabiListener5@22] - [WASABISTART]
2023-09-03 22:28:28,525 [myid:] - ERROR [main:o.w.l.WasabiListener5@23] - [wasabi] testPathValidation() is started
127.0.0.1:30124/chrootclienttest
2023-09-03 22:28:28,535 [myid:] - ERROR [main-SendThread():o.a.z.ClientCnxn$SendThread@1179] - [wasabi] Retry Loop 03 is called. MaxDuration : 10000
2023-09-03 22:28:28,647 [myid:] - ERROR [main-SendThread():o.a.z.ClientCnxn$SendThread@1179] - [wasabi] Retry Loop 03 is called. MaxDuration : 10000
2023-09-03 22:28:28,823 [myid:] - ERROR [main:o.w.l.WasabiListener5@30] - [wasabi] testPathValidation() is finished
2023-09-03 22:28:28,824 [myid:] - ERROR [main:o.w.l.WasabiListener5@31] - [WASABIEND]
]]></system-out>
  </testcase>
  <testcase name="testLargeNodeData()" classname="ChrootClientTest" time="0.248">
    <system-out><![CDATA[2023-09-03 22:28:28,826 [myid:] - ERROR [main:o.w.l.WasabiListener5@22] - [WASABISTART]
2023-09-03 22:28:28,826 [myid:] - ERROR [main:o.w.l.WasabiListener5@23] - [wasabi] testLargeNodeData() is started
127.0.0.1:30125/chrootclienttest
2023-09-03 22:28:28,838 [myid:] - ERROR [main-SendThread():o.a.z.ClientCnxn$SendThread@1179] - [wasabi] Retry Loop 03 is called. MaxDuration : 10000
2023-09-03 22:28:28,950 [myid:] - ERROR [main-SendThread():o.a.z.ClientCnxn$SendThread@1179] - [wasabi] Retry Loop 03 is called. MaxDuration : 10000
2023-09-03 22:28:29,074 [myid:] - ERROR [main:o.w.l.WasabiListener5@30] - [wasabi] testLargeNodeData() is finished
2023-09-03 22:28:29,074 [myid:] - ERROR [main:o.w.l.WasabiListener5@31] - [WASABIEND]
]]></system-out>
  </testcase>
  <testcase name="testMutipleWatcherObjs()" classname="ChrootClientTest" time="1.97">
    <system-out><![CDATA[2023-09-03 22:28:29,076 [myid:] - ERROR [main:o.w.l.WasabiListener5@22] - [WASABISTART]
2023-09-03 22:28:29,076 [myid:] - ERROR [main:o.w.l.WasabiListener5@23] - [wasabi] testMutipleWatcherObjs() is started
127.0.0.1:30126/chrootclienttest
2023-09-03 22:28:29,085 [myid:] - ERROR [main-SendThread():o.a.z.ClientCnxn$SendThread@1179] - [wasabi] Retry Loop 03 is called. MaxDuration : 10000
2023-09-03 22:28:29,198 [myid:] - ERROR [main-SendThread():o.a.z.ClientCnxn$SendThread@1179] - [wasabi] Retry Loop 03 is called. MaxDuration : 10000
2023-09-03 22:28:31,045 [myid:] - ERROR [main:o.w.l.WasabiListener5@30] - [wasabi] testMutipleWatcherObjs() is finished
2023-09-03 22:28:31,045 [myid:] - ERROR [main:o.w.l.WasabiListener5@31] - [WASABIEND]
]]></system-out>
  </testcase>
  <testcase name="testCXidRollover()" classname="ChrootClientTest" time="0.299">
    <system-out><![CDATA[2023-09-03 22:28:31,046 [myid:] - ERROR [main:o.w.l.WasabiListener5@22] - [WASABISTART]
2023-09-03 22:28:31,047 [myid:] - ERROR [main:o.w.l.WasabiListener5@23] - [wasabi] testCXidRollover() is started
127.0.0.1:30127/chrootclienttest
2023-09-03 22:28:31,061 [myid:] - ERROR [main-SendThread():o.a.z.ClientCnxn$SendThread@1179] - [wasabi] Retry Loop 03 is called. MaxDuration : 10000
2023-09-03 22:28:31,173 [myid:] - ERROR [main-SendThread():o.a.z.ClientCnxn$SendThread@1179] - [wasabi] Retry Loop 03 is called. MaxDuration : 10000
2023-09-03 22:28:31,346 [myid:] - ERROR [main:o.w.l.WasabiListener5@30] - [wasabi] testCXidRollover() is finished
2023-09-03 22:28:31,346 [myid:] - ERROR [main:o.w.l.WasabiListener5@31] - [WASABIEND]
]]></system-out>
  </testcase>
  <testcase name="testPing()" classname="ChrootClientTest" time="0.124">
    <system-out><![CDATA[2023-09-03 22:28:31,347 [myid:] - ERROR [main:o.w.l.WasabiListener5@22] - [WASABISTART]
2023-09-03 22:28:31,347 [myid:] - ERROR [main:o.w.l.WasabiListener5@23] - [wasabi] testPing() is started
127.0.0.1:30128/chrootclienttest
2023-09-03 22:28:31,357 [myid:] - ERROR [main-SendThread():o.a.z.ClientCnxn$SendThread@1179] - [wasabi] Retry Loop 03 is called. MaxDuration : 10000
2023-09-03 22:28:31,472 [myid:] - ERROR [main:o.w.l.WasabiListener5@30] - [wasabi] testPing() is finished
2023-09-03 22:28:31,472 [myid:] - ERROR [main:o.w.l.WasabiListener5@31] - [WASABIEND]
]]></system-out>
  </testcase>
  <testcase name="testTryWithResources()" classname="ClientTest" time="0.126">
    <system-out><![CDATA[2023-09-03 22:28:31,475 [myid:] - ERROR [main:o.w.l.WasabiListener5@22] - [WASABISTART]
2023-09-03 22:28:31,475 [myid:] - ERROR [main:o.w.l.WasabiListener5@23] - [wasabi] testTryWithResources() is started
2023-09-03 22:28:31,485 [myid:] - ERROR [main-SendThread():o.a.z.ClientCnxn$SendThread@1179] - [wasabi] Retry Loop 03 is called. MaxDuration : 10000
2023-09-03 22:28:31,599 [myid:] - ERROR [main:o.w.l.WasabiListener5@30] - [wasabi] testTryWithResources() is finished
2023-09-03 22:28:31,600 [myid:] - ERROR [main:o.w.l.WasabiListener5@31] - [WASABIEND]
]]></system-out>
  </testcase>
  <testcase name="testACLs()" classname="ClientTest" time="0.388">
    <system-out><![CDATA[2023-09-03 22:28:31,603 [myid:] - ERROR [main:o.w.l.WasabiListener5@22] - [WASABISTART]
2023-09-03 22:28:31,604 [myid:] - ERROR [main:o.w.l.WasabiListener5@23] - [wasabi] testACLs() is started
2023-09-03 22:28:31,629 [myid:] - ERROR [main-SendThread():o.a.z.ClientCnxn$SendThread@1179] - [wasabi] Retry Loop 03 is called. MaxDuration : 10000
2023-09-03 22:28:31,756 [myid:] - ERROR [main-SendThread():o.a.z.ClientCnxn$SendThread@1179] - [wasabi] Retry Loop 03 is called. MaxDuration : 10000
2023-09-03 22:28:31,876 [myid:] - ERROR [main-SendThread():o.a.z.ClientCnxn$SendThread@1179] - [wasabi] Retry Loop 03 is called. MaxDuration : 10000
2023-09-03 22:28:31,993 [myid:] - ERROR [main:o.w.l.WasabiListener5@30] - [wasabi] testACLs() is finished
2023-09-03 22:28:31,993 [myid:] - ERROR [main:o.w.l.WasabiListener5@31] - [WASABIEND]
]]></system-out>
  </testcase>
  <testcase name="testPing()" classname="ClientTest" time="10.321">
    <system-out><![CDATA[2023-09-03 22:28:31,995 [myid:] - ERROR [main:o.w.l.WasabiListener5@22] - [WASABISTART]
2023-09-03 22:28:31,995 [myid:] - ERROR [main:o.w.l.WasabiListener5@23] - [wasabi] testPing() is started
2023-09-03 22:28:32,012 [myid:] - ERROR [main-SendThread():o.a.z.ClientCnxn$SendThread@1179] - [wasabi] Retry Loop 03 is called. MaxDuration : 10000
2023-09-03 22:28:32,020 [myid:] - ERROR [main-SendThread():o.a.z.ClientCnxn$SendThread@1179] - [wasabi] Retry Loop 03 is called. MaxDuration : 10000
2023-09-03 22:28:42,315 [myid:] - ERROR [main:o.w.l.WasabiListener5@30] - [wasabi] testPing() is finished
2023-09-03 22:28:42,316 [myid:] - ERROR [main:o.w.l.WasabiListener5@31] - [WASABIEND]
]]></system-out>
  </testcase>
  <testcase name="testClientCleanup()" classname="ClientTest" time="1.119">
    <system-out><![CDATA[2023-09-03 22:28:42,317 [myid:] - ERROR [main:o.w.l.WasabiListener5@22] - [WASABISTART]
2023-09-03 22:28:42,318 [myid:] - ERROR [main:o.w.l.WasabiListener5@23] - [wasabi] testClientCleanup() is started
2023-09-03 22:28:42,334 [myid:] - ERROR [VCC0-SendThread():o.a.z.ClientCnxn$SendThread@1179] - [wasabi] Retry Loop 03 is called. MaxDuration : 10000
2023-09-03 22:28:42,335 [myid:] - ERROR [VCC1-SendThread():o.a.z.ClientCnxn$SendThread@1179] - [wasabi] Retry Loop 03 is called. MaxDuration : 10000
2023-09-03 22:28:42,336 [myid:] - ERROR [VCC2-SendThread():o.a.z.ClientCnxn$SendThread@1179] - [wasabi] Retry Loop 03 is called. MaxDuration : 10000
2023-09-03 22:28:42,445 [myid:] - ERROR [VCC1-SendThread():o.a.z.ClientCnxn$SendThread@1179] - [wasabi] Retry Loop 03 is called. MaxDuration : 10000
2023-09-03 22:28:42,447 [myid:] - ERROR [VCC0-SendThread():o.a.z.ClientCnxn$SendThread@1179] - [wasabi] Retry Loop 03 is called. MaxDuration : 10000
2023-09-03 22:28:42,448 [myid:] - ERROR [VCC2-SendThread():o.a.z.ClientCnxn$SendThread@1179] - [wasabi] Retry Loop 03 is called. MaxDuration : 10000
2023-09-03 22:28:42,558 [myid:] - ERROR [VCC1-SendThread():o.a.z.ClientCnxn$SendThread@1179] - [wasabi] Retry Loop 03 is called. MaxDuration : 10000
2023-09-03 22:28:42,560 [myid:] - ERROR [VCC0-SendThread():o.a.z.ClientCnxn$SendThread@1179] - [wasabi] Retry Loop 03 is called. MaxDuration : 10000
2023-09-03 22:28:42,561 [myid:] - ERROR [VCC2-SendThread():o.a.z.ClientCnxn$SendThread@1179] - [wasabi] Retry Loop 03 is called. MaxDuration : 10000
2023-09-03 22:28:42,667 [myid:] - ERROR [VCC1-SendThread():o.a.z.ClientCnxn$SendThread@1179] - [wasabi] Retry Loop 03 is called. MaxDuration : 10000
2023-09-03 22:28:42,668 [myid:] - ERROR [VCC0-SendThread():o.a.z.ClientCnxn$SendThread@1179] - [wasabi] Retry Loop 03 is called. MaxDuration : 10000
2023-09-03 22:28:42,669 [myid:] - ERROR [VCC2-SendThread():o.a.z.ClientCnxn$SendThread@1179] - [wasabi] Retry Loop 03 is called. MaxDuration : 10000
2023-09-03 22:28:42,778 [myid:] - ERROR [VCC2-SendThread():o.a.z.ClientCnxn$SendThread@1179] - [wasabi] Retry Loop 03 is called. MaxDuration : 10000
2023-09-03 22:28:42,775 [myid:] - ERROR [VCC1-SendThread():o.a.z.ClientCnxn$SendThread@1179] - [wasabi] Retry Loop 03 is called. MaxDuration : 10000
2023-09-03 22:28:42,783 [myid:] - ERROR [VCC0-SendThread():o.a.z.ClientCnxn$SendThread@1179] - [wasabi] Retry Loop 03 is called. MaxDuration : 10000
2023-09-03 22:28:42,890 [myid:] - ERROR [VCC2-SendThread():o.a.z.ClientCnxn$SendThread@1179] - [wasabi] Retry Loop 03 is called. MaxDuration : 10000
2023-09-03 22:28:42,893 [myid:] - ERROR [VCC1-SendThread():o.a.z.ClientCnxn$SendThread@1179] - [wasabi] Retry Loop 03 is called. MaxDuration : 10000
2023-09-03 22:28:42,893 [myid:] - ERROR [VCC0-SendThread():o.a.z.ClientCnxn$SendThread@1179] - [wasabi] Retry Loop 03 is called. MaxDuration : 10000
2023-09-03 22:28:42,999 [myid:] - ERROR [VCC2-SendThread():o.a.z.ClientCnxn$SendThread@1179] - [wasabi] Retry Loop 03 is called. MaxDuration : 10000
2023-09-03 22:28:43,001 [myid:] - ERROR [VCC0-SendThread():o.a.z.ClientCnxn$SendThread@1179] - [wasabi] Retry Loop 03 is called. MaxDuration : 10000
2023-09-03 22:28:43,001 [myid:] - ERROR [VCC1-SendThread():o.a.z.ClientCnxn$SendThread@1179] - [wasabi] Retry Loop 03 is called. MaxDuration : 10000
2023-09-03 22:28:43,106 [myid:] - ERROR [VCC2-SendThread():o.a.z.ClientCnxn$SendThread@1179] - [wasabi] Retry Loop 03 is called. MaxDuration : 10000
2023-09-03 22:28:43,107 [myid:] - ERROR [VCC1-SendThread():o.a.z.ClientCnxn$SendThread@1179] - [wasabi] Retry Loop 03 is called. MaxDuration : 10000
2023-09-03 22:28:43,108 [myid:] - ERROR [VCC0-SendThread():o.a.z.ClientCnxn$SendThread@1179] - [wasabi] Retry Loop 03 is called. MaxDuration : 10000
2023-09-03 22:28:43,214 [myid:] - ERROR [VCC2-SendThread():o.a.z.ClientCnxn$SendThread@1179] - [wasabi] Retry Loop 03 is called. MaxDuration : 10000
2023-09-03 22:28:43,216 [myid:] - ERROR [VCC1-SendThread():o.a.z.ClientCnxn$SendThread@1179] - [wasabi] Retry Loop 03 is called. MaxDuration : 10000
2023-09-03 22:28:43,216 [myid:] - ERROR [VCC0-SendThread():o.a.z.ClientCnxn$SendThread@1179] - [wasabi] Retry Loop 03 is called. MaxDuration : 10000
2023-09-03 22:28:43,322 [myid:] - ERROR [VCC2-SendThread():o.a.z.ClientCnxn$SendThread@1179] - [wasabi] Retry Loop 03 is called. MaxDuration : 10000
2023-09-03 22:28:43,323 [myid:] - ERROR [VCC0-SendThread():o.a.z.ClientCnxn$SendThread@1179] - [wasabi] Retry Loop 03 is called. MaxDuration : 10000
2023-09-03 22:28:43,324 [myid:] - ERROR [VCC1-SendThread():o.a.z.ClientCnxn$SendThread@1179] - [wasabi] Retry Loop 03 is called. MaxDuration : 10000
2023-09-03 22:28:43,436 [myid:] - ERROR [main:o.w.l.WasabiListener5@30] - [wasabi] testClientCleanup() is finished
2023-09-03 22:28:43,437 [myid:] - ERROR [main:o.w.l.WasabiListener5@31] - [WASABIEND]
]]></system-out>
  </testcase>
  <testcase name="testClientwithoutWatcherObj()" classname="ClientTest" time="2.351">
    <system-out><![CDATA[2023-09-03 22:28:43,438 [myid:] - ERROR [main:o.w.l.WasabiListener5@22] - [WASABISTART]
2023-09-03 22:28:43,438 [myid:] - ERROR [main:o.w.l.WasabiListener5@23] - [wasabi] testClientwithoutWatcherObj() is started
2023-09-03 22:28:43,449 [myid:] - ERROR [main-SendThread():o.a.z.ClientCnxn$SendThread@1179] - [wasabi] Retry Loop 03 is called. MaxDuration : 10000
2023-09-03 22:28:45,565 [myid:] - ERROR [main-SendThread():o.a.z.ClientCnxn$SendThread@1179] - [wasabi] Retry Loop 03 is called. MaxDuration : 10000
2023-09-03 22:28:45,789 [myid:] - ERROR [main:o.w.l.WasabiListener5@30] - [wasabi] testClientwithoutWatcherObj() is finished
2023-09-03 22:28:45,789 [myid:] - ERROR [main:o.w.l.WasabiListener5@31] - [WASABIEND]
]]></system-out>
  </testcase>
  <testcase name="testSequentialNodeData()" classname="ClientTest" time="0.138">
    <system-out><![CDATA[2023-09-03 22:28:45,791 [myid:] - ERROR [main:o.w.l.WasabiListener5@22] - [WASABISTART]
2023-09-03 22:28:45,791 [myid:] - ERROR [main:o.w.l.WasabiListener5@23] - [wasabi] testSequentialNodeData() is started
2023-09-03 22:28:45,801 [myid:] - ERROR [main-SendThread():o.a.z.ClientCnxn$SendThread@1179] - [wasabi] Retry Loop 03 is called. MaxDuration : 10000
2023-09-03 22:28:45,928 [myid:] - ERROR [main:o.w.l.WasabiListener5@30] - [wasabi] testSequentialNodeData() is finished
2023-09-03 22:28:45,928 [myid:] - ERROR [main:o.w.l.WasabiListener5@31] - [WASABIEND]
]]></system-out>
  </testcase>
  <testcase name="testSequentialNodeNames()" classname="ClientTest" time="0.472">
    <system-out><![CDATA[2023-09-03 22:28:45,931 [myid:] - ERROR [main:o.w.l.WasabiListener5@22] - [WASABISTART]
2023-09-03 22:28:45,932 [myid:] - ERROR [main:o.w.l.WasabiListener5@23] - [wasabi] testSequentialNodeNames() is started
2023-09-03 22:28:45,955 [myid:] - ERROR [main-SendThread():o.a.z.ClientCnxn$SendThread@1179] - [wasabi] Retry Loop 03 is called. MaxDuration : 10000
2023-09-03 22:28:46,404 [myid:] - ERROR [main:o.w.l.WasabiListener5@30] - [wasabi] testSequentialNodeNames() is finished
2023-09-03 22:28:46,404 [myid:] - ERROR [main:o.w.l.WasabiListener5@31] - [WASABIEND]
]]></system-out>
  </testcase>
  <testcase name="testClientWithWatcherObj()" classname="ClientTest" time="2.345">
    <system-out><![CDATA[2023-09-03 22:28:46,405 [myid:] - ERROR [main:o.w.l.WasabiListener5@22] - [WASABISTART]
2023-09-03 22:28:46,405 [myid:] - ERROR [main:o.w.l.WasabiListener5@23] - [wasabi] testClientWithWatcherObj() is started
2023-09-03 22:28:46,415 [myid:] - ERROR [main-SendThread():o.a.z.ClientCnxn$SendThread@1179] - [wasabi] Retry Loop 03 is called. MaxDuration : 10000
2023-09-03 22:28:48,532 [myid:] - ERROR [main-SendThread():o.a.z.ClientCnxn$SendThread@1179] - [wasabi] Retry Loop 03 is called. MaxDuration : 10000
2023-09-03 22:28:48,748 [myid:] - ERROR [main:o.w.l.WasabiListener5@30] - [wasabi] testClientWithWatcherObj() is finished
2023-09-03 22:28:48,749 [myid:] - ERROR [main:o.w.l.WasabiListener5@31] - [WASABIEND]
]]></system-out>
  </testcase>
  <testcase name="testTestability()" classname="ClientTest" time="0.136">
    <system-out><![CDATA[2023-09-03 22:28:48,750 [myid:] - ERROR [main:o.w.l.WasabiListener5@22] - [WASABISTART]
2023-09-03 22:28:48,751 [myid:] - ERROR [main:o.w.l.WasabiListener5@23] - [wasabi] testTestability() is started
2023-09-03 22:28:48,767 [myid:] - ERROR [main-SendThread():o.a.z.ClientCnxn$SendThread@1179] - [wasabi] Retry Loop 03 is called. MaxDuration : 10000
2023-09-03 22:28:48,885 [myid:] - ERROR [main:o.w.l.WasabiListener5@30] - [wasabi] testTestability() is finished
2023-09-03 22:28:48,886 [myid:] - ERROR [main:o.w.l.WasabiListener5@31] - [WASABIEND]
]]></system-out>
  </testcase>
  <testcase name="testNullAuthId()" classname="ClientTest" time="0.368">
    <system-out><![CDATA[2023-09-03 22:28:48,887 [myid:] - ERROR [main:o.w.l.WasabiListener5@22] - [WASABISTART]
2023-09-03 22:28:48,888 [myid:] - ERROR [main:o.w.l.WasabiListener5@23] - [wasabi] testNullAuthId() is started
2023-09-03 22:28:48,909 [myid:] - ERROR [main-SendThread():o.a.z.ClientCnxn$SendThread@1179] - [wasabi] Retry Loop 03 is called. MaxDuration : 10000
2023-09-03 22:28:49,023 [myid:] - ERROR [main-SendThread():o.a.z.ClientCnxn$SendThread@1179] - [wasabi] Retry Loop 03 is called. MaxDuration : 10000
2023-09-03 22:28:49,145 [myid:] - ERROR [main-SendThread():o.a.z.ClientCnxn$SendThread@1179] - [wasabi] Retry Loop 03 is called. MaxDuration : 10000
2023-09-03 22:28:49,255 [myid:] - ERROR [main:o.w.l.WasabiListener5@30] - [wasabi] testNullAuthId() is finished
2023-09-03 22:28:49,256 [myid:] - ERROR [main:o.w.l.WasabiListener5@31] - [WASABIEND]
]]></system-out>
  </testcase>
  <testcase name="testNonExistingOpCode()" classname="ClientTest" time="2.162">
    <system-out><![CDATA[2023-09-03 22:28:49,256 [myid:] - ERROR [main:o.w.l.WasabiListener5@22] - [WASABISTART]
2023-09-03 22:28:49,257 [myid:] - ERROR [main:o.w.l.WasabiListener5@23] - [wasabi] testNonExistingOpCode() is started
2023-09-03 22:28:49,266 [myid:] - ERROR [main-SendThread():o.a.z.ClientCnxn$SendThread@1179] - [wasabi] Retry Loop 03 is called. MaxDuration : 10000
2023-09-03 22:28:51,419 [myid:] - ERROR [main:o.w.l.WasabiListener5@30] - [wasabi] testNonExistingOpCode() is finished
2023-09-03 22:28:51,419 [myid:] - ERROR [main:o.w.l.WasabiListener5@31] - [WASABIEND]
]]></system-out>
  </testcase>
  <testcase name="testDeleteWithChildren()" classname="ClientTest" time="0.141">
    <system-out><![CDATA[2023-09-03 22:28:51,420 [myid:] - ERROR [main:o.w.l.WasabiListener5@22] - [WASABISTART]
2023-09-03 22:28:51,420 [myid:] - ERROR [main:o.w.l.WasabiListener5@23] - [wasabi] testDeleteWithChildren() is started
2023-09-03 22:28:51,430 [myid:] - ERROR [main-SendThread():o.a.z.ClientCnxn$SendThread@1179] - [wasabi] Retry Loop 03 is called. MaxDuration : 10000
2023-09-03 22:28:51,560 [myid:] - ERROR [main:o.w.l.WasabiListener5@30] - [wasabi] testDeleteWithChildren() is finished
2023-09-03 22:28:51,561 [myid:] - ERROR [main:o.w.l.WasabiListener5@31] - [WASABIEND]
]]></system-out>
  </testcase>
  <testcase name="testPathValidation()" classname="ClientTest" time="0.19">
    <system-out><![CDATA[2023-09-03 22:28:51,562 [myid:] - ERROR [main:o.w.l.WasabiListener5@22] - [WASABISTART]
2023-09-03 22:28:51,562 [myid:] - ERROR [main:o.w.l.WasabiListener5@23] - [wasabi] testPathValidation() is started
2023-09-03 22:28:51,581 [myid:] - ERROR [main-SendThread():o.a.z.ClientCnxn$SendThread@1179] - [wasabi] Retry Loop 03 is called. MaxDuration : 10000
2023-09-03 22:28:51,750 [myid:] - ERROR [main:o.w.l.WasabiListener5@30] - [wasabi] testPathValidation() is finished
2023-09-03 22:28:51,751 [myid:] - ERROR [main:o.w.l.WasabiListener5@31] - [WASABIEND]
]]></system-out>
  </testcase>
  <testcase name="testLargeNodeData()" classname="ClientTest" time="0.156">
    <system-out><![CDATA[2023-09-03 22:28:51,753 [myid:] - ERROR [main:o.w.l.WasabiListener5@22] - [WASABISTART]
2023-09-03 22:28:51,754 [myid:] - ERROR [main:o.w.l.WasabiListener5@23] - [wasabi] testLargeNodeData() is started
2023-09-03 22:28:51,777 [myid:] - ERROR [main-SendThread():o.a.z.ClientCnxn$SendThread@1179] - [wasabi] Retry Loop 03 is called. MaxDuration : 10000
2023-09-03 22:28:51,910 [myid:] - ERROR [main:o.w.l.WasabiListener5@30] - [wasabi] testLargeNodeData() is finished
2023-09-03 22:28:51,911 [myid:] - ERROR [main:o.w.l.WasabiListener5@31] - [WASABIEND]
]]></system-out>
  </testcase>
  <testcase name="testMutipleWatcherObjs()" classname="ClientTest" time="2.028">
    <system-out><![CDATA[2023-09-03 22:28:51,913 [myid:] - ERROR [main:o.w.l.WasabiListener5@22] - [WASABISTART]
2023-09-03 22:28:51,914 [myid:] - ERROR [main:o.w.l.WasabiListener5@23] - [wasabi] testMutipleWatcherObjs() is started
2023-09-03 22:28:51,927 [myid:] - ERROR [main-SendThread():o.a.z.ClientCnxn$SendThread@1179] - [wasabi] Retry Loop 03 is called. MaxDuration : 10000
2023-09-03 22:28:53,942 [myid:] - ERROR [main:o.w.l.WasabiListener5@30] - [wasabi] testMutipleWatcherObjs() is finished
2023-09-03 22:28:53,942 [myid:] - ERROR [main:o.w.l.WasabiListener5@31] - [WASABIEND]
]]></system-out>
  </testcase>
  <testcase name="testCXidRollover()" classname="ClientTest" time="0.205">
    <system-out><![CDATA[2023-09-03 22:28:53,945 [myid:] - ERROR [main:o.w.l.WasabiListener5@22] - [WASABISTART]
2023-09-03 22:28:53,945 [myid:] - ERROR [main:o.w.l.WasabiListener5@23] - [wasabi] testCXidRollover() is started
2023-09-03 22:28:53,968 [myid:] - ERROR [main-SendThread():o.a.z.ClientCnxn$SendThread@1179] - [wasabi] Retry Loop 03 is called. MaxDuration : 10000
2023-09-03 22:28:54,150 [myid:] - ERROR [main:o.w.l.WasabiListener5@30] - [wasabi] testCXidRollover() is finished
2023-09-03 22:28:54,150 [myid:] - ERROR [main:o.w.l.WasabiListener5@31] - [WASABIEND]
]]></system-out>
  </testcase>
  <testcase name="testFourLetterWords()" classname="FourLetterWordsTest" time="0.209">
    <system-out><![CDATA[2023-09-03 22:28:54,153 [myid:] - ERROR [main:o.w.l.WasabiListener5@22] - [WASABISTART]
2023-09-03 22:28:54,153 [myid:] - ERROR [main:o.w.l.WasabiListener5@23] - [wasabi] testFourLetterWords() is started
2023-09-03 22:28:54,196 [myid:] - ERROR [main-SendThread():o.a.z.ClientCnxn$SendThread@1179] - [wasabi] Retry Loop 03 is called. MaxDuration : 10000
2023-09-03 22:28:54,361 [myid:] - ERROR [main:o.w.l.WasabiListener5@30] - [wasabi] testFourLetterWords() is finished
2023-09-03 22:28:54,362 [myid:] - ERROR [main:o.w.l.WasabiListener5@31] - [WASABIEND]
]]></system-out>
  </testcase>
  <testcase name="testSetTraceMask()" classname="FourLetterWordsTest" time="0.016">
    <system-out><![CDATA[2023-09-03 22:28:54,362 [myid:] - ERROR [main:o.w.l.WasabiListener5@22] - [WASABISTART]
2023-09-03 22:28:54,363 [myid:] - ERROR [main:o.w.l.WasabiListener5@23] - [wasabi] testSetTraceMask() is started
2023-09-03 22:28:54,378 [myid:] - ERROR [main:o.w.l.WasabiListener5@30] - [wasabi] testSetTraceMask() is finished
2023-09-03 22:28:54,379 [myid:] - ERROR [main:o.w.l.WasabiListener5@31] - [WASABIEND]
]]></system-out>
  </testcase>
  <testcase name="testValidateConsOutput()" classname="FourLetterWordsTest" time="0.239">
    <system-out><![CDATA[2023-09-03 22:28:54,380 [myid:] - ERROR [main:o.w.l.WasabiListener5@22] - [WASABISTART]
2023-09-03 22:28:54,380 [myid:] - ERROR [main:o.w.l.WasabiListener5@23] - [wasabi] testValidateConsOutput() is started
2023-09-03 22:28:54,392 [myid:] - ERROR [main-SendThread():o.a.z.ClientCnxn$SendThread@1179] - [wasabi] Retry Loop 03 is called. MaxDuration : 10000
2023-09-03 22:28:54,397 [myid:] - ERROR [main-SendThread():o.a.z.ClientCnxn$SendThread@1179] - [wasabi] Retry Loop 03 is called. MaxDuration : 10000
2023-09-03 22:28:54,619 [myid:] - ERROR [main:o.w.l.WasabiListener5@30] - [wasabi] testValidateConsOutput() is finished
2023-09-03 22:28:54,619 [myid:] - ERROR [main:o.w.l.WasabiListener5@31] - [WASABIEND]
]]></system-out>
  </testcase>
  <testcase name="testValidateSocketTimeout()" classname="FourLetterWordsTest" time="0.022">
    <system-out><![CDATA[2023-09-03 22:28:54,621 [myid:] - ERROR [main:o.w.l.WasabiListener5@22] - [WASABISTART]
2023-09-03 22:28:54,622 [myid:] - ERROR [main:o.w.l.WasabiListener5@23] - [wasabi] testValidateSocketTimeout() is started
2023-09-03 22:28:54,644 [myid:] - ERROR [main:o.w.l.WasabiListener5@30] - [wasabi] testValidateSocketTimeout() is finished
2023-09-03 22:28:54,644 [myid:] - ERROR [main:o.w.l.WasabiListener5@31] - [WASABIEND]
]]></system-out>
  </testcase>
  <testcase name="testValidateStatOutput()" classname="FourLetterWordsTest" time="0.235">
    <system-out><![CDATA[2023-09-03 22:28:54,645 [myid:] - ERROR [main:o.w.l.WasabiListener5@22] - [WASABISTART]
2023-09-03 22:28:54,645 [myid:] - ERROR [main:o.w.l.WasabiListener5@23] - [wasabi] testValidateStatOutput() is started
2023-09-03 22:28:54,659 [myid:] - ERROR [main-SendThread():o.a.z.ClientCnxn$SendThread@1179] - [wasabi] Retry Loop 03 is called. MaxDuration : 10000
2023-09-03 22:28:54,664 [myid:] - ERROR [main-SendThread():o.a.z.ClientCnxn$SendThread@1179] - [wasabi] Retry Loop 03 is called. MaxDuration : 10000
2023-09-03 22:28:54,880 [myid:] - ERROR [main:o.w.l.WasabiListener5@30] - [wasabi] testValidateStatOutput() is finished
2023-09-03 22:28:54,880 [myid:] - ERROR [main:o.w.l.WasabiListener5@31] - [WASABIEND]
]]></system-out>
  </testcase>
  <testcase name="testNullData()" classname="NullDataTest" time="0.129">
    <system-out><![CDATA[2023-09-03 22:28:54,883 [myid:] - ERROR [main:o.w.l.WasabiListener5@22] - [WASABISTART]
2023-09-03 22:28:54,883 [myid:] - ERROR [main:o.w.l.WasabiListener5@23] - [wasabi] testNullData() is started
2023-09-03 22:28:54,892 [myid:] - ERROR [main-SendThread():o.a.z.ClientCnxn$SendThread@1179] - [wasabi] Retry Loop 03 is called. MaxDuration : 10000
2023-09-03 22:28:55,012 [myid:] - ERROR [main:o.w.l.WasabiListener5@30] - [wasabi] testNullData() is finished
2023-09-03 22:28:55,012 [myid:] - ERROR [main:o.w.l.WasabiListener5@31] - [WASABIEND]
]]></system-out>
  </testcase>
  <testcase name="testMinMaxSessionTimeout()" classname="SessionTest" time="0.346">
    <system-out><![CDATA[2023-09-03 22:28:55,018 [myid:] - ERROR [main:o.w.l.WasabiListener5@22] - [WASABISTART]
2023-09-03 22:28:55,019 [myid:] - ERROR [main:o.w.l.WasabiListener5@23] - [wasabi] testMinMaxSessionTimeout() is started
2023-09-03 22:28:55,031 [myid:] - ERROR [main-SendThread():o.a.z.ClientCnxn$SendThread@1179] - [wasabi] Retry Loop 03 is called. MaxDuration : 10000
2023-09-03 22:28:55,143 [myid:] - ERROR [main-SendThread():o.a.z.ClientCnxn$SendThread@1179] - [wasabi] Retry Loop 03 is called. MaxDuration : 10000
2023-09-03 22:28:55,252 [myid:] - ERROR [main-SendThread():o.a.z.ClientCnxn$SendThread@1179] - [wasabi] Retry Loop 03 is called. MaxDuration : 10000
2023-09-03 22:28:55,365 [myid:] - ERROR [main:o.w.l.WasabiListener5@30] - [wasabi] testMinMaxSessionTimeout() is finished
2023-09-03 22:28:55,365 [myid:] - ERROR [main:o.w.l.WasabiListener5@31] - [WASABIEND]
]]></system-out>
  </testcase>
  <testcase name="testSessionMove()" classname="SessionTest" time="0.338">
    <system-out><![CDATA[2023-09-03 22:28:55,366 [myid:] - ERROR [main:o.w.l.WasabiListener5@22] - [WASABISTART]
2023-09-03 22:28:55,366 [myid:] - ERROR [main:o.w.l.WasabiListener5@23] - [wasabi] testSessionMove() is started
2023-09-03 22:28:55,377 [myid:] - ERROR [main-SendThread():o.a.z.ClientCnxn$SendThread@1179] - [wasabi] Retry Loop 03 is called. MaxDuration : 10000
2023-09-03 22:28:55,390 [myid:] - ERROR [main-SendThread():o.a.z.ClientCnxn$SendThread@1179] - [wasabi] Retry Loop 03 is called. MaxDuration : 10000
2023-09-03 22:28:55,496 [myid:] - ERROR [main-SendThread():o.a.z.ClientCnxn$SendThread@1179] - [wasabi] Retry Loop 03 is called. MaxDuration : 10000
2023-09-03 22:28:55,705 [myid:] - ERROR [main:o.w.l.WasabiListener5@30] - [wasabi] testSessionMove() is finished
2023-09-03 22:28:55,705 [myid:] - ERROR [main:o.w.l.WasabiListener5@31] - [WASABIEND]
]]></system-out>
  </testcase>
  <testcase name="testMaximumCnxnPerIP()" classname="SessionTest" time="3.024">
    <system-out><![CDATA[2023-09-03 22:28:55,706 [myid:] - ERROR [main:o.w.l.WasabiListener5@22] - [WASABISTART]
2023-09-03 22:28:55,706 [myid:] - ERROR [main:o.w.l.WasabiListener5@23] - [wasabi] testMaximumCnxnPerIP() is started
2023-09-03 22:28:55,712 [myid:] - ERROR [main-SendThread():o.a.z.ClientCnxn$SendThread@1179] - [wasabi] Retry Loop 03 is called. MaxDuration : 10000
2023-09-03 22:28:55,718 [myid:] - ERROR [main-SendThread():o.a.z.ClientCnxn$SendThread@1179] - [wasabi] Retry Loop 03 is called. MaxDuration : 10000
2023-09-03 22:28:55,723 [myid:] - ERROR [main-SendThread():o.a.z.ClientCnxn$SendThread@1179] - [wasabi] Retry Loop 03 is called. MaxDuration : 10000
2023-09-03 22:28:55,728 [myid:] - ERROR [main-SendThread():o.a.z.ClientCnxn$SendThread@1179] - [wasabi] Retry Loop 03 is called. MaxDuration : 10000
2023-09-03 22:28:58,731 [myid:] - ERROR [main:o.w.l.WasabiListener5@30] - [wasabi] testMaximumCnxnPerIP() is finished
2023-09-03 22:28:58,731 [myid:] - ERROR [main:o.w.l.WasabiListener5@31] - [WASABIEND]
]]></system-out>
  </testcase>
  <testcase name="testSessionTimeoutAccess()" classname="SessionTest" time="0.336">
    <system-out><![CDATA[2023-09-03 22:28:58,732 [myid:] - ERROR [main:o.w.l.WasabiListener5@22] - [WASABISTART]
2023-09-03 22:28:58,732 [myid:] - ERROR [main:o.w.l.WasabiListener5@23] - [wasabi] testSessionTimeoutAccess() is started
2023-09-03 22:28:58,739 [myid:] - ERROR [main-SendThread():o.a.z.ClientCnxn$SendThread@1179] - [wasabi] Retry Loop 03 is called. MaxDuration : 10000
2023-09-03 22:28:58,847 [myid:] - ERROR [main-SendThread():o.a.z.ClientCnxn$SendThread@1179] - [wasabi] Retry Loop 03 is called. MaxDuration : 10000
2023-09-03 22:28:58,955 [myid:] - ERROR [main-SendThread():o.a.z.ClientCnxn$SendThread@1179] - [wasabi] Retry Loop 03 is called. MaxDuration : 10000
2023-09-03 22:28:59,068 [myid:] - ERROR [main:o.w.l.WasabiListener5@30] - [wasabi] testSessionTimeoutAccess() is finished
2023-09-03 22:28:59,068 [myid:] - ERROR [main:o.w.l.WasabiListener5@31] - [WASABIEND]
]]></system-out>
  </testcase>
  <testcase name="testSession()" classname="SessionTest" time="0.338">
    <system-out><![CDATA[2023-09-03 22:28:59,069 [myid:] - ERROR [main:o.w.l.WasabiListener5@22] - [WASABISTART]
2023-09-03 22:28:59,069 [myid:] - ERROR [main:o.w.l.WasabiListener5@23] - [wasabi] testSession() is started
2023-09-03 22:28:59,075 [myid:] - ERROR [main-SendThread():o.a.z.ClientCnxn$SendThread@1179] - [wasabi] Retry Loop 03 is called. MaxDuration : 10000
2023-09-03 22:28:59,186 [myid:] - ERROR [main-SendThread():o.a.z.ClientCnxn$SendThread@1179] - [wasabi] Retry Loop 03 is called. MaxDuration : 10000
2023-09-03 22:28:59,297 [myid:] - ERROR [main-SendThread():o.a.z.ClientCnxn$SendThread@1179] - [wasabi] Retry Loop 03 is called. MaxDuration : 10000
2023-09-03 22:28:59,407 [myid:] - ERROR [main:o.w.l.WasabiListener5@30] - [wasabi] testSession() is finished
2023-09-03 22:28:59,407 [myid:] - ERROR [main:o.w.l.WasabiListener5@31] - [WASABIEND]
]]></system-out>
  </testcase>
  <testcase name="testSessionStateNoDupStateReporting()" classname="SessionTest" time="11.275">
    <system-out><![CDATA[2023-09-03 22:28:59,408 [myid:] - ERROR [main:o.w.l.WasabiListener5@22] - [WASABISTART]
2023-09-03 22:28:59,408 [myid:] - ERROR [main:o.w.l.WasabiListener5@23] - [wasabi] testSessionStateNoDupStateReporting() is started
2023-09-03 22:28:59,413 [myid:] - ERROR [main-SendThread():o.a.z.ClientCnxn$SendThread@1179] - [wasabi] Retry Loop 03 is called. MaxDuration : 10000
2023-09-03 22:29:10,683 [myid:] - ERROR [main:o.w.l.WasabiListener5@30] - [wasabi] testSessionStateNoDupStateReporting() is finished
2023-09-03 22:29:10,684 [myid:] - ERROR [main:o.w.l.WasabiListener5@31] - [WASABIEND]
]]></system-out>
  </testcase>
  <testcase name="testWatchAutoResetWithPending()" classname="WatcherTest" time="4.15">
    <system-out><![CDATA[2023-09-03 22:29:10,690 [myid:] - ERROR [main:o.w.l.WasabiListener5@22] - [WASABISTART]
2023-09-03 22:29:10,691 [myid:] - ERROR [main:o.w.l.WasabiListener5@23] - [wasabi] testWatchAutoResetWithPending() is started
2023-09-03 22:29:10,706 [myid:] - ERROR [main-SendThread():o.a.z.ClientCnxn$SendThread@1179] - [wasabi] Retry Loop 03 is called. MaxDuration : 10000
2023-09-03 22:29:10,713 [myid:] - ERROR [main-SendThread():o.a.z.ClientCnxn$SendThread@1179] - [wasabi] Retry Loop 03 is called. MaxDuration : 10000
2023-09-03 22:29:14,840 [myid:] - ERROR [main:o.w.l.WasabiListener5@30] - [wasabi] testWatchAutoResetWithPending() is finished
2023-09-03 22:29:14,841 [myid:] - ERROR [main:o.w.l.WasabiListener5@31] - [WASABIEND]
]]></system-out>
  </testcase>
  <testcase name="testWatcherCorrectness()" classname="WatcherTest" time="0.199">
    <system-out><![CDATA[2023-09-03 22:29:14,841 [myid:] - ERROR [main:o.w.l.WasabiListener5@22] - [WASABISTART]
2023-09-03 22:29:14,842 [myid:] - ERROR [main:o.w.l.WasabiListener5@23] - [wasabi] testWatcherCorrectness() is started
2023-09-03 22:29:14,853 [myid:] - ERROR [main-SendThread():o.a.z.ClientCnxn$SendThread@1179] - [wasabi] Retry Loop 03 is called. MaxDuration : 10000
2023-09-03 22:29:15,040 [myid:] - ERROR [main:o.w.l.WasabiListener5@30] - [wasabi] testWatcherCorrectness() is finished
2023-09-03 22:29:15,041 [myid:] - ERROR [main:o.w.l.WasabiListener5@31] - [WASABIEND]
]]></system-out>
  </testcase>
  <testcase name="testWatcherAutoResetDisabledWithLocal()" classname="WatcherTest" time="6.01">
    <system-out><![CDATA[2023-09-03 22:29:15,041 [myid:] - ERROR [main:o.w.l.WasabiListener5@22] - [WASABISTART]
2023-09-03 22:29:15,041 [myid:] - ERROR [main:o.w.l.WasabiListener5@23] - [wasabi] testWatcherAutoResetDisabledWithLocal() is started
2023-09-03 22:29:15,049 [myid:] - ERROR [main-SendThread():o.a.z.ClientCnxn$SendThread@1179] - [wasabi] Retry Loop 03 is called. MaxDuration : 10000
[...]
	at org.apache.zookeeper.server.quorum.QuorumPacket.deserialize(QuorumPacket.java:86)
	at org.apache.jute.BinaryInputArchive.readRecord(BinaryInputArchive.java:134)
	at org.apache.zookeeper.server.quorum.LearnerHandler.run(LearnerHandler.java:657)
2023-09-03 22:33:26,447 [myid:] - ERROR [ListenerHandler-localhost/127.0.0.1:30306:o.a.z.s.q.QuorumCnxManager$Listener$ListenerHandler@1072] - [wasabi] Retry Loop 07 is called. MaxRetry :3
2023-09-03 22:33:26,450 [myid:] - ERROR [LeaderConnector-localhost/127.0.0.1:30299:o.a.z.s.q.Learner$LeaderConnector@408] - [wasabi] Retry Loop 05 is called. MaxRetry : 5
2023-09-03 22:33:26,450 [myid:] - ERROR [LeaderConnector-localhost/127.0.0.1:30299:o.a.z.s.q.Learner$LeaderConnector@409] - [wasabi] Retry Loop 05 is called. MaxDuration : 100
2023-09-03 22:33:26,450 [myid:] - ERROR [LeaderConnector-localhost/127.0.0.1:30299:o.a.z.s.q.Learner$LeaderConnector@408] - [wasabi] Retry Loop 05 is called. MaxRetry : 5
2023-09-03 22:33:26,450 [myid:] - ERROR [LeaderConnector-localhost/127.0.0.1:30299:o.a.z.s.q.Learner$LeaderConnector@409] - [wasabi] Retry Loop 05 is called. MaxDuration : 100
2023-09-03 22:33:26,450 [myid:] - ERROR [ListenerHandler-localhost/127.0.0.1:30302:o.a.z.s.q.QuorumCnxManager$Listener$ListenerHandler@1067] - [wasabi] Retry Loop 06 is called. MaxRetry :3
2023-09-03 22:33:26,450 [myid:] - ERROR [ListenerHandler-localhost/127.0.0.1:30302:o.a.z.s.q.QuorumCnxManager$Listener$ListenerHandler@1072] - [wasabi] Retry Loop 07 is called. MaxRetry :3
2023-09-03 22:33:27,409 [myid:] - ERROR [LeaderConnector-localhost/127.0.0.1:30299:o.a.z.s.q.Learner$LeaderConnector@408] - [wasabi] Retry Loop 05 is called. MaxRetry : 5
2023-09-03 22:33:27,409 [myid:] - ERROR [LeaderConnector-localhost/127.0.0.1:30299:o.a.z.s.q.Learner$LeaderConnector@409] - [wasabi] Retry Loop 05 is called. MaxDuration : 100
2023-09-03 22:33:29,469 [myid:] - ERROR [LearnerHandler-/127.0.0.1:54248:o.a.z.s.q.LearnerHandler@720] - Unexpected exception in LearnerHandler: 
java.io.EOFException: null
	at java.base/java.io.DataInputStream.readInt(DataInputStream.java:398)
	at org.apache.jute.BinaryInputArchive.readInt(BinaryInputArchive.java:96)
	at org.apache.zookeeper.server.quorum.QuorumPacket.deserialize(QuorumPacket.java:86)
	at org.apache.jute.BinaryInputArchive.readRecord(BinaryInputArchive.java:134)
	at org.apache.zookeeper.server.quorum.LearnerHandler.run(LearnerHandler.java:657)
2023-09-03 22:33:30,469 [myid:] - ERROR [LearnerHandler-/127.0.0.1:54222:o.a.z.s.q.LearnerHandler@720] - Unexpected exception in LearnerHandler: 
java.io.EOFException: null
	at java.base/java.io.DataInputStream.readInt(DataInputStream.java:398)
	at org.apache.jute.BinaryInputArchive.readInt(BinaryInputArchive.java:96)
	at org.apache.zookeeper.server.quorum.QuorumPacket.deserialize(QuorumPacket.java:86)
	at org.apache.jute.BinaryInputArchive.readRecord(BinaryInputArchive.java:134)
	at org.apache.zookeeper.server.quorum.LearnerHandler.run(LearnerHandler.java:657)
2023-09-03 22:33:38,748 [myid:] - ERROR [LearnerHandler-/127.0.0.1:54236:o.a.z.s.q.LearnerHandler@720] - Unexpected exception in LearnerHandler: 
java.net.SocketException: Socket closed
	at java.base/sun.nio.ch.NioSocketImpl.endRead(NioSocketImpl.java:248)
	at java.base/sun.nio.ch.NioSocketImpl.implRead(NioSocketImpl.java:327)
	at java.base/sun.nio.ch.NioSocketImpl.read(NioSocketImpl.java:350)
	at java.base/sun.nio.ch.NioSocketImpl$1.read(NioSocketImpl.java:803)
	at java.base/java.net.Socket$SocketInputStream.read(Socket.java:966)
	at java.base/java.io.BufferedInputStream.fill(BufferedInputStream.java:244)
	at java.base/java.io.BufferedInputStream.read(BufferedInputStream.java:263)
	at java.base/java.io.DataInputStream.readInt(DataInputStream.java:393)
	at org.apache.jute.BinaryInputArchive.readInt(BinaryInputArchive.java:96)
	at org.apache.zookeeper.server.quorum.QuorumPacket.deserialize(QuorumPacket.java:86)
	at org.apache.jute.BinaryInputArchive.readRecord(BinaryInputArchive.java:134)
	at org.apache.zookeeper.server.quorum.LearnerHandler.run(LearnerHandler.java:657)
2023-09-03 22:33:38,755 [myid:] - ERROR [main:o.w.l.WasabiListener5@30] - [wasabi] testBulkReconfig() is finished
2023-09-03 22:33:38,756 [myid:] - ERROR [main:o.w.l.WasabiListener5@31] - [WASABIEND]
]]></system-out>
  </testcase>
  <testcase name="testJMXBeanAfterRoleChange()" classname="ReconfigTest" time="3.266">
    <system-out><![CDATA[2023-09-03 22:33:38,756 [myid:] - ERROR [main:o.w.l.WasabiListener5@22] - [WASABISTART]
2023-09-03 22:33:38,757 [myid:] - ERROR [main:o.w.l.WasabiListener5@23] - [wasabi] testJMXBeanAfterRoleChange() is started
2023-09-03 22:33:38,776 [myid:] - ERROR [ListenerHandler-/127.0.0.1:30311:o.a.z.s.q.QuorumCnxManager$Listener$ListenerHandler@1067] - [wasabi] Retry Loop 06 is called. MaxRetry :3
2023-09-03 22:33:38,776 [myid:] - ERROR [ListenerHandler-/127.0.0.1:30311:o.a.z.s.q.QuorumCnxManager$Listener$ListenerHandler@1072] - [wasabi] Retry Loop 07 is called. MaxRetry :3
2023-09-03 22:33:38,783 [myid:] - ERROR [ListenerHandler-/127.0.0.1:30314:o.a.z.s.q.QuorumCnxManager$Listener$ListenerHandler@1067] - [wasabi] Retry Loop 06 is called. MaxRetry :3
2023-09-03 22:33:38,783 [myid:] - ERROR [ListenerHandler-/127.0.0.1:30314:o.a.z.s.q.QuorumCnxManager$Listener$ListenerHandler@1072] - [wasabi] Retry Loop 07 is called. MaxRetry :3
2023-09-03 22:33:38,789 [myid:] - ERROR [ListenerHandler-/127.0.0.1:30317:o.a.z.s.q.QuorumCnxManager$Listener$ListenerHandler@1067] - [wasabi] Retry Loop 06 is called. MaxRetry :3
2023-09-03 22:33:38,789 [myid:] - ERROR [ListenerHandler-/127.0.0.1:30317:o.a.z.s.q.QuorumCnxManager$Listener$ListenerHandler@1072] - [wasabi] Retry Loop 07 is called. MaxRetry :3
2023-09-03 22:33:38,993 [myid:] - ERROR [LeaderConnector-/127.0.0.1:30316:o.a.z.s.q.Learner$LeaderConnector@408] - [wasabi] Retry Loop 05 is called. MaxRetry : 5
2023-09-03 22:33:38,993 [myid:] - ERROR [LeaderConnector-/127.0.0.1:30316:o.a.z.s.q.Learner$LeaderConnector@409] - [wasabi] Retry Loop 05 is called. MaxDuration : 100
2023-09-03 22:33:38,993 [myid:] - ERROR [LeaderConnector-/127.0.0.1:30316:o.a.z.s.q.Learner$LeaderConnector@408] - [wasabi] Retry Loop 05 is called. MaxRetry : 5
2023-09-03 22:33:38,993 [myid:] - ERROR [LeaderConnector-/127.0.0.1:30316:o.a.z.s.q.Learner$LeaderConnector@409] - [wasabi] Retry Loop 05 is called. MaxDuration : 100
2023-09-03 22:33:39,044 [myid:] - ERROR [main-SendThread():o.a.z.ClientCnxn$SendThread@1179] - [wasabi] Retry Loop 03 is called. MaxDuration : 10000
2023-09-03 22:33:39,045 [myid:] - ERROR [main-SendThread():o.a.z.ClientCnxn$SendThread@1179] - [wasabi] Retry Loop 03 is called. MaxDuration : 10000
2023-09-03 22:33:39,046 [myid:] - ERROR [main-SendThread():o.a.z.ClientCnxn$SendThread@1179] - [wasabi] Retry Loop 03 is called. MaxDuration : 10000
2023-09-03 22:33:39,047 [myid:] - ERROR [main-SendThread():o.a.z.ClientCnxn$SendThread@1179] - [wasabi] Retry Loop 03 is called. MaxDuration : 10000
2023-09-03 22:33:39,049 [myid:] - ERROR [main-SendThread():o.a.z.ClientCnxn$SendThread@1179] - [wasabi] Retry Loop 03 is called. MaxDuration : 10000
2023-09-03 22:33:39,050 [myid:] - ERROR [main-SendThread():o.a.z.ClientCnxn$SendThread@1179] - [wasabi] Retry Loop 03 is called. MaxDuration : 10000
2023-09-03 22:33:39,073 [myid:] - ERROR [ListenerHandler-/127.0.0.1:30317:o.a.z.s.q.QuorumCnxManager$Listener$ListenerHandler@1067] - [wasabi] Retry Loop 06 is called. MaxRetry :3
2023-09-03 22:33:39,073 [myid:] - ERROR [LearnerHandler-/127.0.0.1:53132:o.a.z.s.q.LearnerHandler@720] - Unexpected exception in LearnerHandler: 
java.io.EOFException: null
	at java.base/java.io.DataInputStream.readInt(DataInputStream.java:398)
	at org.apache.jute.BinaryInputArchive.readInt(BinaryInputArchive.java:96)
	at org.apache.zookeeper.server.quorum.QuorumPacket.deserialize(QuorumPacket.java:86)
	at org.apache.jute.BinaryInputArchive.readRecord(BinaryInputArchive.java:134)
	at org.apache.zookeeper.server.quorum.LearnerHandler.run(LearnerHandler.java:657)
2023-09-03 22:33:39,073 [myid:] - ERROR [ListenerHandler-/127.0.0.1:30317:o.a.z.s.q.QuorumCnxManager$Listener$ListenerHandler@1072] - [wasabi] Retry Loop 07 is called. MaxRetry :3
2023-09-03 22:33:39,074 [myid:] - ERROR [ListenerHandler-/127.0.0.1:30311:o.a.z.s.q.QuorumCnxManager$Listener$ListenerHandler@1067] - [wasabi] Retry Loop 06 is called. MaxRetry :3
2023-09-03 22:33:39,074 [myid:] - ERROR [ListenerHandler-/127.0.0.1:30311:o.a.z.s.q.QuorumCnxManager$Listener$ListenerHandler@1072] - [wasabi] Retry Loop 07 is called. MaxRetry :3
2023-09-03 22:33:39,074 [myid:] - ERROR [ListenerHandler-/127.0.0.1:30314:o.a.z.s.q.QuorumCnxManager$Listener$ListenerHandler@1067] - [wasabi] Retry Loop 06 is called. MaxRetry :3
2023-09-03 22:33:39,075 [myid:] - ERROR [ListenerHandler-/127.0.0.1:30314:o.a.z.s.q.QuorumCnxManager$Listener$ListenerHandler@1072] - [wasabi] Retry Loop 07 is called. MaxRetry :3
2023-09-03 22:33:39,075 [myid:] - ERROR [LeaderConnector-/127.0.0.1:30316:o.a.z.s.q.Learner$LeaderConnector@408] - [wasabi] Retry Loop 05 is called. MaxRetry : 5
2023-09-03 22:33:39,075 [myid:] - ERROR [LeaderConnector-/127.0.0.1:30316:o.a.z.s.q.Learner$LeaderConnector@409] - [wasabi] Retry Loop 05 is called. MaxDuration : 100
2023-09-03 22:33:42,010 [myid:] - ERROR [LearnerHandler-/127.0.0.1:53146:o.a.z.s.q.LearnerHandler@720] - Unexpected exception in LearnerHandler: 
java.io.EOFException: null
	at java.base/java.io.DataInputStream.readInt(DataInputStream.java:398)
	at org.apache.jute.BinaryInputArchive.readInt(BinaryInputArchive.java:96)
	at org.apache.zookeeper.server.quorum.QuorumPacket.deserialize(QuorumPacket.java:86)
	at org.apache.jute.BinaryInputArchive.readRecord(BinaryInputArchive.java:134)
	at org.apache.zookeeper.server.quorum.LearnerHandler.run(LearnerHandler.java:657)
2023-09-03 22:33:42,010 [myid:] - ERROR [LearnerHandler-/127.0.0.1:53142:o.a.z.s.q.LearnerHandler@720] - Unexpected exception in LearnerHandler: 
java.io.EOFException: null
	at java.base/java.io.DataInputStream.readInt(DataInputStream.java:398)
	at org.apache.jute.BinaryInputArchive.readInt(BinaryInputArchive.java:96)
	at org.apache.zookeeper.server.quorum.QuorumPacket.deserialize(QuorumPacket.java:86)
	at org.apache.jute.BinaryInputArchive.readRecord(BinaryInputArchive.java:134)
	at org.apache.zookeeper.server.quorum.LearnerHandler.run(LearnerHandler.java:657)
2023-09-03 22:33:42,022 [myid:] - ERROR [main:o.w.l.WasabiListener5@30] - [wasabi] testJMXBeanAfterRoleChange() is finished
2023-09-03 22:33:42,023 [myid:] - ERROR [main:o.w.l.WasabiListener5@31] - [WASABIEND]
]]></system-out>
  </testcase>
  <testcase name="testRemoveOneAsynchronous()" classname="ReconfigTest" time="1.562">
    <system-out><![CDATA[2023-09-03 22:33:42,024 [myid:] - ERROR [main:o.w.l.WasabiListener5@22] - [WASABISTART]
2023-09-03 22:33:42,024 [myid:] - ERROR [main:o.w.l.WasabiListener5@23] - [wasabi] testRemoveOneAsynchronous() is started
2023-09-03 22:33:42,047 [myid:] - ERROR [ListenerHandler-/127.0.0.1:30320:o.a.z.s.q.QuorumCnxManager$Listener$ListenerHandler@1067] - [wasabi] Retry Loop 06 is called. MaxRetry :3
2023-09-03 22:33:42,047 [myid:] - ERROR [ListenerHandler-/127.0.0.1:30320:o.a.z.s.q.QuorumCnxManager$Listener$ListenerHandler@1072] - [wasabi] Retry Loop 07 is called. MaxRetry :3
2023-09-03 22:33:42,053 [myid:] - ERROR [ListenerHandler-/127.0.0.1:30323:o.a.z.s.q.QuorumCnxManager$Listener$ListenerHandler@1067] - [wasabi] Retry Loop 06 is called. MaxRetry :3
2023-09-03 22:33:42,053 [myid:] - ERROR [ListenerHandler-/127.0.0.1:30323:o.a.z.s.q.QuorumCnxManager$Listener$ListenerHandler@1072] - [wasabi] Retry Loop 07 is called. MaxRetry :3
2023-09-03 22:33:42,060 [myid:] - ERROR [ListenerHandler-/127.0.0.1:30326:o.a.z.s.q.QuorumCnxManager$Listener$ListenerHandler@1067] - [wasabi] Retry Loop 06 is called. MaxRetry :3
2023-09-03 22:33:42,060 [myid:] - ERROR [ListenerHandler-/127.0.0.1:30326:o.a.z.s.q.QuorumCnxManager$Listener$ListenerHandler@1072] - [wasabi] Retry Loop 07 is called. MaxRetry :3
2023-09-03 22:33:42,066 [myid:] - ERROR [ListenerHandler-/127.0.0.1:30329:o.a.z.s.q.QuorumCnxManager$Listener$ListenerHandler@1067] - [wasabi] Retry Loop 06 is called. MaxRetry :3
2023-09-03 22:33:42,066 [myid:] - ERROR [ListenerHandler-/127.0.0.1:30329:o.a.z.s.q.QuorumCnxManager$Listener$ListenerHandler@1072] - [wasabi] Retry Loop 07 is called. MaxRetry :3
2023-09-03 22:33:42,073 [myid:] - ERROR [ListenerHandler-/127.0.0.1:30332:o.a.z.s.q.QuorumCnxManager$Listener$ListenerHandler@1067] - [wasabi] Retry Loop 06 is called. MaxRetry :3
2023-09-03 22:33:42,073 [myid:] - ERROR [ListenerHandler-/127.0.0.1:30332:o.a.z.s.q.QuorumCnxManager$Listener$ListenerHandler@1072] - [wasabi] Retry Loop 07 is called. MaxRetry :3
2023-09-03 22:33:42,286 [myid:] - ERROR [LeaderConnector-/127.0.0.1:30331:o.a.z.s.q.Learner$LeaderConnector@408] - [wasabi] Retry Loop 05 is called. MaxRetry : 5
2023-09-03 22:33:42,286 [myid:] - ERROR [LeaderConnector-/127.0.0.1:30331:o.a.z.s.q.Learner$LeaderConnector@408] - [wasabi] Retry Loop 05 is called. MaxRetry : 5
2023-09-03 22:33:42,287 [myid:] - ERROR [LeaderConnector-/127.0.0.1:30331:o.a.z.s.q.Learner$LeaderConnector@409] - [wasabi] Retry Loop 05 is called. MaxDuration : 100
2023-09-03 22:33:42,287 [myid:] - ERROR [LeaderConnector-/127.0.0.1:30331:o.a.z.s.q.Learner$LeaderConnector@409] - [wasabi] Retry Loop 05 is called. MaxDuration : 100
2023-09-03 22:33:42,288 [myid:] - ERROR [LeaderConnector-/127.0.0.1:30331:o.a.z.s.q.Learner$LeaderConnector@408] - [wasabi] Retry Loop 05 is called. MaxRetry : 5
2023-09-03 22:33:42,288 [myid:] - ERROR [LeaderConnector-/127.0.0.1:30331:o.a.z.s.q.Learner$LeaderConnector@409] - [wasabi] Retry Loop 05 is called. MaxDuration : 100
2023-09-03 22:33:42,288 [myid:] - ERROR [LeaderConnector-/127.0.0.1:30331:o.a.z.s.q.Learner$LeaderConnector@408] - [wasabi] Retry Loop 05 is called. MaxRetry : 5
2023-09-03 22:33:42,288 [myid:] - ERROR [LeaderConnector-/127.0.0.1:30331:o.a.z.s.q.Learner$LeaderConnector@409] - [wasabi] Retry Loop 05 is called. MaxDuration : 100
2023-09-03 22:33:42,328 [myid:] - ERROR [main-SendThread():o.a.z.ClientCnxn$SendThread@1179] - [wasabi] Retry Loop 03 is called. MaxDuration : 10000
2023-09-03 22:33:42,329 [myid:] - ERROR [main-SendThread():o.a.z.ClientCnxn$SendThread@1179] - [wasabi] Retry Loop 03 is called. MaxDuration : 10000
2023-09-03 22:33:42,329 [myid:] - ERROR [main-SendThread():o.a.z.ClientCnxn$SendThread@1179] - [wasabi] Retry Loop 03 is called. MaxDuration : 10000
2023-09-03 22:33:42,330 [myid:] - ERROR [main-SendThread():o.a.z.ClientCnxn$SendThread@1179] - [wasabi] Retry Loop 03 is called. MaxDuration : 10000
2023-09-03 22:33:42,331 [myid:] - ERROR [main-SendThread():o.a.z.ClientCnxn$SendThread@1179] - [wasabi] Retry Loop 03 is called. MaxDuration : 10000
2023-09-03 22:33:42,331 [myid:] - ERROR [main-SendThread():o.a.z.ClientCnxn$SendThread@1179] - [wasabi] Retry Loop 03 is called. MaxDuration : 10000
2023-09-03 22:33:42,332 [myid:] - ERROR [main-SendThread():o.a.z.ClientCnxn$SendThread@1179] - [wasabi] Retry Loop 03 is called. MaxDuration : 10000
2023-09-03 22:33:42,332 [myid:] - ERROR [main-SendThread():o.a.z.ClientCnxn$SendThread@1179] - [wasabi] Retry Loop 03 is called. MaxDuration : 10000
2023-09-03 22:33:42,333 [myid:] - ERROR [main-SendThread():o.a.z.ClientCnxn$SendThread@1179] - [wasabi] Retry Loop 03 is called. MaxDuration : 10000
2023-09-03 22:33:42,334 [myid:] - ERROR [main-SendThread():o.a.z.ClientCnxn$SendThread@1179] - [wasabi] Retry Loop 03 is called. MaxDuration : 10000
2023-09-03 22:33:42,352 [myid:] - ERROR [ListenerHandler-/127.0.0.1:30326:o.a.z.s.q.QuorumCnxManager$Listener$ListenerHandler@1067] - [wasabi] Retry Loop 06 is called. MaxRetry :3
2023-09-03 22:33:42,353 [myid:] - ERROR [ListenerHandler-/127.0.0.1:30332:o.a.z.s.q.QuorumCnxManager$Listener$ListenerHandler@1067] - [wasabi] Retry Loop 06 is called. MaxRetry :3
2023-09-03 22:33:42,353 [myid:] - ERROR [ListenerHandler-/127.0.0.1:30326:o.a.z.s.q.QuorumCnxManager$Listener$ListenerHandler@1072] - [wasabi] Retry Loop 07 is called. MaxRetry :3
2023-09-03 22:33:42,353 [myid:] - ERROR [ListenerHandler-/127.0.0.1:30332:o.a.z.s.q.QuorumCnxManager$Listener$ListenerHandler@1072] - [wasabi] Retry Loop 07 is called. MaxRetry :3
2023-09-03 22:33:42,353 [myid:] - ERROR [ListenerHandler-/127.0.0.1:30320:o.a.z.s.q.QuorumCnxManager$Listener$ListenerHandler@1067] - [wasabi] Retry Loop 06 is called. MaxRetry :3
2023-09-03 22:33:42,353 [myid:] - ERROR [ListenerHandler-/127.0.0.1:30320:o.a.z.s.q.QuorumCnxManager$Listener$ListenerHandler@1072] - [wasabi] Retry Loop 07 is called. MaxRetry :3
2023-09-03 22:33:42,353 [myid:] - ERROR [ListenerHandler-/127.0.0.1:30329:o.a.z.s.q.QuorumCnxManager$Listener$ListenerHandler@1067] - [wasabi] Retry Loop 06 is called. MaxRetry :3
2023-09-03 22:33:42,353 [myid:] - ERROR [ListenerHandler-/127.0.0.1:30323:o.a.z.s.q.QuorumCnxManager$Listener$ListenerHandler@1067] - [wasabi] Retry Loop 06 is called. MaxRetry :3
2023-09-03 22:33:42,353 [myid:] - ERROR [ListenerHandler-/127.0.0.1:30329:o.a.z.s.q.QuorumCnxManager$Listener$ListenerHandler@1072] - [wasabi] Retry Loop 07 is called. MaxRetry :3
2023-09-03 22:33:42,354 [myid:] - ERROR [ListenerHandler-/127.0.0.1:30323:o.a.z.s.q.QuorumCnxManager$Listener$ListenerHandler@1072] - [wasabi] Retry Loop 07 is called. MaxRetry :3
2023-09-03 22:33:43,552 [myid:] - ERROR [LearnerHandler-/127.0.0.1:45656:o.a.z.s.q.LearnerHandler@720] - Unexpected exception in LearnerHandler: 
java.io.EOFException: null
	at java.base/java.io.DataInputStream.readInt(DataInputStream.java:398)
	at org.apache.jute.BinaryInputArchive.readInt(BinaryInputArchive.java:96)
	at org.apache.zookeeper.server.quorum.QuorumPacket.deserialize(QuorumPacket.java:86)
	at org.apache.jute.BinaryInputArchive.readRecord(BinaryInputArchive.java:134)
	at org.apache.zookeeper.server.quorum.LearnerHandler.run(LearnerHandler.java:657)
2023-09-03 22:33:43,556 [myid:] - ERROR [LearnerHandler-/127.0.0.1:45654:o.a.z.s.q.LearnerHandler@720] - Unexpected exception in LearnerHandler: 
java.io.EOFException: null
	at java.base/java.io.DataInputStream.readInt(DataInputStream.java:398)
	at org.apache.jute.BinaryInputArchive.readInt(BinaryInputArchive.java:96)
	at org.apache.zookeeper.server.quorum.QuorumPacket.deserialize(QuorumPacket.java:86)
	at org.apache.jute.BinaryInputArchive.readRecord(BinaryInputArchive.java:134)
	at org.apache.zookeeper.server.quorum.LearnerHandler.run(LearnerHandler.java:657)
2023-09-03 22:33:43,562 [myid:] - ERROR [LearnerHandler-/127.0.0.1:45670:o.a.z.s.q.LearnerHandler@720] - Unexpected exception in LearnerHandler: 
java.io.EOFException: null
	at java.base/java.io.DataInputStream.readInt(DataInputStream.java:398)
	at org.apache.jute.BinaryInputArchive.readInt(BinaryInputArchive.java:96)
	at org.apache.zookeeper.server.quorum.QuorumPacket.deserialize(QuorumPacket.java:86)
	at org.apache.jute.BinaryInputArchive.readRecord(BinaryInputArchive.java:134)
	at org.apache.zookeeper.server.quorum.LearnerHandler.run(LearnerHandler.java:657)
2023-09-03 22:33:43,568 [myid:] - ERROR [LearnerHandler-/127.0.0.1:45684:o.a.z.s.q.LearnerHandler@720] - Unexpected exception in LearnerHandler: 
java.io.EOFException: null
	at java.base/java.io.DataInputStream.readInt(DataInputStream.java:398)
	at org.apache.jute.BinaryInputArchive.readInt(BinaryInputArchive.java:96)
	at org.apache.zookeeper.server.quorum.QuorumPacket.deserialize(QuorumPacket.java:86)
	at org.apache.jute.BinaryInputArchive.readRecord(BinaryInputArchive.java:134)
	at org.apache.zookeeper.server.quorum.LearnerHandler.run(LearnerHandler.java:657)
2023-09-03 22:33:43,583 [myid:] - ERROR [main:o.w.l.WasabiListener5@30] - [wasabi] testRemoveOneAsynchronous() is finished
2023-09-03 22:33:43,584 [myid:] - ERROR [main:o.w.l.WasabiListener5@31] - [WASABIEND]
]]></system-out>
  </testcase>
  <testcase name="" classname="JUnit Vintage" time="0.005"/>
</testsuite>