<?xml version="1.0" encoding="UTF-8"?>
<testsuite xmlns:xsi="http://www.w3.org/2001/XMLSchema-instance" xsi:noNamespaceSchemaLocation="https://maven.apache.org/surefire/maven-surefire-plugin/xsd/surefire-test-report-3.0.xsd" version="3.0" name="org.apache.zookeeper.compatibility.TestApacheCuratorCompatibility" time="1.363" tests="2" errors="0" skipped="0" failures="0">
  <properties>
[...]
</properties>
  <testcase name="testBasicUsageOfApisAndRecipes" classname="org.apache.zookeeper.compatibility.TestApacheCuratorCompatibility" time="0.683">
    <system-out><![CDATA[22:35:10.098 [main] ERROR org.wasabi.logger.WasabiListener5 - [WASABISTART]
22:35:10.098 [main] ERROR org.wasabi.logger.WasabiListener5 - [wasabi] testBasicUsageOfApisAndRecipes() is started
22:35:10.222 [Thread-1] INFO org.apache.zookeeper.server.quorum.QuorumPeerConfig - clientPortAddress is 0.0.0.0:46559
22:35:10.223 [Thread-1] INFO org.apache.zookeeper.server.quorum.QuorumPeerConfig - secureClientPort is not set
22:35:10.224 [Thread-1] INFO org.apache.zookeeper.server.quorum.QuorumPeerConfig - observerMasterPort is not set
22:35:10.224 [Thread-1] INFO org.apache.zookeeper.server.quorum.QuorumPeerConfig - metricsProvider.className is org.apache.zookeeper.metrics.impl.DefaultMetricsProvider
22:35:10.319 [Thread-1] INFO org.apache.curator.test.TestingZooKeeperMain - Starting server
22:35:10.321 [Thread-1] DEBUG org.apache.zookeeper.server.persistence.FileTxnSnapLog - Opening datadir:/tmp/1693755310153-0 snapDir:/tmp/1693755310153-0
22:35:10.321 [Thread-1] INFO org.apache.zookeeper.server.persistence.FileTxnSnapLog - zookeeper.snapshot.trust.empty : false
22:35:10.327 [Thread-1] INFO org.apache.zookeeper.server.ZooKeeperServer - 
22:35:10.327 [Thread-1] INFO org.apache.zookeeper.server.ZooKeeperServer -   ______                  _                                          
22:35:10.327 [Thread-1] INFO org.apache.zookeeper.server.ZooKeeperServer -  |___  /                 | |                                         
22:35:10.327 [Thread-1] INFO org.apache.zookeeper.server.ZooKeeperServer -     / /    ___     ___   | | __   ___    ___   _ __     ___   _ __   
22:35:10.327 [Thread-1] INFO org.apache.zookeeper.server.ZooKeeperServer -    / /    / _ \   / _ \  | |/ /  / _ \  / _ \ | '_ \   / _ \ | '__|
22:35:10.327 [Thread-1] INFO org.apache.zookeeper.server.ZooKeeperServer -   / /__  | (_) | | (_) | |   <  |  __/ |  __/ | |_) | |  __/ | |    
22:35:10.327 [Thread-1] INFO org.apache.zookeeper.server.ZooKeeperServer -  /_____|  \___/   \___/  |_|\_\  \___|  \___| | .__/   \___| |_|
22:35:10.327 [Thread-1] INFO org.apache.zookeeper.server.ZooKeeperServer -                                               | |                     
22:35:10.327 [Thread-1] INFO org.apache.zookeeper.server.ZooKeeperServer -                                               |_|                     
22:35:10.327 [Thread-1] INFO org.apache.zookeeper.server.ZooKeeperServer - 
22:35:10.328 [Thread-1] INFO org.apache.zookeeper.server.ZooKeeperServer - Server environment:zookeeper.version=3.10.0-SNAPSHOT-264f16f72f95d6236caaae375b8158d4998dccec-dirty, built on 2023-09-03 15:27 UTC
22:35:10.328 [Thread-1] INFO org.apache.zookeeper.server.ZooKeeperServer - Server environment:host.name=asus-TUF-Gaming-FX505GT-FX505GT
22:35:10.328 [Thread-1] INFO org.apache.zookeeper.server.ZooKeeperServer - Server environment:java.version=17.0.6
22:35:10.328 [Thread-1] INFO org.apache.zookeeper.server.ZooKeeperServer - Server environment:java.vendor=Oracle Corporation
22:35:10.329 [Thread-1] INFO org.apache.zookeeper.server.ZooKeeperServer - Server environment:java.home=/usr/lib/jvm/java-17-oracle
22:35:10.329 [Thread-1] INFO org.apache.zookeeper.server.ZooKeeperServer - Server environment:java.class.path=/home/asus/Documents/zookeeper/zookeeper-compatibility-tests/zookeeper-compatibility-tests-curator/target/test-classes:/home/asus/Documents/zookeeper/zookeeper-compatibility-tests/zookeeper-compatibility-tests-curator/target/classes:/home/asus/Documents/zookeeper/zookeeper-server/target/classes:/home/asus/Documents/zookeeper/zookeeper-jute/target/classes:/home/asus/.m2/repository/org/apache/yetus/audience-annotations/0.12.0/audience-annotations-0.12.0.jar:/home/asus/.m2/repository/io/netty/netty-handler/4.1.94.Final/netty-handler-4.1.94.Final.jar:/home/asus/.m2/repository/io/netty/netty-common/4.1.94.Final/netty-common-4.1.94.Final.jar:/home/asus/.m2/repository/io/netty/netty-resolver/4.1.94.Final/netty-resolver-4.1.94.Final.jar:/home/asus/.m2/repository/io/netty/netty-buffer/4.1.94.Final/netty-buffer-4.1.94.Final.jar:/home/asus/.m2/repository/io/netty/netty-transport/4.1.94.Final/netty-transport-4.1.94.Final.jar:/home/asus/.m2/repository/io/netty/netty-transport-native-unix-common/4.1.94.Final/netty-transport-native-unix-common-4.1.94.Final.jar:/home/asus/.m2/repository/io/netty/netty-codec/4.1.94.Final/netty-codec-4.1.94.Final.jar:/home/asus/.m2/repository/io/netty/netty-transport-native-epoll/4.1.94.Final/netty-transport-native-epoll-4.1.94.Final-linux-x86_64.jar:/home/asus/.m2/repository/io/netty/netty-transport-classes-epoll/4.1.94.Final/netty-transport-classes-epoll-4.1.94.Final.jar:/home/asus/.m2/repository/io/netty/netty-tcnative-boringssl-static/2.0.61.Final/netty-tcnative-boringssl-static-2.0.61.Final.jar:/home/asus/.m2/repository/io/netty/netty-tcnative-classes/2.0.61.Final/netty-tcnative-classes-2.0.61.Final.jar:/home/asus/.m2/repository/io/netty/netty-tcnative-boringssl-static/2.0.61.Final/netty-tcnative-boringssl-static-2.0.61.Final-linux-x86_64.jar:/home/asus/.m2/repository/io/netty/netty-tcnative-boringssl-static/2.0.61.Final/netty-tcnative-boringssl-static-2.0.61.Final-linux-aarch_64.jar:/home/asus/.m2/repository/io/netty/netty-tcnative-boringssl-static/2.0.61.Final/netty-tcnative-boringssl-static-2.0.61.Final-osx-x86_64.jar:/home/asus/.m2/repository/io/netty/netty-tcnative-boringssl-static/2.0.61.Final/netty-tcnative-boringssl-static-2.0.61.Final-osx-aarch_64.jar:/home/asus/.m2/repository/io/netty/netty-tcnative-boringssl-static/2.0.61.Final/netty-tcnative-boringssl-static-2.0.61.Final-windows-x86_64.jar:/home/asus/.m2/repository/org/slf4j/slf4j-api/1.7.30/slf4j-api-1.7.30.jar:/home/asus/.m2/repository/ch/qos/logback/logback-core/1.2.10/logback-core-1.2.10.jar:/home/asus/.m2/repository/ch/qos/logback/logback-classic/1.2.10/logback-classic-1.2.10.jar:/home/asus/.m2/repository/commons-io/commons-io/2.11.0/commons-io-2.11.0.jar:/home/asus/.m2/repository/org/apache/curator/curator-recipes/5.0.0/curator-recipes-5.0.0.jar:/home/asus/.m2/repository/org/apache/curator/curator-framework/5.0.0/curator-framework-5.0.0.jar:/home/asus/.m2/repository/org/apache/curator/curator-client/5.0.0/curator-client-5.0.0.jar:/home/asus/.m2/repository/org/apache/curator/curator-test/5.0.0/curator-test-5.0.0.jar:/home/asus/.m2/repository/io/dropwizard/metrics/metrics-core/4.1.12.1/metrics-core-4.1.12.1.jar:/home/asus/.m2/repository/org/xerial/snappy/snappy-java/1.1.10.1/snappy-java-1.1.10.1.jar:/home/asus/.m2/repository/com/google/guava/guava/27.0.1-jre/guava-27.0.1-jre.jar:/home/asus/.m2/repository/com/google/guava/failureaccess/1.0.1/failureaccess-1.0.1.jar:/home/asus/.m2/repository/com/google/guava/listenablefuture/9999.0-empty-to-avoid-conflict-with-guava/listenablefuture-9999.0-empty-to-avoid-conflict-with-guava.jar:/home/asus/.m2/repository/com/google/code/findbugs/jsr305/3.0.2/jsr305-3.0.2.jar:/home/asus/.m2/repository/org/checkerframework/checker-qual/2.5.2/checker-qual-2.5.2.jar:/home/asus/.m2/repository/com/google/errorprone/error_prone_annotations/2.2.0/error_prone_annotations-2.2.0.jar:/home/asus/.m2/repository/com/google/j2objc/j2objc-annotations/1.1/j2objc-annotations-1.1.jar:/home/asus/.m2/repository/org/codehaus/mojo/animal-sniffer-annotations/1.17/animal-sniffer-annotations-1.17.jar:/home/asus/.m2/repository/org/junit/jupiter/junit-jupiter-engine/5.7.2/junit-jupiter-engine-5.7.2.jar:/home/asus/.m2/repository/org/apiguardian/apiguardian-api/1.1.0/apiguardian-api-1.1.0.jar:/home/asus/.m2/repository/org/junit/platform/junit-platform-engine/1.7.2/junit-platform-engine-1.7.2.jar:/home/asus/.m2/repository/org/opentest4j/opentest4j/1.2.0/opentest4j-1.2.0.jar:/home/asus/.m2/repository/org/junit/platform/junit-platform-commons/1.7.0/junit-platform-commons-1.7.0.jar:/home/asus/.m2/repository/org/junit/jupiter/junit-jupiter-api/5.7.2/junit-jupiter-api-5.7.2.jar:/home/asus/.m2/repository/org/wasabi/logger/logger-project/1.0-SNAPSHOT/logger-project-1.0-SNAPSHOT.jar:/home/asus/.m2/repository/junit/junit/4.13.2/junit-4.13.2.jar:/home/asus/.m2/repository/org/hamcrest/hamcrest-core/1.3/hamcrest-core-1.3.jar:/home/asus/.m2/repository/org/apache/logging/log4j/log4j-slf4j-impl/2.18.0/log4j-slf4j-impl-2.18.0.jar:/home/asus/.m2/repository/org/apache/logging/log4j/log4j-api/2.18.0/log4j-api-2.18.0.jar:/home/asus/.m2/repository/org/apache/logging/log4j/log4j-core/2.18.0/log4j-core-2.18.0.jar:/home/asus/.m2/repository/org/junit/vintage/junit-vintage-engine/5.7.2/junit-vintage-engine-5.7.2.jar:/home/asus/.m2/repository/org/junit/platform/junit-platform-launcher/1.8.2/junit-platform-launcher-1.8.2.jar:
22:35:10.330 [Thread-1] INFO org.apache.zookeeper.server.ZooKeeperServer - Server environment:java.library.path=/usr/java/packages/lib:/usr/lib64:/lib64:/lib:/usr/lib
22:35:10.330 [Thread-1] INFO org.apache.zookeeper.server.ZooKeeperServer - Server environment:java.io.tmpdir=/tmp
22:35:10.330 [Thread-1] INFO org.apache.zookeeper.server.ZooKeeperServer - Server environment:java.compiler=<NA>
22:35:10.330 [Thread-1] INFO org.apache.zookeeper.server.ZooKeeperServer - Server environment:os.name=Linux
22:35:10.330 [Thread-1] INFO org.apache.zookeeper.server.ZooKeeperServer - Server environment:os.arch=amd64
22:35:10.330 [Thread-1] INFO org.apache.zookeeper.server.ZooKeeperServer - Server environment:os.version=6.2.0-31-generic
22:35:10.330 [Thread-1] INFO org.apache.zookeeper.server.ZooKeeperServer - Server environment:user.name=asus
22:35:10.330 [Thread-1] INFO org.apache.zookeeper.server.ZooKeeperServer - Server environment:user.home=/home/asus
22:35:10.330 [Thread-1] INFO org.apache.zookeeper.server.ZooKeeperServer - Server environment:user.dir=/home/asus/Documents/zookeeper/zookeeper-compatibility-tests/zookeeper-compatibility-tests-curator
22:35:10.331 [Thread-1] INFO org.apache.zookeeper.server.ZooKeeperServer - Server environment:os.memory.free=366MB
22:35:10.331 [Thread-1] INFO org.apache.zookeeper.server.ZooKeeperServer - Server environment:os.memory.max=1024MB
22:35:10.331 [Thread-1] INFO org.apache.zookeeper.server.ZooKeeperServer - Server environment:os.memory.total=376MB
22:35:10.331 [Thread-1] INFO org.apache.zookeeper.server.ZooKeeperServer - zookeeper.enableEagerACLCheck = false
22:35:10.331 [Thread-1] INFO org.apache.zookeeper.server.ZooKeeperServer - zookeeper.digest.enabled = true
22:35:10.331 [Thread-1] INFO org.apache.zookeeper.server.ZooKeeperServer - zookeeper.closeSessionTxn.enabled = true
22:35:10.331 [Thread-1] INFO org.apache.zookeeper.server.ZooKeeperServer - zookeeper.serializeLastProcessedZxid.enabled = true
22:35:10.331 [Thread-1] INFO org.apache.zookeeper.server.ZooKeeperServer - zookeeper.flushDelay = 0 ms
22:35:10.331 [Thread-1] INFO org.apache.zookeeper.server.ZooKeeperServer - zookeeper.maxWriteQueuePollTime = 0 ms
22:35:10.332 [Thread-1] INFO org.apache.zookeeper.server.ZooKeeperServer - zookeeper.maxBatchSize=1000
22:35:10.332 [Thread-1] INFO org.apache.zookeeper.server.ZooKeeperServer - zookeeper.intBufferStartingSizeBytes = 1024
22:35:10.333 [Thread-1] INFO org.apache.zookeeper.server.BlueThrottle - Weighed connection throttling is disabled
22:35:10.333 [Thread-1] INFO org.apache.zookeeper.server.AuthenticationHelper - zookeeper.enforce.auth.enabled = false
22:35:10.333 [Thread-1] INFO org.apache.zookeeper.server.AuthenticationHelper - zookeeper.enforce.auth.schemes = []
22:35:10.335 [Thread-1] INFO org.apache.zookeeper.server.util.RequestPathMetricsCollector - zookeeper.pathStats.slotCapacity = 60
22:35:10.335 [Thread-1] INFO org.apache.zookeeper.server.util.RequestPathMetricsCollector - zookeeper.pathStats.slotDuration = 15
22:35:10.335 [Thread-1] INFO org.apache.zookeeper.server.util.RequestPathMetricsCollector - zookeeper.pathStats.maxDepth = 6
22:35:10.335 [Thread-1] INFO org.apache.zookeeper.server.util.RequestPathMetricsCollector - zookeeper.pathStats.initialDelay = 5
22:35:10.336 [Thread-1] INFO org.apache.zookeeper.server.util.RequestPathMetricsCollector - zookeeper.pathStats.delay = 5
22:35:10.336 [Thread-1] INFO org.apache.zookeeper.server.util.RequestPathMetricsCollector - zookeeper.pathStats.enabled = false
22:35:10.337 [Thread-1] INFO org.apache.zookeeper.server.ZooKeeperServer - minSessionTimeout set to 1000 ms
22:35:10.337 [Thread-1] INFO org.apache.zookeeper.server.ZooKeeperServer - maxSessionTimeout set to 20000 ms
22:35:10.341 [Thread-1] INFO org.apache.zookeeper.server.ServerCnxnFactory - Using org.apache.zookeeper.server.NIOServerCnxnFactory as server connection factory
22:35:10.342 [Thread-1] WARN org.apache.zookeeper.server.ServerCnxnFactory - maxCnxns is not configured, using default value 0.
22:35:10.343 [Thread-1] INFO org.apache.zookeeper.server.NIOServerCnxnFactory - Configuring NIO connection handler with 10s sessionless connection timeout, 2 selector thread(s), 16 worker threads, and 64 kB direct buffers.
22:35:10.348 [Thread-1] INFO org.apache.zookeeper.server.NIOServerCnxnFactory - binding to port 0.0.0.0/0.0.0.0:46559
22:35:10.360 [Thread-1] INFO org.apache.zookeeper.server.watch.WatchManagerFactory - Using org.apache.zookeeper.server.watch.WatchManager as watch manager
22:35:10.361 [Thread-1] INFO org.apache.zookeeper.server.watch.WatchManagerFactory - Using org.apache.zookeeper.server.watch.WatchManager as watch manager
22:35:10.361 [Thread-1] INFO org.apache.zookeeper.server.ZKDatabase - zookeeper.snapshotSizeFactor = 0.33
22:35:10.361 [Thread-1] INFO org.apache.zookeeper.server.ZKDatabase - zookeeper.commitLogCount=500
22:35:10.376 [Thread-1] INFO org.apache.zookeeper.server.persistence.SnapStream - zookeeper.snapshot.compression.method = CHECKED
22:35:10.376 [Thread-1] INFO org.apache.zookeeper.server.persistence.FileTxnSnapLog - Snapshotting: 0x0 to /tmp/1693755310153-0/version-2/snapshot.0
22:35:10.380 [Thread-1] INFO org.apache.zookeeper.server.ZKDatabase - Snapshot loaded in 19 ms, highest zxid is 0x0, digest is 1371985504
22:35:10.381 [Thread-1] INFO org.apache.zookeeper.server.persistence.FileTxnSnapLog - Snapshotting: 0x0 to /tmp/1693755310153-0/version-2/snapshot.0
22:35:10.382 [Thread-1] INFO org.apache.zookeeper.server.ZooKeeperServer - Snapshot taken in 1 ms
22:35:10.392 [ProcessThread(sid:0 cport:46559):] INFO org.apache.zookeeper.server.PrepRequestProcessor - PrepRequestProcessor (sid:0) started, reconfigEnabled=false
22:35:10.392 [Thread-1] INFO org.apache.zookeeper.server.RequestThrottler - zookeeper.request_throttler.shutdownTimeout = 10000 ms
22:35:10.405 [Thread-1] INFO org.apache.zookeeper.server.ContainerManager - Using checkIntervalMs=60000 maxPerMinute=10000 maxNeverUsedIntervalMs=0
22:35:10.474 [main] INFO org.apache.curator.framework.imps.CuratorFrameworkImpl - Starting
22:35:10.476 [main] DEBUG org.apache.curator.CuratorZookeeperClient - Starting
22:35:10.476 [main] DEBUG org.apache.curator.ConnectionState - Starting
22:35:10.476 [main] DEBUG org.apache.curator.ConnectionState - reset
22:35:10.479 [main] INFO org.apache.zookeeper.ZooKeeper - Client environment:zookeeper.version=3.10.0-SNAPSHOT-264f16f72f95d6236caaae375b8158d4998dccec-dirty, built on 2023-09-03 15:27 UTC
22:35:10.479 [main] INFO org.apache.zookeeper.ZooKeeper - Client environment:host.name=asus-TUF-Gaming-FX505GT-FX505GT
22:35:10.479 [main] INFO org.apache.zookeeper.ZooKeeper - Client environment:java.version=17.0.6
22:35:10.479 [main] INFO org.apache.zookeeper.ZooKeeper - Client environment:java.vendor=Oracle Corporation
22:35:10.479 [main] INFO org.apache.zookeeper.ZooKeeper - Client environment:java.home=/usr/lib/jvm/java-17-oracle
22:35:10.479 [main] INFO org.apache.zookeeper.ZooKeeper - Client environment:java.class.path=/home/asus/Documents/zookeeper/zookeeper-compatibility-tests/zookeeper-compatibility-tests-curator/target/test-classes:/home/asus/Documents/zookeeper/zookeeper-compatibility-tests/zookeeper-compatibility-tests-curator/target/classes:/home/asus/Documents/zookeeper/zookeeper-server/target/classes:/home/asus/Documents/zookeeper/zookeeper-jute/target/classes:/home/asus/.m2/repository/org/apache/yetus/audience-annotations/0.12.0/audience-annotations-0.12.0.jar:/home/asus/.m2/repository/io/netty/netty-handler/4.1.94.Final/netty-handler-4.1.94.Final.jar:/home/asus/.m2/repository/io/netty/netty-common/4.1.94.Final/netty-common-4.1.94.Final.jar:/home/asus/.m2/repository/io/netty/netty-resolver/4.1.94.Final/netty-resolver-4.1.94.Final.jar:/home/asus/.m2/repository/io/netty/netty-buffer/4.1.94.Final/netty-buffer-4.1.94.Final.jar:/home/asus/.m2/repository/io/netty/netty-transport/4.1.94.Final/netty-transport-4.1.94.Final.jar:/home/asus/.m2/repository/io/netty/netty-transport-native-unix-common/4.1.94.Final/netty-transport-native-unix-common-4.1.94.Final.jar:/home/asus/.m2/repository/io/netty/netty-codec/4.1.94.Final/netty-codec-4.1.94.Final.jar:/home/asus/.m2/repository/io/netty/netty-transport-native-epoll/4.1.94.Final/netty-transport-native-epoll-4.1.94.Final-linux-x86_64.jar:/home/asus/.m2/repository/io/netty/netty-transport-classes-epoll/4.1.94.Final/netty-transport-classes-epoll-4.1.94.Final.jar:/home/asus/.m2/repository/io/netty/netty-tcnative-boringssl-static/2.0.61.Final/netty-tcnative-boringssl-static-2.0.61.Final.jar:/home/asus/.m2/repository/io/netty/netty-tcnative-classes/2.0.61.Final/netty-tcnative-classes-2.0.61.Final.jar:/home/asus/.m2/repository/io/netty/netty-tcnative-boringssl-static/2.0.61.Final/netty-tcnative-boringssl-static-2.0.61.Final-linux-x86_64.jar:/home/asus/.m2/repository/io/netty/netty-tcnative-boringssl-static/2.0.61.Final/netty-tcnative-boringssl-static-2.0.61.Final-linux-aarch_64.jar:/home/asus/.m2/repository/io/netty/netty-tcnative-boringssl-static/2.0.61.Final/netty-tcnative-boringssl-static-2.0.61.Final-osx-x86_64.jar:/home/asus/.m2/repository/io/netty/netty-tcnative-boringssl-static/2.0.61.Final/netty-tcnative-boringssl-static-2.0.61.Final-osx-aarch_64.jar:/home/asus/.m2/repository/io/netty/netty-tcnative-boringssl-static/2.0.61.Final/netty-tcnative-boringssl-static-2.0.61.Final-windows-x86_64.jar:/home/asus/.m2/repository/org/slf4j/slf4j-api/1.7.30/slf4j-api-1.7.30.jar:/home/asus/.m2/repository/ch/qos/logback/logback-core/1.2.10/logback-core-1.2.10.jar:/home/asus/.m2/repository/ch/qos/logback/logback-classic/1.2.10/logback-classic-1.2.10.jar:/home/asus/.m2/repository/commons-io/commons-io/2.11.0/commons-io-2.11.0.jar:/home/asus/.m2/repository/org/apache/curator/curator-recipes/5.0.0/curator-recipes-5.0.0.jar:/home/asus/.m2/repository/org/apache/curator/curator-framework/5.0.0/curator-framework-5.0.0.jar:/home/asus/.m2/repository/org/apache/curator/curator-client/5.0.0/curator-client-5.0.0.jar:/home/asus/.m2/repository/org/apache/curator/curator-test/5.0.0/curator-test-5.0.0.jar:/home/asus/.m2/repository/io/dropwizard/metrics/metrics-core/4.1.12.1/metrics-core-4.1.12.1.jar:/home/asus/.m2/repository/org/xerial/snappy/snappy-java/1.1.10.1/snappy-java-1.1.10.1.jar:/home/asus/.m2/repository/com/google/guava/guava/27.0.1-jre/guava-27.0.1-jre.jar:/home/asus/.m2/repository/com/google/guava/failureaccess/1.0.1/failureaccess-1.0.1.jar:/home/asus/.m2/repository/com/google/guava/listenablefuture/9999.0-empty-to-avoid-conflict-with-guava/listenablefuture-9999.0-empty-to-avoid-conflict-with-guava.jar:/home/asus/.m2/repository/com/google/code/findbugs/jsr305/3.0.2/jsr305-3.0.2.jar:/home/asus/.m2/repository/org/checkerframework/checker-qual/2.5.2/checker-qual-2.5.2.jar:/home/asus/.m2/repository/com/google/errorprone/error_prone_annotations/2.2.0/error_prone_annotations-2.2.0.jar:/home/asus/.m2/repository/com/google/j2objc/j2objc-annotations/1.1/j2objc-annotations-1.1.jar:/home/asus/.m2/repository/org/codehaus/mojo/animal-sniffer-annotations/1.17/animal-sniffer-annotations-1.17.jar:/home/asus/.m2/repository/org/junit/jupiter/junit-jupiter-engine/5.7.2/junit-jupiter-engine-5.7.2.jar:/home/asus/.m2/repository/org/apiguardian/apiguardian-api/1.1.0/apiguardian-api-1.1.0.jar:/home/asus/.m2/repository/org/junit/platform/junit-platform-engine/1.7.2/junit-platform-engine-1.7.2.jar:/home/asus/.m2/repository/org/opentest4j/opentest4j/1.2.0/opentest4j-1.2.0.jar:/home/asus/.m2/repository/org/junit/platform/junit-platform-commons/1.7.0/junit-platform-commons-1.7.0.jar:/home/asus/.m2/repository/org/junit/jupiter/junit-jupiter-api/5.7.2/junit-jupiter-api-5.7.2.jar:/home/asus/.m2/repository/org/wasabi/logger/logger-project/1.0-SNAPSHOT/logger-project-1.0-SNAPSHOT.jar:/home/asus/.m2/repository/junit/junit/4.13.2/junit-4.13.2.jar:/home/asus/.m2/repository/org/hamcrest/hamcrest-core/1.3/hamcrest-core-1.3.jar:/home/asus/.m2/repository/org/apache/logging/log4j/log4j-slf4j-impl/2.18.0/log4j-slf4j-impl-2.18.0.jar:/home/asus/.m2/repository/org/apache/logging/log4j/log4j-api/2.18.0/log4j-api-2.18.0.jar:/home/asus/.m2/repository/org/apache/logging/log4j/log4j-core/2.18.0/log4j-core-2.18.0.jar:/home/asus/.m2/repository/org/junit/vintage/junit-vintage-engine/5.7.2/junit-vintage-engine-5.7.2.jar:/home/asus/.m2/repository/org/junit/platform/junit-platform-launcher/1.8.2/junit-platform-launcher-1.8.2.jar:
22:35:10.480 [main] INFO org.apache.zookeeper.ZooKeeper - Client environment:java.library.path=/usr/java/packages/lib:/usr/lib64:/lib64:/lib:/usr/lib
22:35:10.480 [main] INFO org.apache.zookeeper.ZooKeeper - Client environment:java.io.tmpdir=/tmp
22:35:10.480 [main] INFO org.apache.zookeeper.ZooKeeper - Client environment:java.compiler=<NA>
22:35:10.480 [main] INFO org.apache.zookeeper.ZooKeeper - Client environment:os.name=Linux
22:35:10.480 [main] INFO org.apache.zookeeper.ZooKeeper - Client environment:os.arch=amd64
22:35:10.480 [main] INFO org.apache.zookeeper.ZooKeeper - Client environment:os.version=6.2.0-31-generic
22:35:10.480 [main] INFO org.apache.zookeeper.ZooKeeper - Client environment:user.name=asus
22:35:10.480 [main] INFO org.apache.zookeeper.ZooKeeper - Client environment:user.home=/home/asus
22:35:10.480 [main] INFO org.apache.zookeeper.ZooKeeper - Client environment:user.dir=/home/asus/Documents/zookeeper/zookeeper-compatibility-tests/zookeeper-compatibility-tests-curator
22:35:10.480 [main] INFO org.apache.zookeeper.ZooKeeper - Client environment:os.memory.free=354MB
22:35:10.480 [main] INFO org.apache.zookeeper.ZooKeeper - Client environment:os.memory.max=1024MB
22:35:10.480 [main] INFO org.apache.zookeeper.ZooKeeper - Client environment:os.memory.total=376MB
22:35:10.482 [main] INFO org.apache.zookeeper.ZooKeeper - Initiating client connection, connectString=127.0.0.1:46559 sessionTimeout=60000 watcher=org.apache.curator.ConnectionState@43df23d3
22:35:10.487 [main] INFO org.apache.zookeeper.common.X509Util - Setting -D jdk.tls.rejectClientInitiatedRenegotiation=true to disable client-initiated TLS renegotiation
22:35:10.490 [main] INFO org.apache.zookeeper.ClientCnxnSocket - jute.maxbuffer value is 1048575 Bytes
22:35:10.498 [main] INFO org.apache.zookeeper.ClientCnxn - zookeeper.request.timeout value is 0. feature enabled=false
22:35:10.499 [main-SendThread()] ERROR org.apache.zookeeper.ClientCnxn - [wasabi] Retry Loop 03 is called. MaxDuration : 10000
22:35:10.501 [main-SendThread(127.0.0.1:46559)] DEBUG org.apache.zookeeper.SaslServerPrincipal - Canonicalized address to localhost
22:35:10.502 [main-SendThread(127.0.0.1:46559)] INFO org.apache.zookeeper.ClientCnxn - Opening socket connection to server localhost/127.0.0.1:46559.
22:35:10.502 [main-SendThread(127.0.0.1:46559)] INFO org.apache.zookeeper.ClientCnxn - SASL config status: Will not attempt to authenticate using SASL (unknown error)
22:35:10.506 [main-SendThread(127.0.0.1:46559)] INFO org.apache.zookeeper.ClientCnxn - Socket connection established, initiating session, client: /127.0.0.1:58170, server: localhost/127.0.0.1:46559
22:35:10.506 [NIOServerCxnFactory.AcceptThread:0.0.0.0/0.0.0.0:46559] DEBUG org.apache.zookeeper.server.NIOServerCnxnFactory - Accepted socket connection from /127.0.0.1:58170
22:35:10.507 [main-SendThread(127.0.0.1:46559)] DEBUG org.apache.zookeeper.ClientCnxn - Session establishment request sent on localhost/127.0.0.1:46559
22:35:10.508 [main] INFO org.apache.curator.framework.imps.CuratorFrameworkImpl - Default schema
22:35:10.511 [main] INFO org.apache.curator.utils.Compatibility - Using org.apache.zookeeper.server.quorum.MultipleAddresses
22:35:10.514 [NIOWorkerThread-1] DEBUG org.apache.zookeeper.server.ZooKeeperServer - Session establishment request from client /127.0.0.1:58170 client's lastZxid is 0x0
22:35:10.516 [NIOWorkerThread-1] DEBUG org.apache.zookeeper.server.SessionTrackerImpl - Adding session 0x100005a3a740000
22:35:10.518 [NIOWorkerThread-1] DEBUG org.apache.zookeeper.server.ZooKeeperServer - Client attempting to establish new session: session = 0x100005a3a740000, zxid = 0x0, timeout = 60000, address = /127.0.0.1:58170
22:35:10.521 [ProcessThread(sid:0 cport:46559):] DEBUG org.apache.zookeeper.server.PrepRequestProcessor - Digest got from data tree is: 1371985504
22:35:10.521 [SyncThread:0] INFO org.apache.zookeeper.server.persistence.FileTxnLog - Creating new log file: log.1
22:35:10.525 [SyncThread:0] DEBUG org.apache.zookeeper.server.FinalRequestProcessor - Processing request:: sessionid:0x100005a3a740000 type:createSession cxid:0x0 zxid:0x1 txntype:-10 reqpath:n/a
22:35:10.527 [SyncThread:0] DEBUG org.apache.zookeeper.server.DataTree - Digests are matching for Zxid: 1, Digest in log and actual tree: 1371985504
22:35:10.529 [SyncThread:0] DEBUG org.apache.zookeeper.server.FinalRequestProcessor - sessionid:0x100005a3a740000 type:createSession cxid:0x0 zxid:0x1 txntype:-10 reqpath:n/a
22:35:10.530 [SyncThread:0] INFO org.apache.zookeeper.audit.ZKAuditProvider - ZooKeeper audit is disabled.
22:35:10.532 [SyncThread:0] DEBUG org.apache.zookeeper.server.ZooKeeperServer - Established session 0x100005a3a740000 with negotiated timeout 20000 for client /127.0.0.1:58170
22:35:10.533 [main-SendThread(127.0.0.1:46559)] INFO org.apache.zookeeper.ClientCnxn - Session establishment complete on server localhost/127.0.0.1:46559, session id = 0x100005a3a740000, negotiated timeout = 20000
22:35:10.535 [main-EventThread] DEBUG org.apache.curator.ConnectionState - Negotiated session timeout: 20000
22:35:10.538 [main-EventThread] INFO org.apache.curator.framework.state.ConnectionStateManager - State change: CONNECTED
22:35:10.538 [main-EventThread] DEBUG org.apache.curator.framework.imps.CuratorFrameworkImpl - Clearing sleep for 2 operations
22:35:10.543 [ProcessThread(sid:0 cport:46559):] DEBUG org.apache.zookeeper.server.SessionTrackerImpl - Checking session 0x100005a3a740000
22:35:10.543 [SyncThread:0] DEBUG org.apache.zookeeper.server.FinalRequestProcessor - Processing request:: sessionid:0x100005a3a740000 type:getData cxid:0x1 zxid:0xfffffffffffffffe txntype:unknown reqpath:/zookeeper/config
22:35:10.543 [SyncThread:0] DEBUG org.apache.zookeeper.server.FinalRequestProcessor - sessionid:0x100005a3a740000 type:getData cxid:0x1 zxid:0xfffffffffffffffe txntype:unknown reqpath:/zookeeper/config
22:35:10.544 [ProcessThread(sid:0 cport:46559):] DEBUG org.apache.zookeeper.server.SessionTrackerImpl - Checking session 0x100005a3a740000
22:35:10.544 [SyncThread:0] DEBUG org.apache.zookeeper.server.ZooKeeperServer - Permission requested: 1 
22:35:10.545 [ProcessThread(sid:0 cport:46559):] DEBUG org.apache.zookeeper.server.SessionTrackerImpl - Checking session 0x100005a3a740000
22:35:10.544 [SyncThread:0] DEBUG org.apache.zookeeper.server.ZooKeeperServer - ACLs for node: [1,s{'world,'anyone}
]
22:35:10.545 [SyncThread:0] DEBUG org.apache.zookeeper.server.ZooKeeperServer - Client credentials: ['ip,'127.0.0.1
]
22:35:10.545 [ProcessThread(sid:0 cport:46559):] DEBUG org.apache.zookeeper.server.PrepRequestProcessor - Processing ACL: 31,s{'world,'anyone}

22:35:10.547 [SyncThread:0] DEBUG org.apache.zookeeper.server.FinalRequestProcessor - Processing request:: sessionid:0x100005a3a740000 type:getData cxid:0x2 zxid:0xfffffffffffffffe txntype:unknown reqpath:/zookeeper/config
22:35:10.548 [SyncThread:0] DEBUG org.apache.zookeeper.server.FinalRequestProcessor - sessionid:0x100005a3a740000 type:getData cxid:0x2 zxid:0xfffffffffffffffe txntype:unknown reqpath:/zookeeper/config
22:35:10.549 [ProcessThread(sid:0 cport:46559):] DEBUG org.apache.zookeeper.server.SessionTrackerImpl - Checking session 0x100005a3a740000
22:35:10.549 [main-SendThread(127.0.0.1:46559)] DEBUG org.apache.zookeeper.ClientCnxn - Reading reply session id: 0x100005a3a740000, packet:: clientPath:/zookeeper/config serverPath:/zookeeper/config finished:false header:: 1,4  replyHeader:: 1,1,0  request:: '/zookeeper/config,T  response:: ,s{0,0,0,0,0,0,-1,0,0,0,0} 
22:35:10.550 [SyncThread:0] DEBUG org.apache.zookeeper.server.ZooKeeperServer - Permission requested: 1 
22:35:10.550 [ProcessThread(sid:0 cport:46559):] DEBUG org.apache.zookeeper.server.SessionTrackerImpl - Checking session 0x100005a3a740000
22:35:10.550 [SyncThread:0] DEBUG org.apache.zookeeper.server.ZooKeeperServer - ACLs for node: [1,s{'world,'anyone}
]
22:35:10.550 [SyncThread:0] DEBUG org.apache.zookeeper.server.ZooKeeperServer - Client credentials: ['ip,'127.0.0.1
]
22:35:10.552 [main-EventThread] INFO org.apache.curator.framework.imps.EnsembleTracker - New config event received: {}
22:35:10.552 [main-EventThread] DEBUG org.apache.curator.framework.imps.EnsembleTracker - Ignoring new config as it is empty
22:35:10.552 [main-SendThread(127.0.0.1:46559)] DEBUG org.apache.zookeeper.ClientCnxn - Reading reply session id: 0x100005a3a740000, packet:: clientPath:/zookeeper/config serverPath:/zookeeper/config finished:false header:: 2,4  replyHeader:: 2,1,0  request:: '/zookeeper/config,T  response:: ,s{0,0,0,0,0,0,-1,0,0,0,0} 
22:35:10.553 [SyncThread:0] DEBUG org.apache.zookeeper.server.FinalRequestProcessor - Processing request:: sessionid:0x100005a3a740000 type:create2 cxid:0x3 zxid:0x2 txntype:-1 reqpath:/base/path/1
22:35:10.553 [SyncThread:0] DEBUG org.apache.zookeeper.server.DataTree - Ignoring processTxn failure hdr: -1 : error: -101
22:35:10.553 [main-EventThread] INFO org.apache.curator.framework.imps.EnsembleTracker - New config event received: {}
22:35:10.553 [main-EventThread] DEBUG org.apache.curator.framework.imps.EnsembleTracker - Ignoring new config as it is empty
22:35:10.553 [SyncThread:0] DEBUG org.apache.zookeeper.server.FinalRequestProcessor - Processing request:: sessionid:0x100005a3a740000 type:addWatch cxid:0x4 zxid:0xfffffffffffffffe txntype:unknown reqpath:/base/path
22:35:10.554 [SyncThread:0] DEBUG org.apache.zookeeper.server.FinalRequestProcessor - sessionid:0x100005a3a740000 type:addWatch cxid:0x4 zxid:0xfffffffffffffffe txntype:unknown reqpath:/base/path
22:35:10.554 [SyncThread:0] DEBUG org.apache.zookeeper.server.FinalRequestProcessor - Processing request:: sessionid:0x100005a3a740000 type:addWatch cxid:0x5 zxid:0xfffffffffffffffe txntype:unknown reqpath:/base/path
22:35:10.555 [SyncThread:0] DEBUG org.apache.zookeeper.server.FinalRequestProcessor - sessionid:0x100005a3a740000 type:addWatch cxid:0x5 zxid:0xfffffffffffffffe txntype:unknown reqpath:/base/path
22:35:10.554 [main-SendThread(127.0.0.1:46559)] DEBUG org.apache.zookeeper.ClientCnxn - Reading reply session id: 0x100005a3a740000, packet:: clientPath:null serverPath:null finished:false header:: 3,15  replyHeader:: 3,2,-101  request:: '/base/path/1,#3132372e302e312e31,v{s{31,s{'world,'anyone}}},0  response::  
22:35:10.556 [main-SendThread(127.0.0.1:46559)] DEBUG org.apache.zookeeper.ClientCnxn - Reading reply session id: 0x100005a3a740000, packet:: clientPath:/base/path serverPath:/base/path finished:false header:: 4,106  replyHeader:: 4,2,0  request:: '/base/path,1  response:: 0 
22:35:10.559 [ProcessThread(sid:0 cport:46559):] DEBUG org.apache.zookeeper.server.SessionTrackerImpl - Checking session 0x100005a3a740000
22:35:10.558 [main-SendThread(127.0.0.1:46559)] DEBUG org.apache.zookeeper.ClientCnxn - Reading reply session id: 0x100005a3a740000, packet:: clientPath:/base/path serverPath:/base/path finished:false header:: 5,106  replyHeader:: 5,2,0  request:: '/base/path,1  response:: 0 
22:35:10.559 [SyncThread:0] DEBUG org.apache.zookeeper.server.FinalRequestProcessor - Processing request:: sessionid:0x100005a3a740000 type:exists cxid:0x6 zxid:0xfffffffffffffffe txntype:unknown reqpath:/base
22:35:10.560 [SyncThread:0] DEBUG org.apache.zookeeper.server.FinalRequestProcessor - sessionid:0x100005a3a740000 type:exists cxid:0x6 zxid:0xfffffffffffffffe txntype:unknown reqpath:/base
22:35:10.562 [main-SendThread(127.0.0.1:46559)] DEBUG org.apache.zookeeper.ClientCnxn - Reading reply session id: 0x100005a3a740000, packet:: clientPath:null serverPath:null finished:false header:: 6,3  replyHeader:: 6,2,-101  request:: '/base,F  response::  
22:35:10.564 [ProcessThread(sid:0 cport:46559):] DEBUG org.apache.zookeeper.server.SessionTrackerImpl - Checking session 0x100005a3a740000
22:35:10.565 [SyncThread:0] DEBUG org.apache.zookeeper.server.FinalRequestProcessor - Processing request:: sessionid:0x100005a3a740000 type:getData cxid:0x7 zxid:0xfffffffffffffffe txntype:unknown reqpath:/base/path
22:35:10.565 [SyncThread:0] DEBUG org.apache.zookeeper.server.FinalRequestProcessor - sessionid:0x100005a3a740000 type:getData cxid:0x7 zxid:0xfffffffffffffffe txntype:unknown reqpath:/base/path
22:35:10.566 [ProcessThread(sid:0 cport:46559):] DEBUG org.apache.zookeeper.server.SessionTrackerImpl - Checking session 0x100005a3a740000
22:35:10.567 [ProcessThread(sid:0 cport:46559):] DEBUG org.apache.zookeeper.server.PrepRequestProcessor - Processing ACL: 31,s{'world,'anyone}

22:35:10.568 [ProcessThread(sid:0 cport:46559):] DEBUG org.apache.zookeeper.server.ZooKeeperServer - Permission requested: 4 
22:35:10.568 [ProcessThread(sid:0 cport:46559):] DEBUG org.apache.zookeeper.server.ZooKeeperServer - ACLs for node: [31,s{'world,'anyone}
]
22:35:10.568 [ProcessThread(sid:0 cport:46559):] DEBUG org.apache.zookeeper.server.ZooKeeperServer - Client credentials: ['ip,'127.0.0.1
]
22:35:10.568 [main-SendThread(127.0.0.1:46559)] DEBUG org.apache.zookeeper.ClientCnxn - Reading reply session id: 0x100005a3a740000, packet:: clientPath:/base/path serverPath:/base/path finished:false header:: 7,4  replyHeader:: 7,2,-101  request:: '/base/path,F  response::  
22:35:10.570 [ProcessThread(sid:0 cport:46559):] DEBUG org.apache.zookeeper.server.PrepRequestProcessor - Digest got from data tree is: 1371985504
22:35:10.570 [ProcessThread(sid:0 cport:46559):] DEBUG org.apache.zookeeper.server.PrepRequestProcessor - Digest got from outstandingChanges is: 3516513605
22:35:10.570 [ProcessThread(sid:0 cport:46559):] DEBUG org.apache.zookeeper.server.SessionTrackerImpl - Checking session 0x100005a3a740000
22:35:10.572 [SyncThread:0] DEBUG org.apache.zookeeper.server.FinalRequestProcessor - Processing request:: sessionid:0x100005a3a740000 type:create cxid:0x8 zxid:0x3 txntype:1 reqpath:/base
22:35:10.573 [SyncThread:0] DEBUG org.apache.zookeeper.common.PathTrie - base
22:35:10.574 [SyncThread:0] DEBUG org.apache.zookeeper.server.DataTree - Digests are matching for Zxid: 3, Digest in log and actual tree: 3711501218
22:35:10.575 [SyncThread:0] DEBUG org.apache.zookeeper.server.FinalRequestProcessor - sessionid:0x100005a3a740000 type:create cxid:0x8 zxid:0x3 txntype:1 reqpath:/base
22:35:10.575 [SyncThread:0] DEBUG org.apache.zookeeper.server.FinalRequestProcessor - Processing request:: sessionid:0x100005a3a740000 type:getData cxid:0x9 zxid:0xfffffffffffffffe txntype:unknown reqpath:/base/path
22:35:10.575 [SyncThread:0] DEBUG org.apache.zookeeper.server.FinalRequestProcessor - sessionid:0x100005a3a740000 type:getData cxid:0x9 zxid:0xfffffffffffffffe txntype:unknown reqpath:/base/path
22:35:10.576 [main-SendThread(127.0.0.1:46559)] DEBUG org.apache.zookeeper.ClientCnxn - Reading reply session id: 0x100005a3a740000, packet:: clientPath:null serverPath:null finished:false header:: 8,1  replyHeader:: 8,3,0  request:: '/base,,v{s{31,s{'world,'anyone}}},0  response:: '/base 
22:35:10.577 [main-SendThread(127.0.0.1:46559)] DEBUG org.apache.zookeeper.ClientCnxn - Reading reply session id: 0x100005a3a740000, packet:: clientPath:/base/path serverPath:/base/path finished:false header:: 9,4  replyHeader:: 9,3,-101  request:: '/base/path,F  response::  
22:35:10.578 [ProcessThread(sid:0 cport:46559):] DEBUG org.apache.zookeeper.server.SessionTrackerImpl - Checking session 0x100005a3a740000
22:35:10.578 [SyncThread:0] DEBUG org.apache.zookeeper.server.FinalRequestProcessor - Processing request:: sessionid:0x100005a3a740000 type:exists cxid:0xa zxid:0xfffffffffffffffe txntype:unknown reqpath:/base/path
22:35:10.578 [SyncThread:0] DEBUG org.apache.zookeeper.server.FinalRequestProcessor - sessionid:0x100005a3a740000 type:exists cxid:0xa zxid:0xfffffffffffffffe txntype:unknown reqpath:/base/path
22:35:10.580 [main-SendThread(127.0.0.1:46559)] DEBUG org.apache.zookeeper.ClientCnxn - Reading reply session id: 0x100005a3a740000, packet:: clientPath:null serverPath:null finished:false header:: 10,3  replyHeader:: 10,3,-101  request:: '/base/path,F  response::  
22:35:10.582 [ProcessThread(sid:0 cport:46559):] DEBUG org.apache.zookeeper.server.SessionTrackerImpl - Checking session 0x100005a3a740000
22:35:10.582 [ProcessThread(sid:0 cport:46559):] DEBUG org.apache.zookeeper.server.PrepRequestProcessor - Processing ACL: 31,s{'world,'anyone}

22:35:10.582 [ProcessThread(sid:0 cport:46559):] DEBUG org.apache.zookeeper.server.ZooKeeperServer - Permission requested: 4 
22:35:10.582 [ProcessThread(sid:0 cport:46559):] DEBUG org.apache.zookeeper.server.ZooKeeperServer - ACLs for node: [31,s{'world,'anyone}
]
22:35:10.582 [ProcessThread(sid:0 cport:46559):] DEBUG org.apache.zookeeper.server.ZooKeeperServer - Client credentials: ['ip,'127.0.0.1
]
22:35:10.583 [ProcessThread(sid:0 cport:46559):] DEBUG org.apache.zookeeper.server.PrepRequestProcessor - Digest got from data tree is: 3711501218
22:35:10.583 [ProcessThread(sid:0 cport:46559):] DEBUG org.apache.zookeeper.server.PrepRequestProcessor - Digest got from outstandingChanges is: 7312094028
22:35:10.584 [SyncThread:0] DEBUG org.apache.zookeeper.server.FinalRequestProcessor - Processing request:: sessionid:0x100005a3a740000 type:create cxid:0xb zxid:0x4 txntype:1 reqpath:/base/path
22:35:10.585 [SyncThread:0] DEBUG org.apache.zookeeper.common.PathTrie - base
22:35:10.586 [SyncThread:0] DEBUG org.apache.zookeeper.server.DataTree - Digests are matching for Zxid: 4, Digest in log and actual tree: 7516555518
22:35:10.586 [main-SendThread(127.0.0.1:46559)] DEBUG org.apache.zookeeper.ClientCnxn - Got notification session id: 0x100005a3a740000
22:35:10.586 [SyncThread:0] DEBUG org.apache.zookeeper.server.FinalRequestProcessor - sessionid:0x100005a3a740000 type:create cxid:0xb zxid:0x4 txntype:1 reqpath:/base/path
22:35:10.586 [main-SendThread(127.0.0.1:46559)] DEBUG org.apache.zookeeper.ClientCnxn - Got WatchedEvent state:SyncConnected type:NodeCreated path:/base/path zxid: 4 for session id 0x100005a3a740000
22:35:10.587 [main-SendThread(127.0.0.1:46559)] DEBUG org.apache.zookeeper.ClientCnxn - Reading reply session id: 0x100005a3a740000, packet:: clientPath:null serverPath:null finished:false header:: 11,1  replyHeader:: 11,4,0  request:: '/base/path,,v{s{31,s{'world,'anyone}}},0  response:: '/base/path 
22:35:10.589 [ProcessThread(sid:0 cport:46559):] DEBUG org.apache.zookeeper.server.SessionTrackerImpl - Checking session 0x100005a3a740000
22:35:10.589 [SyncThread:0] DEBUG org.apache.zookeeper.server.FinalRequestProcessor - Processing request:: sessionid:0x100005a3a740000 type:getData cxid:0xc zxid:0xfffffffffffffffe txntype:unknown reqpath:/base/path
22:35:10.589 [ProcessThread(sid:0 cport:46559):] DEBUG org.apache.zookeeper.server.SessionTrackerImpl - Checking session 0x100005a3a740000
22:35:10.589 [SyncThread:0] DEBUG org.apache.zookeeper.server.FinalRequestProcessor - sessionid:0x100005a3a740000 type:getData cxid:0xc zxid:0xfffffffffffffffe txntype:unknown reqpath:/base/path
22:35:10.589 [SyncThread:0] DEBUG org.apache.zookeeper.server.ZooKeeperServer - Permission requested: 1 
22:35:10.589 [ProcessThread(sid:0 cport:46559):] DEBUG org.apache.zookeeper.server.PrepRequestProcessor - Processing ACL: 31,s{'world,'anyone}

22:35:10.590 [ProcessThread(sid:0 cport:46559):] DEBUG org.apache.zookeeper.server.ZooKeeperServer - Permission requested: 4 
22:35:10.590 [SyncThread:0] DEBUG org.apache.zookeeper.server.ZooKeeperServer - ACLs for node: [31,s{'world,'anyone}
]
22:35:10.590 [ProcessThread(sid:0 cport:46559):] DEBUG org.apache.zookeeper.server.ZooKeeperServer - ACLs for node: [31,s{'world,'anyone}
]
22:35:10.590 [SyncThread:0] DEBUG org.apache.zookeeper.server.ZooKeeperServer - Client credentials: ['ip,'127.0.0.1
]
22:35:10.591 [ProcessThread(sid:0 cport:46559):] DEBUG org.apache.zookeeper.server.ZooKeeperServer - Client credentials: ['ip,'127.0.0.1
]
22:35:10.592 [ProcessThread(sid:0 cport:46559):] DEBUG org.apache.zookeeper.server.PrepRequestProcessor - Digest got from data tree is: 7516555518
22:35:10.592 [ProcessThread(sid:0 cport:46559):] DEBUG org.apache.zookeeper.server.PrepRequestProcessor - Digest got from outstandingChanges is: 8675839604
22:35:10.593 [main-SendThread(127.0.0.1:46559)] DEBUG org.apache.zookeeper.ClientCnxn - Reading reply session id: 0x100005a3a740000, packet:: clientPath:/base/path serverPath:/base/path finished:false header:: 12,4  replyHeader:: 12,4,0  request:: '/base/path,F  response:: ,s{4,4,1693755310582,1693755310582,0,0,0,0,0,0,4} 
22:35:10.594 [SyncThread:0] DEBUG org.apache.zookeeper.server.FinalRequestProcessor - Processing request:: sessionid:0x100005a3a740000 type:create2 cxid:0xd zxid:0x5 txntype:15 reqpath:/base/path/1
22:35:10.595 [SyncThread:0] DEBUG org.apache.zookeeper.common.PathTrie - base
22:35:10.596 [SyncThread:0] DEBUG org.apache.zookeeper.server.DataTree - Digests are matching for Zxid: 5, Digest in log and actual tree: 10769693087
22:35:10.596 [main-SendThread(127.0.0.1:46559)] DEBUG org.apache.zookeeper.ClientCnxn - Got notification session id: 0x100005a3a740000
22:35:10.596 [SyncThread:0] DEBUG org.apache.zookeeper.server.FinalRequestProcessor - sessionid:0x100005a3a740000 type:create2 cxid:0xd zxid:0x5 txntype:15 reqpath:/base/path/1
22:35:10.596 [main-SendThread(127.0.0.1:46559)] DEBUG org.apache.zookeeper.ClientCnxn - Got WatchedEvent state:SyncConnected type:NodeCreated path:/base/path/1 zxid: 5 for session id 0x100005a3a740000
22:35:10.597 [main-SendThread(127.0.0.1:46559)] DEBUG org.apache.zookeeper.ClientCnxn - Reading reply session id: 0x100005a3a740000, packet:: clientPath:null serverPath:null finished:false header:: 13,15  replyHeader:: 13,5,0  request:: '/base/path/1,#3132372e302e312e31,v{s{31,s{'world,'anyone}}},0  response:: '/base/path/1,s{5,5,1693755310589,1693755310589,0,0,0,0,9,0,5} 
22:35:10.599 [ProcessThread(sid:0 cport:46559):] DEBUG org.apache.zookeeper.server.SessionTrackerImpl - Checking session 0x100005a3a740000
22:35:10.599 [ProcessThread(sid:0 cport:46559):] DEBUG org.apache.zookeeper.server.PrepRequestProcessor - Processing ACL: 31,s{'world,'anyone}

22:35:10.599 [ProcessThread(sid:0 cport:46559):] DEBUG org.apache.zookeeper.server.ZooKeeperServer - Permission requested: 4 
22:35:10.599 [ProcessThread(sid:0 cport:46559):] DEBUG org.apache.zookeeper.server.ZooKeeperServer - ACLs for node: [31,s{'world,'anyone}
]
22:35:10.600 [ProcessThread(sid:0 cport:46559):] DEBUG org.apache.zookeeper.server.ZooKeeperServer - Client credentials: ['ip,'127.0.0.1
]
22:35:10.600 [ProcessThread(sid:0 cport:46559):] DEBUG org.apache.zookeeper.server.PrepRequestProcessor - Digest got from data tree is: 10769693087
22:35:10.600 [ProcessThread(sid:0 cport:46559):] DEBUG org.apache.zookeeper.server.PrepRequestProcessor - Digest got from outstandingChanges is: 12474230525
22:35:10.600 [ProcessThread(sid:0 cport:46559):] DEBUG org.apache.zookeeper.server.SessionTrackerImpl - Checking session 0x100005a3a740000
22:35:10.600 [ProcessThread(sid:0 cport:46559):] DEBUG org.apache.zookeeper.server.SessionTrackerImpl - Checking session 0x100005a3a740000
22:35:10.602 [SyncThread:0] DEBUG org.apache.zookeeper.server.FinalRequestProcessor - Processing request:: sessionid:0x100005a3a740000 type:create2 cxid:0xe zxid:0x6 txntype:15 reqpath:/base/path/2
22:35:10.602 [SyncThread:0] DEBUG org.apache.zookeeper.common.PathTrie - base
22:35:10.603 [SyncThread:0] DEBUG org.apache.zookeeper.server.DataTree - Digests are matching for Zxid: 6, Digest in log and actual tree: 14422333253
22:35:10.603 [SyncThread:0] DEBUG org.apache.zookeeper.server.FinalRequestProcessor - sessionid:0x100005a3a740000 type:create2 cxid:0xe zxid:0x6 txntype:15 reqpath:/base/path/2
22:35:10.603 [SyncThread:0] DEBUG org.apache.zookeeper.server.FinalRequestProcessor - Processing request:: sessionid:0x100005a3a740000 type:getChildren2 cxid:0xf zxid:0xfffffffffffffffe txntype:unknown reqpath:/base/path
22:35:10.603 [SyncThread:0] DEBUG org.apache.zookeeper.server.FinalRequestProcessor - sessionid:0x100005a3a740000 type:getChildren2 cxid:0xf zxid:0xfffffffffffffffe txntype:unknown reqpath:/base/path
22:35:10.603 [main-SendThread(127.0.0.1:46559)] DEBUG org.apache.zookeeper.ClientCnxn - Got notification session id: 0x100005a3a740000
22:35:10.603 [main-SendThread(127.0.0.1:46559)] DEBUG org.apache.zookeeper.ClientCnxn - Got WatchedEvent state:SyncConnected type:NodeCreated path:/base/path/2 zxid: 6 for session id 0x100005a3a740000
22:35:10.604 [SyncThread:0] DEBUG org.apache.zookeeper.server.ZooKeeperServer - Permission requested: 1 
22:35:10.604 [SyncThread:0] DEBUG org.apache.zookeeper.server.ZooKeeperServer - ACLs for node: [31,s{'world,'anyone}
]
22:35:10.604 [SyncThread:0] DEBUG org.apache.zookeeper.server.ZooKeeperServer - Client credentials: ['ip,'127.0.0.1
]
22:35:10.604 [main-SendThread(127.0.0.1:46559)] DEBUG org.apache.zookeeper.ClientCnxn - Reading reply session id: 0x100005a3a740000, packet:: clientPath:null serverPath:null finished:false header:: 14,15  replyHeader:: 14,6,0  request:: '/base/path/2,#3132372e302e312e31,v{s{31,s{'world,'anyone}}},0  response:: '/base/path/2,s{6,6,1693755310599,1693755310599,0,0,0,0,9,0,6} 
22:35:10.605 [SyncThread:0] DEBUG org.apache.zookeeper.server.FinalRequestProcessor - Processing request:: sessionid:0x100005a3a740000 type:getData cxid:0x10 zxid:0xfffffffffffffffe txntype:unknown reqpath:/base/path/1
22:35:10.605 [SyncThread:0] DEBUG org.apache.zookeeper.server.FinalRequestProcessor - sessionid:0x100005a3a740000 type:getData cxid:0x10 zxid:0xfffffffffffffffe txntype:unknown reqpath:/base/path/1
22:35:10.605 [SyncThread:0] DEBUG org.apache.zookeeper.server.ZooKeeperServer - Permission requested: 1 
22:35:10.605 [SyncThread:0] DEBUG org.apache.zookeeper.server.ZooKeeperServer - ACLs for node: [31,s{'world,'anyone}
]
22:35:10.605 [SyncThread:0] DEBUG org.apache.zookeeper.server.ZooKeeperServer - Client credentials: ['ip,'127.0.0.1
]
22:35:10.605 [ProcessThread(sid:0 cport:46559):] DEBUG org.apache.zookeeper.server.SessionTrackerImpl - Checking session 0x100005a3a740000
22:35:10.605 [SyncThread:0] DEBUG org.apache.zookeeper.server.FinalRequestProcessor - Processing request:: sessionid:0x100005a3a740000 type:getData cxid:0x11 zxid:0xfffffffffffffffe txntype:unknown reqpath:/base/path/2
22:35:10.606 [SyncThread:0] DEBUG org.apache.zookeeper.server.FinalRequestProcessor - sessionid:0x100005a3a740000 type:getData cxid:0x11 zxid:0xfffffffffffffffe txntype:unknown reqpath:/base/path/2
22:35:10.606 [ProcessThread(sid:0 cport:46559):] DEBUG org.apache.zookeeper.server.SessionTrackerImpl - Checking session 0x100005a3a740000
22:35:10.606 [SyncThread:0] DEBUG org.apache.zookeeper.server.ZooKeeperServer - Permission requested: 1 
22:35:10.605 [main-SendThread(127.0.0.1:46559)] DEBUG org.apache.zookeeper.ClientCnxn - Reading reply session id: 0x100005a3a740000, packet:: clientPath:/base/path serverPath:/base/path finished:false header:: 15,12  replyHeader:: 15,6,0  request:: '/base/path,F  response:: v{'1,'2},s{4,4,1693755310582,1693755310582,0,2,0,0,0,2,6} 
22:35:10.606 [SyncThread:0] DEBUG org.apache.zookeeper.server.ZooKeeperServer - ACLs for node: [31,s{'world,'anyone}
]
22:35:10.606 [SyncThread:0] DEBUG org.apache.zookeeper.server.ZooKeeperServer - Client credentials: ['ip,'127.0.0.1
]
22:35:10.606 [ProcessThread(sid:0 cport:46559):] DEBUG org.apache.zookeeper.server.PrepRequestProcessor - Processing ACL: 31,s{'world,'anyone}

22:35:10.607 [ProcessThread(sid:0 cport:46559):] DEBUG org.apache.zookeeper.server.ZooKeeperServer - Permission requested: 4 
22:35:10.606 [main-SendThread(127.0.0.1:46559)] DEBUG org.apache.zookeeper.ClientCnxn - Reading reply session id: 0x100005a3a740000, packet:: clientPath:/base/path/1 serverPath:/base/path/1 finished:false header:: 16,4  replyHeader:: 16,6,0  request:: '/base/path/1,F  response:: #3132372e302e312e31,s{5,5,1693755310589,1693755310589,0,0,0,0,9,0,5} 
22:35:10.607 [ProcessThread(sid:0 cport:46559):] DEBUG org.apache.zookeeper.server.ZooKeeperServer - ACLs for node: [31,s{'world,'anyone}
]
22:35:10.607 [ProcessThread(sid:0 cport:46559):] DEBUG org.apache.zookeeper.server.ZooKeeperServer - Client credentials: ['ip,'127.0.0.1
]
22:35:10.607 [ProcessThread(sid:0 cport:46559):] DEBUG org.apache.zookeeper.server.PrepRequestProcessor - Digest got from data tree is: 14422333253
22:35:10.608 [ProcessThread(sid:0 cport:46559):] DEBUG org.apache.zookeeper.server.PrepRequestProcessor - Digest got from outstandingChanges is: 14405338859
22:35:10.607 [main-SendThread(127.0.0.1:46559)] DEBUG org.apache.zookeeper.ClientCnxn - Reading reply session id: 0x100005a3a740000, packet:: clientPath:/base/path/2 serverPath:/base/path/2 finished:false header:: 17,4  replyHeader:: 17,6,0  request:: '/base/path/2,F  response:: #3132372e302e312e31,s{6,6,1693755310599,1693755310599,0,0,0,0,9,0,6} 
22:35:10.609 [ProcessThread(sid:0 cport:46559):] DEBUG org.apache.zookeeper.server.SessionTrackerImpl - Checking session 0x100005a3a740000
22:35:10.611 [ProcessThread(sid:0 cport:46559):] DEBUG org.apache.zookeeper.server.SessionTrackerImpl - Checking session 0x100005a3a740000
22:35:10.611 [SyncThread:0] DEBUG org.apache.zookeeper.server.FinalRequestProcessor - Processing request:: sessionid:0x100005a3a740000 type:create2 cxid:0x12 zxid:0x7 txntype:15 reqpath:/base/path/1/a
22:35:10.612 [SyncThread:0] DEBUG org.apache.zookeeper.common.PathTrie - base
22:35:10.612 [ProcessThread(sid:0 cport:46559):] DEBUG org.apache.zookeeper.server.SessionTrackerImpl - Checking session 0x100005a3a740000
22:35:10.612 [SyncThread:0] DEBUG org.apache.zookeeper.server.DataTree - Digests are matching for Zxid: 7, Digest in log and actual tree: 17125954513
22:35:10.612 [ProcessThread(sid:0 cport:46559):] DEBUG org.apache.zookeeper.server.SessionTrackerImpl - Checking session 0x100005a3a740000
22:35:10.613 [SyncThread:0] DEBUG org.apache.zookeeper.server.FinalRequestProcessor - sessionid:0x100005a3a740000 type:create2 cxid:0x12 zxid:0x7 txntype:15 reqpath:/base/path/1/a
22:35:10.613 [main-SendThread(127.0.0.1:46559)] DEBUG org.apache.zookeeper.ClientCnxn - Got notification session id: 0x100005a3a740000
22:35:10.613 [main-SendThread(127.0.0.1:46559)] DEBUG org.apache.zookeeper.ClientCnxn - Got WatchedEvent state:SyncConnected type:NodeCreated path:/base/path/1/a zxid: 7 for session id 0x100005a3a740000
22:35:10.613 [SyncThread:0] DEBUG org.apache.zookeeper.server.FinalRequestProcessor - Processing request:: sessionid:0x100005a3a740000 type:getData cxid:0x13 zxid:0xfffffffffffffffe txntype:unknown reqpath:/base/path/1
22:35:10.613 [SyncThread:0] DEBUG org.apache.zookeeper.server.FinalRequestProcessor - sessionid:0x100005a3a740000 type:getData cxid:0x13 zxid:0xfffffffffffffffe txntype:unknown reqpath:/base/path/1
22:35:10.613 [SyncThread:0] DEBUG org.apache.zookeeper.server.ZooKeeperServer - Permission requested: 1 
22:35:10.613 [SyncThread:0] DEBUG org.apache.zookeeper.server.ZooKeeperServer - ACLs for node: [31,s{'world,'anyone}
]
22:35:10.613 [SyncThread:0] DEBUG org.apache.zookeeper.server.ZooKeeperServer - Client credentials: ['ip,'127.0.0.1
]
22:35:10.614 [SyncThread:0] DEBUG org.apache.zookeeper.server.FinalRequestProcessor - Processing request:: sessionid:0x100005a3a740000 type:getData cxid:0x14 zxid:0xfffffffffffffffe txntype:unknown reqpath:/base/path/2
22:35:10.614 [SyncThread:0] DEBUG org.apache.zookeeper.server.FinalRequestProcessor - sessionid:0x100005a3a740000 type:getData cxid:0x14 zxid:0xfffffffffffffffe txntype:unknown reqpath:/base/path/2
22:35:10.613 [main-SendThread(127.0.0.1:46559)] DEBUG org.apache.zookeeper.ClientCnxn - Reading reply session id: 0x100005a3a740000, packet:: clientPath:null serverPath:null finished:false header:: 18,15  replyHeader:: 18,7,0  request:: '/base/path/1/a,#3132372e302e312e31,v{s{31,s{'world,'anyone}}},0  response:: '/base/path/1/a,s{7,7,1693755310606,1693755310606,0,0,0,0,9,0,7} 
22:35:10.614 [SyncThread:0] DEBUG org.apache.zookeeper.server.ZooKeeperServer - Permission requested: 1 
22:35:10.614 [SyncThread:0] DEBUG org.apache.zookeeper.server.ZooKeeperServer - ACLs for node: [31,s{'world,'anyone}
]
22:35:10.615 [SyncThread:0] DEBUG org.apache.zookeeper.server.ZooKeeperServer - Client credentials: ['ip,'127.0.0.1
]
22:35:10.615 [SyncThread:0] DEBUG org.apache.zookeeper.server.FinalRequestProcessor - Processing request:: sessionid:0x100005a3a740000 type:getChildren2 cxid:0x15 zxid:0xfffffffffffffffe txntype:unknown reqpath:/base/path/1
22:35:10.615 [SyncThread:0] DEBUG org.apache.zookeeper.server.FinalRequestProcessor - sessionid:0x100005a3a740000 type:getChildren2 cxid:0x15 zxid:0xfffffffffffffffe txntype:unknown reqpath:/base/path/1
22:35:10.615 [ProcessThread(sid:0 cport:46559):] DEBUG org.apache.zookeeper.server.SessionTrackerImpl - Checking session 0x100005a3a740000
22:35:10.615 [ProcessThread(sid:0 cport:46559):] DEBUG org.apache.zookeeper.server.SessionTrackerImpl - Checking session 0x100005a3a740000
22:35:10.616 [ProcessThread(sid:0 cport:46559):] DEBUG org.apache.zookeeper.server.PrepRequestProcessor - Processing ACL: 31,s{'world,'anyone}

22:35:10.615 [SyncThread:0] DEBUG org.apache.zookeeper.server.ZooKeeperServer - Permission requested: 1 
22:35:10.615 [main-SendThread(127.0.0.1:46559)] DEBUG org.apache.zookeeper.ClientCnxn - Reading reply session id: 0x100005a3a740000, packet:: clientPath:/base/path/1 serverPath:/base/path/1 finished:false header:: 19,4  replyHeader:: 19,7,0  request:: '/base/path/1,F  response:: #3132372e302e312e31,s{5,5,1693755310589,1693755310589,0,1,0,0,9,1,7} 
22:35:10.616 [ProcessThread(sid:0 cport:46559):] DEBUG org.apache.zookeeper.server.ZooKeeperServer - Permission requested: 4 
22:35:10.616 [SyncThread:0] DEBUG org.apache.zookeeper.server.ZooKeeperServer - ACLs for node: [31,s{'world,'anyone}
]
22:35:10.616 [ProcessThread(sid:0 cport:46559):] DEBUG org.apache.zookeeper.server.ZooKeeperServer - ACLs for node: [31,s{'world,'anyone}
]
22:35:10.616 [SyncThread:0] DEBUG org.apache.zookeeper.server.ZooKeeperServer - Client credentials: ['ip,'127.0.0.1
]
22:35:10.617 [SyncThread:0] DEBUG org.apache.zookeeper.server.FinalRequestProcessor - Processing request:: sessionid:0x100005a3a740000 type:getChildren2 cxid:0x16 zxid:0xfffffffffffffffe txntype:unknown reqpath:/base/path/2
22:35:10.617 [ProcessThread(sid:0 cport:46559):] DEBUG org.apache.zookeeper.server.ZooKeeperServer - Client credentials: ['ip,'127.0.0.1
]
22:35:10.617 [SyncThread:0] DEBUG org.apache.zookeeper.server.FinalRequestProcessor - sessionid:0x100005a3a740000 type:getChildren2 cxid:0x16 zxid:0xfffffffffffffffe txntype:unknown reqpath:/base/path/2
22:35:10.618 [ProcessThread(sid:0 cport:46559):] DEBUG org.apache.zookeeper.server.PrepRequestProcessor - Digest got from data tree is: 17125954513
22:35:10.618 [SyncThread:0] DEBUG org.apache.zookeeper.server.ZooKeeperServer - Permission requested: 1 
22:35:10.618 [ProcessThread(sid:0 cport:46559):] DEBUG org.apache.zookeeper.server.PrepRequestProcessor - Digest got from outstandingChanges is: 18431565308
22:35:10.617 [main-SendThread(127.0.0.1:46559)] DEBUG org.apache.zookeeper.ClientCnxn - Reading reply session id: 0x100005a3a740000, packet:: clientPath:/base/path/2 serverPath:/base/path/2 finished:false header:: 20,4  replyHeader:: 20,7,0  request:: '/base/path/2,F  response:: #3132372e302e312e31,s{6,6,1693755310599,1693755310599,0,0,0,0,9,0,6} 
22:35:10.618 [ProcessThread(sid:0 cport:46559):] DEBUG org.apache.zookeeper.server.SessionTrackerImpl - Checking session 0x100005a3a740000
22:35:10.618 [SyncThread:0] DEBUG org.apache.zookeeper.server.ZooKeeperServer - ACLs for node: [31,s{'world,'anyone}
]
22:35:10.618 [SyncThread:0] DEBUG org.apache.zookeeper.server.ZooKeeperServer - Client credentials: ['ip,'127.0.0.1
]
22:35:10.619 [SyncThread:0] DEBUG org.apache.zookeeper.server.FinalRequestProcessor - Processing request:: sessionid:0x100005a3a740000 type:getData cxid:0x17 zxid:0xfffffffffffffffe txntype:unknown reqpath:/base/path/1/a
22:35:10.619 [SyncThread:0] DEBUG org.apache.zookeeper.server.FinalRequestProcessor - sessionid:0x100005a3a740000 type:getData cxid:0x17 zxid:0xfffffffffffffffe txntype:unknown reqpath:/base/path/1/a
22:35:10.619 [SyncThread:0] DEBUG org.apache.zookeeper.server.ZooKeeperServer - Permission requested: 1 
22:35:10.619 [SyncThread:0] DEBUG org.apache.zookeeper.server.ZooKeeperServer - ACLs for node: [31,s{'world,'anyone}
]
22:35:10.618 [main-SendThread(127.0.0.1:46559)] DEBUG org.apache.zookeeper.ClientCnxn - Reading reply session id: 0x100005a3a740000, packet:: clientPath:/base/path/1 serverPath:/base/path/1 finished:false header:: 21,12  replyHeader:: 21,7,0  request:: '/base/path/1,F  response:: v{'a},s{5,5,1693755310589,1693755310589,0,1,0,0,9,1,7} 
22:35:10.619 [SyncThread:0] DEBUG org.apache.zookeeper.server.ZooKeeperServer - Client credentials: ['ip,'127.0.0.1
]
22:35:10.619 [main-SendThread(127.0.0.1:46559)] DEBUG org.apache.zookeeper.ClientCnxn - Reading reply session id: 0x100005a3a740000, packet:: clientPath:/base/path/2 serverPath:/base/path/2 finished:false header:: 22,12  replyHeader:: 22,7,0  request:: '/base/path/2,F  response:: v{},s{6,6,1693755310599,1693755310599,0,0,0,0,9,0,6} 
22:35:10.621 [ProcessThread(sid:0 cport:46559):] DEBUG org.apache.zookeeper.server.SessionTrackerImpl - Checking session 0x100005a3a740000
22:35:10.620 [main-SendThread(127.0.0.1:46559)] DEBUG org.apache.zookeeper.ClientCnxn - Reading reply session id: 0x100005a3a740000, packet:: clientPath:/base/path/1/a serverPath:/base/path/1/a finished:false header:: 23,4  replyHeader:: 23,7,0  request:: '/base/path/1/a,F  response:: #3132372e302e312e31,s{7,7,1693755310606,1693755310606,0,0,0,0,9,0,7} 
22:35:10.621 [SyncThread:0] DEBUG org.apache.zookeeper.server.FinalRequestProcessor - Processing request:: sessionid:0x100005a3a740000 type:create2 cxid:0x18 zxid:0x8 txntype:15 reqpath:/base/path/2/a
22:35:10.622 [SyncThread:0] DEBUG org.apache.zookeeper.common.PathTrie - base
22:35:10.622 [SyncThread:0] DEBUG org.apache.zookeeper.server.DataTree - Digests are matching for Zxid: 8, Digest in log and actual tree: 22637759724
22:35:10.622 [SyncThread:0] DEBUG org.apache.zookeeper.server.FinalRequestProcessor - sessionid:0x100005a3a740000 type:create2 cxid:0x18 zxid:0x8 txntype:15 reqpath:/base/path/2/a
22:35:10.622 [ProcessThread(sid:0 cport:46559):] DEBUG org.apache.zookeeper.server.SessionTrackerImpl - Checking session 0x100005a3a740000
22:35:10.622 [SyncThread:0] DEBUG org.apache.zookeeper.server.FinalRequestProcessor - Processing request:: sessionid:0x100005a3a740000 type:getChildren2 cxid:0x19 zxid:0xfffffffffffffffe txntype:unknown reqpath:/base/path/1
22:35:10.622 [SyncThread:0] DEBUG org.apache.zookeeper.server.FinalRequestProcessor - sessionid:0x100005a3a740000 type:getChildren2 cxid:0x19 zxid:0xfffffffffffffffe txntype:unknown reqpath:/base/path/1
22:35:10.622 [main-SendThread(127.0.0.1:46559)] DEBUG org.apache.zookeeper.ClientCnxn - Got notification session id: 0x100005a3a740000
22:35:10.623 [SyncThread:0] DEBUG org.apache.zookeeper.server.ZooKeeperServer - Permission requested: 1 
22:35:10.623 [main-SendThread(127.0.0.1:46559)] DEBUG org.apache.zookeeper.ClientCnxn - Got WatchedEvent state:SyncConnected type:NodeCreated path:/base/path/2/a zxid: 8 for session id 0x100005a3a740000
22:35:10.623 [SyncThread:0] DEBUG org.apache.zookeeper.server.ZooKeeperServer - ACLs for node: [31,s{'world,'anyone}
]
22:35:10.623 [SyncThread:0] DEBUG org.apache.zookeeper.server.ZooKeeperServer - Client credentials: ['ip,'127.0.0.1
]
22:35:10.624 [SyncThread:0] DEBUG org.apache.zookeeper.server.FinalRequestProcessor - Processing request:: sessionid:0x100005a3a740000 type:getData cxid:0x1a zxid:0xfffffffffffffffe txntype:unknown reqpath:/base/path/1/a
22:35:10.623 [main-SendThread(127.0.0.1:46559)] DEBUG org.apache.zookeeper.ClientCnxn - Reading reply session id: 0x100005a3a740000, packet:: clientPath:null serverPath:null finished:false header:: 24,15  replyHeader:: 24,8,0  request:: '/base/path/2/a,#3132372e302e312e31,v{s{31,s{'world,'anyone}}},0  response:: '/base/path/2/a,s{8,8,1693755310615,1693755310615,0,0,0,0,9,0,8} 
22:35:10.624 [SyncThread:0] DEBUG org.apache.zookeeper.server.FinalRequestProcessor - sessionid:0x100005a3a740000 type:getData cxid:0x1a zxid:0xfffffffffffffffe txntype:unknown reqpath:/base/path/1/a
22:35:10.625 [SyncThread:0] DEBUG org.apache.zookeeper.server.ZooKeeperServer - Permission requested: 1 
22:35:10.625 [SyncThread:0] DEBUG org.apache.zookeeper.server.ZooKeeperServer - ACLs for node: [31,s{'world,'anyone}
]
22:35:10.625 [ProcessThread(sid:0 cport:46559):] DEBUG org.apache.zookeeper.server.SessionTrackerImpl - Checking session 0x100005a3a740000
22:35:10.625 [SyncThread:0] DEBUG org.apache.zookeeper.server.ZooKeeperServer - Client credentials: ['ip,'127.0.0.1
]
22:35:10.624 [main-SendThread(127.0.0.1:46559)] DEBUG org.apache.zookeeper.ClientCnxn - Reading reply session id: 0x100005a3a740000, packet:: clientPath:/base/path/1 serverPath:/base/path/1 finished:false header:: 25,12  replyHeader:: 25,8,0  request:: '/base/path/1,F  response:: v{'a},s{5,5,1693755310589,1693755310589,0,1,0,0,9,1,7} 
22:35:10.626 [SyncThread:0] DEBUG org.apache.zookeeper.server.FinalRequestProcessor - Processing request:: sessionid:0x100005a3a740000 type:getChildren2 cxid:0x1b zxid:0xfffffffffffffffe txntype:unknown reqpath:/base/path/1/a
22:35:10.626 [SyncThread:0] DEBUG org.apache.zookeeper.server.FinalRequestProcessor - sessionid:0x100005a3a740000 type:getChildren2 cxid:0x1b zxid:0xfffffffffffffffe txntype:unknown reqpath:/base/path/1/a
22:35:10.626 [SyncThread:0] DEBUG org.apache.zookeeper.server.ZooKeeperServer - Permission requested: 1 
22:35:10.626 [SyncThread:0] DEBUG org.apache.zookeeper.server.ZooKeeperServer - ACLs for node: [31,s{'world,'anyone}
]
22:35:10.626 [SyncThread:0] DEBUG org.apache.zookeeper.server.ZooKeeperServer - Client credentials: ['ip,'127.0.0.1
]
22:35:10.627 [SyncThread:0] DEBUG org.apache.zookeeper.server.FinalRequestProcessor - Processing request:: sessionid:0x100005a3a740000 type:getData cxid:0x1c zxid:0xfffffffffffffffe txntype:unknown reqpath:/base/path/2/a
22:35:10.627 [main-SendThread(127.0.0.1:46559)] DEBUG org.apache.zookeeper.ClientCnxn - Reading reply session id: 0x100005a3a740000, packet:: clientPath:/base/path/1/a serverPath:/base/path/1/a finished:false header:: 26,4  replyHeader:: 26,8,0  request:: '/base/path/1/a,F  response:: #3132372e302e312e31,s{7,7,1693755310606,1693755310606,0,0,0,0,9,0,7} 
22:35:10.627 [ProcessThread(sid:0 cport:46559):] DEBUG org.apache.zookeeper.server.SessionTrackerImpl - Checking session 0x100005a3a740000
22:35:10.627 [SyncThread:0] DEBUG org.apache.zookeeper.server.FinalRequestProcessor - sessionid:0x100005a3a740000 type:getData cxid:0x1c zxid:0xfffffffffffffffe txntype:unknown reqpath:/base/path/2/a
22:35:10.627 [SyncThread:0] DEBUG org.apache.zookeeper.server.ZooKeeperServer - Permission requested: 1 
22:35:10.627 [SyncThread:0] DEBUG org.apache.zookeeper.server.ZooKeeperServer - ACLs for node: [31,s{'world,'anyone}
]
22:35:10.627 [SyncThread:0] DEBUG org.apache.zookeeper.server.ZooKeeperServer - Client credentials: ['ip,'127.0.0.1
]
22:35:10.627 [main-SendThread(127.0.0.1:46559)] DEBUG org.apache.zookeeper.ClientCnxn - Reading reply session id: 0x100005a3a740000, packet:: clientPath:/base/path/1/a serverPath:/base/path/1/a finished:false header:: 27,12  replyHeader:: 27,8,0  request:: '/base/path/1/a,F  response:: v{},s{7,7,1693755310606,1693755310606,0,0,0,0,9,0,7} 
22:35:10.628 [SyncThread:0] DEBUG org.apache.zookeeper.server.FinalRequestProcessor - Processing request:: sessionid:0x100005a3a740000 type:getData cxid:0x1d zxid:0xfffffffffffffffe txntype:unknown reqpath:/base/path/1/a
22:35:10.628 [SyncThread:0] DEBUG org.apache.zookeeper.server.FinalRequestProcessor - sessionid:0x100005a3a740000 type:getData cxid:0x1d zxid:0xfffffffffffffffe txntype:unknown reqpath:/base/path/1/a
22:35:10.628 [SyncThread:0] DEBUG org.apache.zookeeper.server.ZooKeeperServer - Permission requested: 1 
22:35:10.628 [SyncThread:0] DEBUG org.apache.zookeeper.server.ZooKeeperServer - ACLs for node: [31,s{'world,'anyone}
]
22:35:10.628 [SyncThread:0] DEBUG org.apache.zookeeper.server.ZooKeeperServer - Client credentials: ['ip,'127.0.0.1
]
22:35:10.629 [main-SendThread(127.0.0.1:46559)] DEBUG org.apache.zookeeper.ClientCnxn - Reading reply session id: 0x100005a3a740000, packet:: clientPath:/base/path/2/a serverPath:/base/path/2/a finished:false header:: 28,4  replyHeader:: 28,8,0  request:: '/base/path/2/a,F  response:: #3132372e302e312e31,s{8,8,1693755310615,1693755310615,0,0,0,0,9,0,8} 
22:35:10.631 [main-SendThread(127.0.0.1:46559)] DEBUG org.apache.zookeeper.ClientCnxn - Reading reply session id: 0x100005a3a740000, packet:: clientPath:/base/path/1/a serverPath:/base/path/1/a finished:false header:: 29,4  replyHeader:: 29,8,0  request:: '/base/path/1/a,F  response:: #3132372e302e312e31,s{7,7,1693755310606,1693755310606,0,0,0,0,9,0,7} 
22:35:10.633 [main] DEBUG org.apache.curator.framework.imps.CuratorFrameworkImpl - Closing
22:35:10.633 [ProcessThread(sid:0 cport:46559):] DEBUG org.apache.zookeeper.server.SessionTrackerImpl - Checking session 0x100005a3a740000
22:35:10.633 [ProcessThread(sid:0 cport:46559):] DEBUG org.apache.zookeeper.server.SessionTrackerImpl - Checking session 0x100005a3a740000
22:35:10.633 [SyncThread:0] DEBUG org.apache.zookeeper.server.FinalRequestProcessor - Processing request:: sessionid:0x100005a3a740000 type:getChildren2 cxid:0x1e zxid:0xfffffffffffffffe txntype:unknown reqpath:/base/path/2/a
22:35:10.634 [SyncThread:0] DEBUG org.apache.zookeeper.server.FinalRequestProcessor - sessionid:0x100005a3a740000 type:getChildren2 cxid:0x1e zxid:0xfffffffffffffffe txntype:unknown reqpath:/base/path/2/a
22:35:10.634 [SyncThread:0] DEBUG org.apache.zookeeper.server.ZooKeeperServer - Permission requested: 1 
22:35:10.634 [Curator-Framework-0] INFO org.apache.curator.framework.imps.CuratorFrameworkImpl - backgroundOperationsLoop exiting
22:35:10.634 [SyncThread:0] DEBUG org.apache.zookeeper.server.ZooKeeperServer - ACLs for node: [31,s{'world,'anyone}
]
22:35:10.634 [SyncThread:0] DEBUG org.apache.zookeeper.server.ZooKeeperServer - Client credentials: ['ip,'127.0.0.1
]
22:35:10.635 [SyncThread:0] DEBUG org.apache.zookeeper.server.FinalRequestProcessor - Processing request:: sessionid:0x100005a3a740000 type:checkWatches cxid:0x1f zxid:0xfffffffffffffffe txntype:unknown reqpath:/base/path
22:35:10.635 [SyncThread:0] DEBUG org.apache.zookeeper.server.FinalRequestProcessor - sessionid:0x100005a3a740000 type:checkWatches cxid:0x1f zxid:0xfffffffffffffffe txntype:unknown reqpath:/base/path
22:35:10.635 [main-SendThread(127.0.0.1:46559)] DEBUG org.apache.zookeeper.ClientCnxn - Reading reply session id: 0x100005a3a740000, packet:: clientPath:/base/path/2/a serverPath:/base/path/2/a finished:false header:: 30,12  replyHeader:: 30,8,0  request:: '/base/path/2/a,F  response:: v{},s{8,8,1693755310615,1693755310615,0,0,0,0,9,0,8} 
22:35:10.637 [main-SendThread(127.0.0.1:46559)] DEBUG org.apache.zookeeper.ClientCnxn - Reading reply session id: 0x100005a3a740000, packet:: clientPath:/base/path serverPath:/base/path finished:false header:: 31,17  replyHeader:: 31,8,0  request:: '/base/path,3  response:: null
22:35:10.637 [main] DEBUG org.apache.curator.framework.imps.WatcherRemovalManager - Removing watcher for path: /zookeeper/config
22:35:10.638 [main] DEBUG org.apache.curator.CuratorZookeeperClient - Closing, waitForShutdownTimeoutMs 0
22:35:10.638 [main] DEBUG org.apache.curator.ConnectionState - Closing
22:35:10.638 [ProcessThread(sid:0 cport:46559):] DEBUG org.apache.zookeeper.server.SessionTrackerImpl - Checking session 0x100005a3a740000
22:35:10.638 [SyncThread:0] DEBUG org.apache.zookeeper.server.FinalRequestProcessor - Processing request:: sessionid:0x100005a3a740000 type:checkWatches cxid:0x20 zxid:0xfffffffffffffffe txntype:unknown reqpath:/zookeeper/config
22:35:10.639 [SyncThread:0] DEBUG org.apache.zookeeper.server.FinalRequestProcessor - sessionid:0x100005a3a740000 type:checkWatches cxid:0x20 zxid:0xfffffffffffffffe txntype:unknown reqpath:/zookeeper/config
22:35:10.640 [main] DEBUG org.apache.zookeeper.ZooKeeper - Closing session: 0x100005a3a740000
22:35:10.639 [main-SendThread(127.0.0.1:46559)] DEBUG org.apache.zookeeper.ClientCnxn - Reading reply session id: 0x100005a3a740000, packet:: clientPath:/zookeeper/config serverPath:/zookeeper/config finished:false header:: 32,17  replyHeader:: 32,8,0  request:: '/zookeeper/config,3  response:: null
22:35:10.640 [main] DEBUG org.apache.zookeeper.ClientCnxn - Closing client for session: 0x100005a3a740000
22:35:10.641 [ProcessThread(sid:0 cport:46559):] DEBUG org.apache.zookeeper.server.PrepRequestProcessor - Digest got from data tree is: 22637759724
22:35:10.644 [SyncThread:0] DEBUG org.apache.zookeeper.server.FinalRequestProcessor - Processing request:: sessionid:0x100005a3a740000 type:closeSession cxid:0x21 zxid:0x9 txntype:-11 reqpath:n/a
22:35:10.644 [SyncThread:0] DEBUG org.apache.zookeeper.server.SessionTrackerImpl - Removing session 0x100005a3a740000
22:35:10.644 [SyncThread:0] DEBUG org.apache.zookeeper.server.DataTree - Digests are matching for Zxid: 9, Digest in log and actual tree: 22637759724
22:35:10.644 [SyncThread:0] DEBUG org.apache.zookeeper.server.FinalRequestProcessor - sessionid:0x100005a3a740000 type:closeSession cxid:0x21 zxid:0x9 txntype:-11 reqpath:n/a
22:35:10.645 [main-SendThread(127.0.0.1:46559)] DEBUG org.apache.zookeeper.ClientCnxn - Reading reply session id: 0x100005a3a740000, packet:: clientPath:null serverPath:null finished:false header:: 33,-11  replyHeader:: 33,9,0  request:: null response:: null
22:35:10.645 [NIOWorkerThread-3] DEBUG org.apache.zookeeper.server.NIOServerCnxn - Closed socket connection for client /127.0.0.1:58170 which had sessionid 0x100005a3a740000
22:35:10.646 [main] DEBUG org.apache.zookeeper.ClientCnxn - Disconnecting client for session: 0x100005a3a740000
22:35:10.648 [main-SendThread(127.0.0.1:46559)] DEBUG org.apache.zookeeper.ClientCnxn - An exception was thrown while closing send thread for session 0x100005a3a740000.
org.apache.zookeeper.ClientCnxn$EndOfStreamException: Unable to read additional data from server sessionid 0x100005a3a740000, likely server has closed socket
	at org.apache.zookeeper.ClientCnxnSocketNIO.doIO(ClientCnxnSocketNIO.java:77)
	at org.apache.zookeeper.ClientCnxnSocketNIO.doTransport(ClientCnxnSocketNIO.java:350)
	at org.apache.zookeeper.ClientCnxn$SendThread.run(ClientCnxn.java:1276)
22:35:10.750 [main] INFO org.apache.zookeeper.ZooKeeper - Session: 0x100005a3a740000 closed
22:35:10.750 [main-EventThread] INFO org.apache.zookeeper.ClientCnxn - EventThread shut down for session: 0x100005a3a740000
22:35:10.751 [ConnnectionExpirer] INFO org.apache.zookeeper.server.NIOServerCnxnFactory - ConnnectionExpirerThread interrupted
22:35:10.752 [NIOServerCxnFactory.SelectorThread-0] INFO org.apache.zookeeper.server.NIOServerCnxnFactory - selector thread exitted run method
22:35:10.753 [NIOServerCxnFactory.AcceptThread:0.0.0.0/0.0.0.0:46559] INFO org.apache.zookeeper.server.NIOServerCnxnFactory - accept thread exitted run method
22:35:10.753 [NIOServerCxnFactory.SelectorThread-1] INFO org.apache.zookeeper.server.NIOServerCnxnFactory - selector thread exitted run method
22:35:10.753 [Thread-1] INFO org.apache.zookeeper.server.ZooKeeperServer - shutting down
22:35:10.753 [Thread-1] INFO org.apache.zookeeper.server.RequestThrottler - Shutting down
22:35:10.754 [RequestThrottler] INFO org.apache.zookeeper.server.RequestThrottler - Draining request throttler queue
22:35:10.754 [RequestThrottler] INFO org.apache.zookeeper.server.RequestThrottler - RequestThrottler shutdown. Dropped 0 requests
22:35:10.754 [Thread-1] INFO org.apache.zookeeper.server.SessionTrackerImpl - Shutting down
22:35:10.754 [Thread-1] INFO org.apache.zookeeper.server.PrepRequestProcessor - Shutting down
22:35:10.754 [Thread-1] INFO org.apache.zookeeper.server.SyncRequestProcessor - Shutting down
22:35:10.754 [ProcessThread(sid:0 cport:46559):] INFO org.apache.zookeeper.server.PrepRequestProcessor - PrepRequestProcessor exited loop!
22:35:10.755 [SyncThread:0] INFO org.apache.zookeeper.server.SyncRequestProcessor - SyncRequestProcessor exited!
22:35:10.755 [Thread-1] INFO org.apache.zookeeper.server.FinalRequestProcessor - shutdown of request processor complete
22:35:10.756 [Thread-1] DEBUG org.apache.zookeeper.server.persistence.FileTxnLog - Created new input stream: /tmp/1693755310153-0/version-2/log.1
22:35:10.757 [Thread-1] DEBUG org.apache.zookeeper.server.persistence.FileTxnLog - Created new input archive: /tmp/1693755310153-0/version-2/log.1
22:35:10.759 [Thread-1] DEBUG org.apache.zookeeper.server.persistence.FileTxnLog - EOF exception
java.io.EOFException: Failed to read /tmp/1693755310153-0/version-2/log.1
	at org.apache.zookeeper.server.persistence.FileTxnLog$FileTxnIterator.next(FileTxnLog.java:771)
	at org.apache.zookeeper.server.persistence.FileTxnLog$FileTxnIterator.<init>(FileTxnLog.java:650)
	at org.apache.zookeeper.server.persistence.FileTxnLog.read(FileTxnLog.java:466)
	at org.apache.zookeeper.server.persistence.FileTxnLog.read(FileTxnLog.java:453)
	at org.apache.zookeeper.server.persistence.FileTxnSnapLog.fastForwardFromEdits(FileTxnSnapLog.java:330)
	at org.apache.zookeeper.server.ZKDatabase.fastForwardDataBase(ZKDatabase.java:303)
	at org.apache.zookeeper.server.ZooKeeperServer.shutdown(ZooKeeperServer.java:980)
	at org.apache.zookeeper.server.ZooKeeperServer.shutdown(ZooKeeperServer.java:928)
	at org.apache.curator.test.TestingZooKeeperMain.internalRunFromConfig(TestingZooKeeperMain.java:258)
	at org.apache.curator.test.TestingZooKeeperMain.runFromConfig(TestingZooKeeperMain.java:132)
	at org.apache.curator.test.TestingZooKeeperServer$1.run(TestingZooKeeperServer.java:158)
	at java.base/java.lang.Thread.run(Thread.java:833)
22:35:10.760 [main] DEBUG org.apache.zookeeper.server.ZooKeeperServer - ZooKeeper server is not running, so not proceeding to shutdown!
22:35:10.760 [main] DEBUG org.apache.zookeeper.server.ZooKeeperServer - ZooKeeper server is not running, so not proceeding to shutdown!
22:35:10.780 [main] ERROR org.wasabi.logger.WasabiListener5 - [wasabi] testBasicUsageOfApisAndRecipes() is finished
22:35:10.781 [main] ERROR org.wasabi.logger.WasabiListener5 - [WASABIEND]
]]></system-out>
  </testcase>
  <testcase name="testBasicUsageOfApisAndRecipesInCluster" classname="org.apache.zookeeper.compatibility.TestApacheCuratorCompatibility" time="0.654">
    <system-out><![CDATA[22:35:10.787 [main] ERROR org.wasabi.logger.WasabiListener5 - [WASABISTART]
22:35:10.787 [main] ERROR org.wasabi.logger.WasabiListener5 - [wasabi] testBasicUsageOfApisAndRecipesInCluster() is started
22:35:10.824 [Thread-3] INFO org.apache.zookeeper.server.quorum.QuorumPeerConfig - clientPortAddress is 0.0.0.0:37453
22:35:10.824 [Thread-3] INFO org.apache.zookeeper.server.quorum.QuorumPeerConfig - secureClientPort is not set
22:35:10.824 [Thread-3] INFO org.apache.zookeeper.server.quorum.QuorumPeerConfig - observerMasterPort is not set
22:35:10.824 [Thread-3] INFO org.apache.zookeeper.server.quorum.QuorumPeerConfig - metricsProvider.className is org.apache.zookeeper.metrics.impl.DefaultMetricsProvider
22:35:10.831 [Thread-3] INFO org.apache.zookeeper.jmx.ManagedUtil - Log4j 1.2 jmx support is disabled by property.
22:35:10.831 [Thread-3] INFO org.apache.zookeeper.server.quorum.QuorumPeerMain - Starting quorum peer, myid=1
22:35:10.832 [Thread-3] INFO org.apache.zookeeper.server.ServerMetrics - ServerMetrics initialized with provider org.apache.zookeeper.metrics.impl.DefaultMetricsProvider@215b0b38
22:35:10.836 [Thread-3] INFO org.apache.zookeeper.server.auth.DigestAuthenticationProvider - ACL digest algorithm is: SHA1
22:35:10.837 [Thread-3] INFO org.apache.zookeeper.server.auth.DigestAuthenticationProvider - zookeeper.DigestAuthenticationProvider.enabled = true
22:35:10.837 [Thread-3] INFO org.apache.zookeeper.server.ServerCnxnFactory - Using org.apache.zookeeper.server.NIOServerCnxnFactory as server connection factory
22:35:10.837 [Thread-3] WARN org.apache.zookeeper.server.ServerCnxnFactory - maxCnxns is not configured, using default value 0.
22:35:10.837 [Thread-3] INFO org.apache.zookeeper.server.NIOServerCnxnFactory - Configuring NIO connection handler with 10s sessionless connection timeout, 2 selector thread(s), 16 worker threads, and 64 kB direct buffers.
22:35:10.838 [Thread-3] INFO org.apache.zookeeper.server.NIOServerCnxnFactory - binding to port /127.0.0.1:37453
22:35:10.842 [Thread-3] INFO org.apache.zookeeper.server.quorum.QuorumPeer - zookeeper.quorumCnxnTimeoutMs=-1
22:35:10.845 [Thread-3] WARN org.apache.zookeeper.server.admin.AdminServerFactory - Unable to load jetty, not starting JettyAdminServer
java.lang.NoClassDefFoundError: org/eclipse/jetty/server/HttpConfiguration$Customizer
	at java.base/java.lang.Class.forName0(Native Method)
	at java.base/java.lang.Class.forName(Class.java:375)
	at org.apache.zookeeper.server.admin.AdminServerFactory.createAdminServer(AdminServerFactory.java:43)
	at org.apache.zookeeper.server.quorum.QuorumPeer.<init>(QuorumPeer.java:1073)
	at org.apache.zookeeper.server.quorum.QuorumPeerMain.getQuorumPeer(QuorumPeerMain.java:246)
	at org.apache.zookeeper.server.quorum.QuorumPeerMain.runFromConfig(QuorumPeerMain.java:177)
	at org.apache.curator.test.TestingZooKeeperServer$1.run(TestingZooKeeperServer.java:158)
	at java.base/java.lang.Thread.run(Thread.java:833)
Caused by: java.lang.ClassNotFoundException: org.eclipse.jetty.server.HttpConfiguration$Customizer
	at java.base/jdk.internal.loader.BuiltinClassLoader.loadClass(BuiltinClassLoader.java:641)
	at java.base/jdk.internal.loader.ClassLoaders$AppClassLoader.loadClass(ClassLoaders.java:188)
	at java.base/java.lang.ClassLoader.loadClass(ClassLoader.java:520)
	... 8 common frames omitted
22:35:10.846 [Thread-3] DEBUG org.apache.zookeeper.server.persistence.FileTxnSnapLog - Opening datadir:/tmp/1693755310792-0 snapDir:/tmp/1693755310792-0
22:35:10.846 [Thread-3] INFO org.apache.zookeeper.server.persistence.FileTxnSnapLog - zookeeper.snapshot.trust.empty : false
22:35:10.847 [Thread-3] INFO org.apache.zookeeper.server.quorum.QuorumPeer - Local sessions disabled
22:35:10.847 [Thread-3] INFO org.apache.zookeeper.server.quorum.QuorumPeer - Local session upgrading disabled
[...]
22:35:11.432 [main] DEBUG org.apache.zookeeper.server.quorum.QuorumCnxManager - Closing listener: 2
22:35:11.432 [main] DEBUG org.apache.zookeeper.server.quorum.QuorumCnxManager - Trying to close listeners: ServerSocket[addr=/127.0.0.1,localport=34483]
22:35:11.432 [QuorumPeerListener] INFO org.apache.zookeeper.server.quorum.QuorumCnxManager - Leaving listener
22:35:11.432 [main] DEBUG org.apache.zookeeper.server.quorum.QuorumCnxManager - Server 2 is soft-halting sender towards: Thread[SendWorker:3,5,main]
22:35:11.432 [main] DEBUG org.apache.zookeeper.server.quorum.QuorumCnxManager - Calling SendWorker.finish for 3
22:35:11.432 [main] DEBUG org.apache.zookeeper.server.quorum.QuorumCnxManager - RecvWorker.finish called. sid: 3. myId: 2
22:35:11.432 [main] DEBUG org.apache.zookeeper.server.quorum.QuorumCnxManager - Removing entry from senderWorkerMap sid=3
22:35:11.432 [main] DEBUG org.apache.zookeeper.server.quorum.FastLeaderElection - Shutting down messenger
22:35:11.432 [RecvWorker:2] WARN org.apache.zookeeper.server.quorum.QuorumCnxManager - Connection broken for id 2, my id = 3
java.io.EOFException: null
	at java.base/java.io.DataInputStream.readInt(DataInputStream.java:398)
	at org.apache.zookeeper.server.quorum.QuorumCnxManager$RecvWorker.run(QuorumCnxManager.java:1391)
22:35:11.433 [main] DEBUG org.apache.zookeeper.server.quorum.FastLeaderElection - FLE is down
22:35:11.433 [RecvWorker:3] WARN org.apache.zookeeper.server.quorum.QuorumCnxManager - Connection broken for id 3, my id = 2
java.net.SocketException: Socket closed
	at java.base/sun.nio.ch.NioSocketImpl.endRead(NioSocketImpl.java:248)
	at java.base/sun.nio.ch.NioSocketImpl.implRead(NioSocketImpl.java:327)
	at java.base/sun.nio.ch.NioSocketImpl.read(NioSocketImpl.java:350)
	at java.base/sun.nio.ch.NioSocketImpl$1.read(NioSocketImpl.java:803)
	at java.base/java.net.Socket$SocketInputStream.read(Socket.java:966)
	at java.base/java.io.BufferedInputStream.fill(BufferedInputStream.java:244)
	at java.base/java.io.BufferedInputStream.read(BufferedInputStream.java:263)
	at java.base/java.io.DataInputStream.readInt(DataInputStream.java:393)
	at org.apache.zookeeper.server.quorum.QuorumCnxManager$RecvWorker.run(QuorumCnxManager.java:1391)
22:35:11.433 [RecvWorker:3] WARN org.apache.zookeeper.server.quorum.QuorumCnxManager - Interrupting SendWorker thread from RecvWorker. sid: 3. myId: 2
22:35:11.433 [SendWorker:3] WARN org.apache.zookeeper.server.quorum.QuorumCnxManager - Interrupted while waiting for message on queue
java.lang.InterruptedException: null
	at java.base/java.util.concurrent.locks.AbstractQueuedSynchronizer$ConditionObject.awaitNanos(AbstractQueuedSynchronizer.java:1679)
	at org.apache.zookeeper.util.CircularBlockingQueue.poll(CircularBlockingQueue.java:105)
	at org.apache.zookeeper.server.quorum.QuorumCnxManager.pollSendQueue(QuorumCnxManager.java:1454)
	at org.apache.zookeeper.server.quorum.QuorumCnxManager.access$900(QuorumCnxManager.java:99)
	at org.apache.zookeeper.server.quorum.QuorumCnxManager$SendWorker.run(QuorumCnxManager.java:1278)
22:35:11.433 [RecvWorker:2] WARN org.apache.zookeeper.server.quorum.QuorumCnxManager - Interrupting SendWorker thread from RecvWorker. sid: 2. myId: 3
22:35:11.433 [RecvWorker:3] DEBUG org.apache.zookeeper.server.quorum.QuorumCnxManager - Calling SendWorker.finish for 3
22:35:11.433 [RecvWorker:2] DEBUG org.apache.zookeeper.server.quorum.QuorumCnxManager - Calling SendWorker.finish for 2
22:35:11.433 [SendWorker:3] DEBUG org.apache.zookeeper.server.quorum.QuorumCnxManager - Calling SendWorker.finish for 3
22:35:11.433 [SendWorker:3] WARN org.apache.zookeeper.server.quorum.QuorumCnxManager - Send worker leaving thread id 3 my id = 2
22:35:11.433 [RecvWorker:2] DEBUG org.apache.zookeeper.server.quorum.QuorumCnxManager - RecvWorker.finish called. sid: 2. myId: 3
22:35:11.433 [RecvWorker:2] DEBUG org.apache.zookeeper.server.quorum.QuorumCnxManager - Removing entry from senderWorkerMap sid=2
22:35:11.433 [SendWorker:2] WARN org.apache.zookeeper.server.quorum.QuorumCnxManager - Interrupted while waiting for message on queue
java.lang.InterruptedException: null
	at java.base/java.util.concurrent.locks.AbstractQueuedSynchronizer$ConditionObject.awaitNanos(AbstractQueuedSynchronizer.java:1679)
	at org.apache.zookeeper.util.CircularBlockingQueue.poll(CircularBlockingQueue.java:105)
	at org.apache.zookeeper.server.quorum.QuorumCnxManager.pollSendQueue(QuorumCnxManager.java:1454)
	at org.apache.zookeeper.server.quorum.QuorumCnxManager.access$900(QuorumCnxManager.java:99)
	at org.apache.zookeeper.server.quorum.QuorumCnxManager$SendWorker.run(QuorumCnxManager.java:1278)
22:35:11.433 [SendWorker:2] DEBUG org.apache.zookeeper.server.quorum.QuorumCnxManager - Calling SendWorker.finish for 2
22:35:11.433 [SendWorker:2] WARN org.apache.zookeeper.server.quorum.QuorumCnxManager - Send worker leaving thread id 2 my id = 3
22:35:11.433 [main] INFO org.apache.zookeeper.server.quorum.Leader - Shutting down
22:35:11.433 [main] INFO org.apache.zookeeper.server.quorum.Leader - Shutdown called. For the reason quorum Peer shutdown
22:35:11.434 [main] INFO org.apache.zookeeper.server.ZooKeeperServer - shutting down
22:35:11.434 [main] INFO org.apache.zookeeper.server.RequestThrottler - Shutting down
22:35:11.434 [RequestThrottler] INFO org.apache.zookeeper.server.RequestThrottler - Draining request throttler queue
22:35:11.434 [LearnerCnxAcceptorHandler-/127.0.0.1:41609] WARN org.apache.zookeeper.server.quorum.Leader - Exception while shutting down acceptor.
java.net.SocketException: Socket closed
	at java.base/sun.nio.ch.NioSocketImpl.endAccept(NioSocketImpl.java:689)
	at java.base/sun.nio.ch.NioSocketImpl.accept(NioSocketImpl.java:762)
	at java.base/java.net.ServerSocket.implAccept(ServerSocket.java:675)
	at java.base/java.net.ServerSocket.platformImplAccept(ServerSocket.java:641)
	at java.base/java.net.ServerSocket.implAccept(ServerSocket.java:617)
	at java.base/java.net.ServerSocket.implAccept(ServerSocket.java:574)
	at java.base/java.net.ServerSocket.accept(ServerSocket.java:532)
	at org.apache.zookeeper.server.quorum.Leader$LearnerCnxAcceptor$LearnerCnxAcceptorHandler.acceptConnections(Leader.java:516)
	at org.apache.zookeeper.server.quorum.Leader$LearnerCnxAcceptor$LearnerCnxAcceptorHandler.run(Leader.java:499)
	at java.base/java.util.concurrent.Executors$RunnableAdapter.call(Executors.java:539)
	at java.base/java.util.concurrent.FutureTask.run(FutureTask.java:264)
	at java.base/java.util.concurrent.ThreadPoolExecutor.runWorker(ThreadPoolExecutor.java:1136)
	at java.base/java.util.concurrent.ThreadPoolExecutor$Worker.run(ThreadPoolExecutor.java:635)
	at java.base/java.lang.Thread.run(Thread.java:833)
22:35:11.434 [RequestThrottler] INFO org.apache.zookeeper.server.RequestThrottler - RequestThrottler shutdown. Dropped 0 requests
22:35:11.435 [main] INFO org.apache.zookeeper.server.SessionTrackerImpl - Shutting down
22:35:11.435 [main] INFO org.apache.zookeeper.server.quorum.LeaderRequestProcessor - Shutting down
22:35:11.435 [main] INFO org.apache.zookeeper.server.PrepRequestProcessor - Shutting down
22:35:11.435 [main] INFO org.apache.zookeeper.server.quorum.ProposalRequestProcessor - Shutting down
22:35:11.435 [main] INFO org.apache.zookeeper.server.quorum.CommitProcessor - Shutting down
22:35:11.435 [CommitProcessor:3] INFO org.apache.zookeeper.server.quorum.CommitProcessor - CommitProcessor exited loop!
22:35:11.435 [ProcessThread(sid:3 cport:-1):] INFO org.apache.zookeeper.server.PrepRequestProcessor - PrepRequestProcessor exited loop!
22:35:11.435 [main] INFO org.apache.zookeeper.server.quorum.Leader - Shutting down
22:35:11.435 [main] INFO org.apache.zookeeper.server.FinalRequestProcessor - shutdown of request processor complete
22:35:11.435 [main] INFO org.apache.zookeeper.server.SyncRequestProcessor - Shutting down
22:35:11.435 [SyncThread:3] INFO org.apache.zookeeper.server.SyncRequestProcessor - SyncRequestProcessor exited!
22:35:11.435 [main] DEBUG org.apache.zookeeper.server.persistence.FileTxnLog - Created new input stream: /tmp/1693755310793-1/version-2/log.100000001
22:35:11.436 [main] DEBUG org.apache.zookeeper.server.persistence.FileTxnLog - Created new input archive: /tmp/1693755310793-1/version-2/log.100000001
22:35:11.436 [main] DEBUG org.apache.zookeeper.server.persistence.FileTxnLog - EOF exception
java.io.EOFException: Failed to read /tmp/1693755310793-1/version-2/log.100000001
	at org.apache.zookeeper.server.persistence.FileTxnLog$FileTxnIterator.next(FileTxnLog.java:771)
	at org.apache.zookeeper.server.persistence.FileTxnLog$FileTxnIterator.<init>(FileTxnLog.java:650)
	at org.apache.zookeeper.server.persistence.FileTxnLog.read(FileTxnLog.java:466)
	at org.apache.zookeeper.server.persistence.FileTxnLog.read(FileTxnLog.java:453)
	at org.apache.zookeeper.server.persistence.FileTxnSnapLog.fastForwardFromEdits(FileTxnSnapLog.java:330)
	at org.apache.zookeeper.server.ZKDatabase.fastForwardDataBase(ZKDatabase.java:303)
	at org.apache.zookeeper.server.ZooKeeperServer.shutdown(ZooKeeperServer.java:980)
	at org.apache.zookeeper.server.ZooKeeperServer.shutdown(ZooKeeperServer.java:928)
	at org.apache.zookeeper.server.quorum.LeaderZooKeeperServer.shutdown(LeaderZooKeeperServer.java:162)
	at org.apache.zookeeper.server.quorum.Leader.shutdown(Leader.java:832)
	at org.apache.zookeeper.server.quorum.QuorumPeer.shutdown(QuorumPeer.java:1626)
	at org.apache.curator.test.TestingQuorumPeerMain.close(TestingQuorumPeerMain.java:68)
	at org.apache.curator.test.TestingZooKeeperServer.stop(TestingZooKeeperServer.java:118)
	at org.apache.curator.test.TestingZooKeeperServer.close(TestingZooKeeperServer.java:130)
	at org.apache.curator.test.TestingCluster.close(TestingCluster.java:175)
	at org.apache.zookeeper.compatibility.TestApacheCuratorCompatibility.testBasicUsageOfApisAndRecipesInCluster(TestApacheCuratorCompatibility.java:53)
	at java.base/jdk.internal.reflect.NativeMethodAccessorImpl.invoke0(Native Method)
	at java.base/jdk.internal.reflect.NativeMethodAccessorImpl.invoke(NativeMethodAccessorImpl.java:77)
	at java.base/jdk.internal.reflect.DelegatingMethodAccessorImpl.invoke(DelegatingMethodAccessorImpl.java:43)
	at java.base/java.lang.reflect.Method.invoke(Method.java:568)
	at org.junit.platform.commons.util.ReflectionUtils.invokeMethod(ReflectionUtils.java:688)
	at org.junit.jupiter.engine.execution.MethodInvocation.proceed(MethodInvocation.java:60)
	at org.junit.jupiter.engine.execution.InvocationInterceptorChain$ValidatingInvocation.proceed(InvocationInterceptorChain.java:131)
	at org.junit.jupiter.engine.extension.TimeoutExtension.intercept(TimeoutExtension.java:149)
	at org.junit.jupiter.engine.extension.TimeoutExtension.interceptTestableMethod(TimeoutExtension.java:140)
	at org.junit.jupiter.engine.extension.TimeoutExtension.interceptTestMethod(TimeoutExtension.java:84)
	at org.junit.jupiter.engine.execution.ExecutableInvoker$ReflectiveInterceptorCall.lambda$ofVoidMethod$0(ExecutableInvoker.java:115)
	at org.junit.jupiter.engine.execution.ExecutableInvoker.lambda$invoke$0(ExecutableInvoker.java:105)
	at org.junit.jupiter.engine.execution.InvocationInterceptorChain$InterceptedInvocation.proceed(InvocationInterceptorChain.java:106)
	at org.junit.jupiter.engine.execution.InvocationInterceptorChain.proceed(InvocationInterceptorChain.java:64)
	at org.junit.jupiter.engine.execution.InvocationInterceptorChain.chainAndInvoke(InvocationInterceptorChain.java:45)
	at org.junit.jupiter.engine.execution.InvocationInterceptorChain.invoke(InvocationInterceptorChain.java:37)
	at org.junit.jupiter.engine.execution.ExecutableInvoker.invoke(ExecutableInvoker.java:104)
	at org.junit.jupiter.engine.execution.ExecutableInvoker.invoke(ExecutableInvoker.java:98)
	at org.junit.jupiter.engine.descriptor.TestMethodTestDescriptor.lambda$invokeTestMethod$6(TestMethodTestDescriptor.java:210)
	at org.junit.platform.engine.support.hierarchical.ThrowableCollector.execute(ThrowableCollector.java:73)
	at org.junit.jupiter.engine.descriptor.TestMethodTestDescriptor.invokeTestMethod(TestMethodTestDescriptor.java:206)
	at org.junit.jupiter.engine.descriptor.TestMethodTestDescriptor.execute(TestMethodTestDescriptor.java:131)
	at org.junit.jupiter.engine.descriptor.TestMethodTestDescriptor.execute(TestMethodTestDescriptor.java:65)
	at org.junit.platform.engine.support.hierarchical.NodeTestTask.lambda$executeRecursively$5(NodeTestTask.java:139)
	at org.junit.platform.engine.support.hierarchical.ThrowableCollector.execute(ThrowableCollector.java:73)
	at org.junit.platform.engine.support.hierarchical.NodeTestTask.lambda$executeRecursively$7(NodeTestTask.java:129)
	at org.junit.platform.engine.support.hierarchical.Node.around(Node.java:137)
	at org.junit.platform.engine.support.hierarchical.NodeTestTask.lambda$executeRecursively$8(NodeTestTask.java:127)
	at org.junit.platform.engine.support.hierarchical.ThrowableCollector.execute(ThrowableCollector.java:73)
	at org.junit.platform.engine.support.hierarchical.NodeTestTask.executeRecursively(NodeTestTask.java:126)
	at org.junit.platform.engine.support.hierarchical.NodeTestTask.execute(NodeTestTask.java:84)
	at java.base/java.util.ArrayList.forEach(ArrayList.java:1511)
	at org.junit.platform.engine.support.hierarchical.SameThreadHierarchicalTestExecutorService.invokeAll(SameThreadHierarchicalTestExecutorService.java:38)
	at org.junit.platform.engine.support.hierarchical.NodeTestTask.lambda$executeRecursively$5(NodeTestTask.java:143)
	at org.junit.platform.engine.support.hierarchical.ThrowableCollector.execute(ThrowableCollector.java:73)
	at org.junit.platform.engine.support.hierarchical.NodeTestTask.lambda$executeRecursively$7(NodeTestTask.java:129)
	at org.junit.platform.engine.support.hierarchical.Node.around(Node.java:137)
	at org.junit.platform.engine.support.hierarchical.NodeTestTask.lambda$executeRecursively$8(NodeTestTask.java:127)
	at org.junit.platform.engine.support.hierarchical.ThrowableCollector.execute(ThrowableCollector.java:73)
	at org.junit.platform.engine.support.hierarchical.NodeTestTask.executeRecursively(NodeTestTask.java:126)
	at org.junit.platform.engine.support.hierarchical.NodeTestTask.execute(NodeTestTask.java:84)
	at java.base/java.util.ArrayList.forEach(ArrayList.java:1511)
	at org.junit.platform.engine.support.hierarchical.SameThreadHierarchicalTestExecutorService.invokeAll(SameThreadHierarchicalTestExecutorService.java:38)
	at org.junit.platform.engine.support.hierarchical.NodeTestTask.lambda$executeRecursively$5(NodeTestTask.java:143)
	at org.junit.platform.engine.support.hierarchical.ThrowableCollector.execute(ThrowableCollector.java:73)
	at org.junit.platform.engine.support.hierarchical.NodeTestTask.lambda$executeRecursively$7(NodeTestTask.java:129)
	at org.junit.platform.engine.support.hierarchical.Node.around(Node.java:137)
	at org.junit.platform.engine.support.hierarchical.NodeTestTask.lambda$executeRecursively$8(NodeTestTask.java:127)
	at org.junit.platform.engine.support.hierarchical.ThrowableCollector.execute(ThrowableCollector.java:73)
	at org.junit.platform.engine.support.hierarchical.NodeTestTask.executeRecursively(NodeTestTask.java:126)
	at org.junit.platform.engine.support.hierarchical.NodeTestTask.execute(NodeTestTask.java:84)
	at org.junit.platform.engine.support.hierarchical.SameThreadHierarchicalTestExecutorService.submit(SameThreadHierarchicalTestExecutorService.java:32)
	at org.junit.platform.engine.support.hierarchical.HierarchicalTestExecutor.execute(HierarchicalTestExecutor.java:57)
	at org.junit.platform.engine.support.hierarchical.HierarchicalTestEngine.execute(HierarchicalTestEngine.java:51)
	at org.junit.platform.launcher.core.EngineExecutionOrchestrator.execute(EngineExecutionOrchestrator.java:107)
	at org.junit.platform.launcher.core.EngineExecutionOrchestrator.execute(EngineExecutionOrchestrator.java:88)
	at org.junit.platform.launcher.core.EngineExecutionOrchestrator.lambda$execute$0(EngineExecutionOrchestrator.java:54)
	at org.junit.platform.launcher.core.EngineExecutionOrchestrator.withInterceptedStreams(EngineExecutionOrchestrator.java:67)
	at org.junit.platform.launcher.core.EngineExecutionOrchestrator.execute(EngineExecutionOrchestrator.java:52)
	at org.junit.platform.launcher.core.DefaultLauncher.execute(DefaultLauncher.java:114)
	at org.junit.platform.launcher.core.DefaultLauncher.execute(DefaultLauncher.java:86)
	at org.junit.platform.launcher.core.DefaultLauncherSession$DelegatingLauncher.execute(DefaultLauncherSession.java:86)
	at org.junit.platform.launcher.core.SessionPerRequestLauncher.execute(SessionPerRequestLauncher.java:53)
	at org.apache.maven.surefire.junitplatform.JUnitPlatformProvider.execute(JUnitPlatformProvider.java:188)
	at org.apache.maven.surefire.junitplatform.JUnitPlatformProvider.invokeAllTests(JUnitPlatformProvider.java:154)
	at org.apache.maven.surefire.junitplatform.JUnitPlatformProvider.invoke(JUnitPlatformProvider.java:128)
	at org.apache.maven.surefire.booter.ForkedBooter.runSuitesInProcess(ForkedBooter.java:428)
	at org.apache.maven.surefire.booter.ForkedBooter.execute(ForkedBooter.java:162)
	at org.apache.maven.surefire.booter.ForkedBooter.run(ForkedBooter.java:562)
	at org.apache.maven.surefire.booter.ForkedBooter.main(ForkedBooter.java:548)
22:35:11.437 [ConnnectionExpirer] INFO org.apache.zookeeper.server.NIOServerCnxnFactory - ConnnectionExpirerThread interrupted
22:35:11.437 [NIOServerCxnFactory.AcceptThread:/127.0.0.1:32941] INFO org.apache.zookeeper.server.NIOServerCnxnFactory - accept thread exitted run method
22:35:11.438 [NIOServerCxnFactory.SelectorThread-0] INFO org.apache.zookeeper.server.NIOServerCnxnFactory - selector thread exitted run method
22:35:11.438 [NIOServerCxnFactory.SelectorThread-1] INFO org.apache.zookeeper.server.NIOServerCnxnFactory - selector thread exitted run method
22:35:11.438 [main] DEBUG org.apache.zookeeper.server.quorum.FastLeaderElection - Shutting down connection manager
22:35:11.438 [main] DEBUG org.apache.zookeeper.server.quorum.QuorumCnxManager - Halting listener
22:35:11.438 [main] DEBUG org.apache.zookeeper.server.quorum.QuorumCnxManager - Halt called: Trying to close listeners
22:35:11.438 [main] DEBUG org.apache.zookeeper.server.quorum.QuorumCnxManager - Closing listener: 3
22:35:11.438 [main] DEBUG org.apache.zookeeper.server.quorum.QuorumCnxManager - Trying to close listeners: ServerSocket[addr=/127.0.0.1,localport=42517]
22:35:11.438 [QuorumPeer[myid=3](plain=127.0.0.1:32941)(secure=disabled)] WARN org.apache.zookeeper.server.quorum.QuorumPeer - Unexpected exception
java.lang.InterruptedException: null
	at java.base/java.lang.Object.wait(Native Method)
	at org.apache.zookeeper.server.quorum.Leader.lead(Leader.java:730)
	at org.apache.zookeeper.server.quorum.QuorumPeer.run(QuorumPeer.java:1569)
22:35:11.438 [QuorumPeer[myid=3](plain=127.0.0.1:32941)(secure=disabled)] INFO org.apache.zookeeper.server.quorum.Leader - Shutting down
22:35:11.438 [QuorumPeer[myid=3](plain=127.0.0.1:32941)(secure=disabled)] INFO org.apache.zookeeper.server.quorum.QuorumPeer - Peer state changed: looking
22:35:11.438 [QuorumPeer[myid=3](plain=127.0.0.1:32941)(secure=disabled)] WARN org.apache.zookeeper.server.quorum.QuorumPeer - PeerState set to LOOKING
22:35:11.438 [QuorumPeer[myid=3](plain=127.0.0.1:32941)(secure=disabled)] WARN org.apache.zookeeper.server.quorum.QuorumPeer - QuorumPeer main thread exited
22:35:11.438 [QuorumPeerListener] INFO org.apache.zookeeper.server.quorum.QuorumCnxManager - Leaving listener
22:35:11.438 [main] DEBUG org.apache.zookeeper.server.quorum.FastLeaderElection - Shutting down messenger
22:35:11.438 [main] DEBUG org.apache.zookeeper.server.quorum.FastLeaderElection - FLE is down
22:35:11.441 [main] ERROR org.wasabi.logger.WasabiListener5 - [wasabi] testBasicUsageOfApisAndRecipesInCluster() is finished
22:35:11.441 [main] ERROR org.wasabi.logger.WasabiListener5 - [WASABIEND]
]]></system-out>
  </testcase>
</testsuite>